TpTrace Verbose: 0 : 21112, 1, 2024/04/29, 22:29:08.024, 376170379424, vstest.console.dll, Version: 17.7.2-release-23423-01 Current process architecture: X64
TpTrace Verbose: 0 : 21112, 1, 2024/04/29, 22:29:08.026, 376170399669, vstest.console.dll, Runtime location: C:\Program Files\dotnet\shared\Microsoft.NETCore.App\7.0.14
TpTrace Verbose: 0 : 21112, 1, 2024/04/29, 22:29:08.028, 376170424037, vstest.console.dll, ArtifactProcessingPostProcessModeProcessorExecutor.Initialize: ArtifactProcessingMode.Collect
TpTrace Verbose: 0 : 21112, 1, 2024/04/29, 22:29:08.028, 376170425250, vstest.console.dll, TestSessionCorrelationIdProcessorModeProcessorExecutor.Initialize: TestSessionCorrelationId '3972_47ca454b-806b-45f3-994f-c833b1777aca'
TpTrace Information: 0 : 21112, 1, 2024/04/29, 22:29:08.038, 376170518820, vstest.console.dll, FilePatternParser: The given file C:\Users\Lenovo\Saitynai\RestLS\RestLS.Tests\bin\Debug\net7.0\fine-code-coverage\build-output\RestLS.Tests.dll is a full path.
TpTrace Verbose: 0 : 21112, 1, 2024/04/29, 22:29:08.043, 376170571528, vstest.console.dll, TestPluginCache.DiscoverTestExtensions: finding test extensions in assemblies ends with: RuntimeProvider.dll TPluginInfo: Microsoft.VisualStudio.TestPlatform.Common.ExtensionFramework.Utilities.TestRuntimePluginInformation TExtension: Microsoft.VisualStudio.TestPlatform.ObjectModel.Host.ITestRuntimeProvider
TpTrace Verbose: 0 : 21112, 1, 2024/04/29, 22:29:08.043, 376170575175, vstest.console.dll, TestPluginCache.GetExtensionPaths: Filtered extension paths: 
TpTrace Verbose: 0 : 21112, 1, 2024/04/29, 22:29:08.043, 376170575958, vstest.console.dll, TestPluginCache.GetExtensionPaths: Added default extension paths: C:\Program Files\dotnet\sdk\7.0.404\Extensions\Microsoft.Diagnostics.NETCore.Client.dll
C:\Program Files\dotnet\sdk\7.0.404\Extensions\Microsoft.TestPlatform.Extensions.BlameDataCollector.dll
C:\Program Files\dotnet\sdk\7.0.404\Extensions\Microsoft.TestPlatform.Extensions.EventLogCollector.dll
C:\Program Files\dotnet\sdk\7.0.404\Extensions\Microsoft.TestPlatform.TestHostRuntimeProvider.dll
C:\Program Files\dotnet\sdk\7.0.404\Extensions\Microsoft.VisualStudio.TestPlatform.Extensions.Html.TestLogger.dll
C:\Program Files\dotnet\sdk\7.0.404\Extensions\Microsoft.VisualStudio.TestPlatform.Extensions.Trx.TestLogger.dll
TpTrace Verbose: 0 : 21112, 1, 2024/04/29, 22:29:08.043, 376170576472, vstest.console.dll, TestPluginCache.GetExtensionPaths: Added unfilterableExtensionPaths: 
TpTrace Information: 0 : 21112, 1, 2024/04/29, 22:29:08.044, 376170582348, vstest.console.dll, AssemblyResolver.ctor: Creating AssemblyResolver with searchDirectories C:\Program Files\dotnet\sdk\7.0.404\Extensions,C:\Program Files\dotnet\sdk\7.0.404
TpTrace Verbose: 0 : 21112, 1, 2024/04/29, 22:29:08.045, 376170593204, vstest.console.dll, TestPluginCache.DiscoverTestExtensions: Discovering the extensions using extension path.
TpTrace Verbose: 0 : 21112, 1, 2024/04/29, 22:29:08.045, 376170594473, vstest.console.dll, TestPluginCache.GetExtensionPaths: Filtered extension paths: 
TpTrace Verbose: 0 : 21112, 1, 2024/04/29, 22:29:08.045, 376170594893, vstest.console.dll, TestPluginCache.GetExtensionPaths: Added default extension paths: C:\Program Files\dotnet\sdk\7.0.404\Extensions\Microsoft.Diagnostics.NETCore.Client.dll
C:\Program Files\dotnet\sdk\7.0.404\Extensions\Microsoft.TestPlatform.Extensions.BlameDataCollector.dll
C:\Program Files\dotnet\sdk\7.0.404\Extensions\Microsoft.TestPlatform.Extensions.EventLogCollector.dll
C:\Program Files\dotnet\sdk\7.0.404\Extensions\Microsoft.TestPlatform.TestHostRuntimeProvider.dll
C:\Program Files\dotnet\sdk\7.0.404\Extensions\Microsoft.VisualStudio.TestPlatform.Extensions.Html.TestLogger.dll
C:\Program Files\dotnet\sdk\7.0.404\Extensions\Microsoft.VisualStudio.TestPlatform.Extensions.Trx.TestLogger.dll
TpTrace Verbose: 0 : 21112, 1, 2024/04/29, 22:29:08.045, 376170595262, vstest.console.dll, TestPluginCache.GetExtensionPaths: Added unfilterableExtensionPaths: 
TpTrace Verbose: 0 : 21112, 1, 2024/04/29, 22:29:08.045, 376170596116, vstest.console.dll, TestPluginCache.DiscoverTestExtensions: Discovering the extensions using allExtensionPaths: C:\Program Files\dotnet\sdk\7.0.404\Extensions\Microsoft.Diagnostics.NETCore.Client.dll
C:\Program Files\dotnet\sdk\7.0.404\Extensions\Microsoft.TestPlatform.Extensions.BlameDataCollector.dll
C:\Program Files\dotnet\sdk\7.0.404\Extensions\Microsoft.TestPlatform.Extensions.EventLogCollector.dll
C:\Program Files\dotnet\sdk\7.0.404\Extensions\Microsoft.TestPlatform.TestHostRuntimeProvider.dll
C:\Program Files\dotnet\sdk\7.0.404\Extensions\Microsoft.VisualStudio.TestPlatform.Extensions.Html.TestLogger.dll
C:\Program Files\dotnet\sdk\7.0.404\Extensions\Microsoft.VisualStudio.TestPlatform.Extensions.Trx.TestLogger.dll
TpTrace Information: 0 : 21112, 1, 2024/04/29, 22:29:08.046, 376170597931, vstest.console.dll, AssemblyResolver.AddSearchDirectories: Adding more searchDirectories C:\Program Files\dotnet\sdk\7.0.404\Extensions,C:\Program Files\dotnet\sdk\7.0.404
TpTrace Information: 0 : 21112, 1, 2024/04/29, 22:29:08.046, 376170598600, vstest.console.dll, AssemblyResolver.AddSearchDirectories: Adding more searchDirectories C:\Program Files\dotnet\sdk\7.0.404\Extensions,C:\Program Files\dotnet\sdk\7.0.404
TpTrace Information: 0 : 21112, 1, 2024/04/29, 22:29:08.046, 376170598979, vstest.console.dll, AssemblyResolver.AddSearchDirectories: Adding more searchDirectories C:\Program Files\dotnet\sdk\7.0.404\Extensions,C:\Program Files\dotnet\sdk\7.0.404
TpTrace Information: 0 : 21112, 1, 2024/04/29, 22:29:08.046, 376170599261, vstest.console.dll, AssemblyResolver.AddSearchDirectories: Adding more searchDirectories C:\Program Files\dotnet\sdk\7.0.404\Extensions,C:\Program Files\dotnet\sdk\7.0.404
TpTrace Information: 0 : 21112, 1, 2024/04/29, 22:29:08.046, 376170599526, vstest.console.dll, AssemblyResolver.AddSearchDirectories: Adding more searchDirectories C:\Program Files\dotnet\sdk\7.0.404\Extensions,C:\Program Files\dotnet\sdk\7.0.404
TpTrace Information: 0 : 21112, 1, 2024/04/29, 22:29:08.046, 376170599786, vstest.console.dll, AssemblyResolver.AddSearchDirectories: Adding more searchDirectories C:\Program Files\dotnet\sdk\7.0.404\Extensions,C:\Program Files\dotnet\sdk\7.0.404
TpTrace Information: 0 : 21112, 1, 2024/04/29, 22:29:08.046, 376170603482, vstest.console.dll, AssemblyResolver.OnResolve: Microsoft.Diagnostics.NETCore.Client: Resolving assembly.
TpTrace Information: 0 : 21112, 1, 2024/04/29, 22:29:08.046, 376170604278, vstest.console.dll, AssemblyResolver.OnResolve: Microsoft.Diagnostics.NETCore.Client: Searching in: 'C:\Program Files\dotnet\sdk\7.0.404\Extensions'.
TpTrace Information: 0 : 21112, 1, 2024/04/29, 22:29:08.053, 376170669946, vstest.console.dll, AssemblyResolver.OnResolve: Microsoft.Diagnostics.NETCore.Client: Loading assembly 'C:\Program Files\dotnet\sdk\7.0.404\Extensions\Microsoft.Diagnostics.NETCore.Client.dll'.
TpTrace Information: 0 : 21112, 1, 2024/04/29, 22:29:08.053, 376170674947, vstest.console.dll, AssemblyResolver.OnResolve: Resolved assembly: Microsoft.Diagnostics.NETCore.Client, from path: C:\Program Files\dotnet\sdk\7.0.404\Extensions\Microsoft.Diagnostics.NETCore.Client.dll
TpTrace Verbose: 0 : 21112, 1, 2024/04/29, 22:29:08.054, 376170686550, vstest.console.dll, MetadataReaderExtensionsHelper: Discovering extensions inside assembly 'Microsoft.Diagnostics.NETCore.Client, Version=0.2.8.21101, Culture=neutral, PublicKeyToken=31bf3856ad364e35' file path 'C:\Program Files\dotnet\sdk\7.0.404\Extensions\Microsoft.Diagnostics.NETCore.Client.dll'
TpTrace Information: 0 : 21112, 1, 2024/04/29, 22:29:08.058, 376170723590, vstest.console.dll, AssemblyResolver.OnResolve: Microsoft.Bcl.AsyncInterfaces: Resolving assembly.
TpTrace Information: 0 : 21112, 1, 2024/04/29, 22:29:08.058, 376170724726, vstest.console.dll, AssemblyResolver.OnResolve: Microsoft.Bcl.AsyncInterfaces: Searching in: 'C:\Program Files\dotnet\sdk\7.0.404\Extensions'.
TpTrace Information: 0 : 21112, 1, 2024/04/29, 22:29:08.058, 376170725559, vstest.console.dll, AssemblyResolver.OnResolve: Microsoft.Bcl.AsyncInterfaces: Assembly path does not exist: 'C:\Program Files\dotnet\sdk\7.0.404\Extensions\Microsoft.Bcl.AsyncInterfaces.dll', returning.
TpTrace Information: 0 : 21112, 1, 2024/04/29, 22:29:08.059, 376170726741, vstest.console.dll, AssemblyResolver.OnResolve: Microsoft.Bcl.AsyncInterfaces: Assembly path does not exist: 'C:\Program Files\dotnet\sdk\7.0.404\Extensions\Microsoft.Bcl.AsyncInterfaces.exe', returning.
TpTrace Information: 0 : 21112, 1, 2024/04/29, 22:29:08.059, 376170727112, vstest.console.dll, AssemblyResolver.OnResolve: Microsoft.Bcl.AsyncInterfaces: Searching in: 'C:\Program Files\dotnet\sdk\7.0.404'.
TpTrace Information: 0 : 21112, 1, 2024/04/29, 22:29:08.059, 376170727809, vstest.console.dll, AssemblyResolver.OnResolve: Microsoft.Bcl.AsyncInterfaces: Assembly path does not exist: 'C:\Program Files\dotnet\sdk\7.0.404\Microsoft.Bcl.AsyncInterfaces.dll', returning.
TpTrace Information: 0 : 21112, 1, 2024/04/29, 22:29:08.059, 376170728376, vstest.console.dll, AssemblyResolver.OnResolve: Microsoft.Bcl.AsyncInterfaces: Assembly path does not exist: 'C:\Program Files\dotnet\sdk\7.0.404\Microsoft.Bcl.AsyncInterfaces.exe', returning.
TpTrace Information: 0 : 21112, 1, 2024/04/29, 22:29:08.059, 376170728658, vstest.console.dll, AssemblyResolver.OnResolve: Microsoft.Bcl.AsyncInterfaces: Failed to load assembly.
TpTrace Verbose: 0 : 21112, 1, 2024/04/29, 22:29:08.059, 376170728972, vstest.console.dll, CurrentDomainAssemblyResolve: Resolving assembly 'Microsoft.Bcl.AsyncInterfaces'.
TpTrace Information: 0 : 21112, 1, 2024/04/29, 22:29:08.059, 376170729482, vstest.console.dll, AssemblyResolver.OnResolve: Microsoft.Bcl.AsyncInterfaces: Resolving assembly.
TpTrace Information: 0 : 21112, 1, 2024/04/29, 22:29:08.059, 376170729938, vstest.console.dll, AssemblyResolver.OnResolve: Microsoft.Bcl.AsyncInterfaces: Resolved from cache.
TpTrace Verbose: 0 : 21112, 1, 2024/04/29, 22:29:08.059, 376170730198, vstest.console.dll, CurrentDomainAssemblyResolve: Resolving assembly 'Microsoft.Bcl.AsyncInterfaces'.
TpTrace Verbose: 0 : 21112, 1, 2024/04/29, 22:29:08.059, 376170730504, vstest.console.dll, CurrentDomainAssemblyResolve: Failed to resolve assembly 'Microsoft.Bcl.AsyncInterfaces'.
TpTrace Verbose: 0 : 21112, 1, 2024/04/29, 22:29:08.060, 376170740418, vstest.console.dll, CurrentDomainAssemblyResolve: Failed to resolve assembly 'Microsoft.Bcl.AsyncInterfaces'.
TpTrace Warning: 0 : 21112, 1, 2024/04/29, 22:29:08.069, 376170829397, vstest.console.dll, TestPluginDiscoverer: Failed to get types from assembly 'Microsoft.Diagnostics.NETCore.Client, Version=0.2.8.21101, Culture=neutral, PublicKeyToken=31bf3856ad364e35'. Error: System.Reflection.ReflectionTypeLoadException: Unable to load one or more of the requested types.
Could not load file or assembly 'Microsoft.Bcl.AsyncInterfaces, Version=1.0.0.0, Culture=neutral, PublicKeyToken=cc7b13ffcd2ddd51'. The system cannot find the file specified.
   at System.Reflection.RuntimeModule.GetTypes(RuntimeModule module)
   at System.Reflection.Assembly.GetTypes()
   at Microsoft.VisualStudio.TestPlatform.Common.ExtensionFramework.TestPluginDiscoverer.GetTestExtensionsFromAssembly[TPluginInfo,TExtension](Assembly assembly, Dictionary`2 pluginInfos, String filePath) in /_/src/Microsoft.TestPlatform.Common/ExtensionFramework/TestPluginDiscoverer.cs:line 158
System.IO.FileNotFoundException: Could not load file or assembly 'Microsoft.Bcl.AsyncInterfaces, Version=1.0.0.0, Culture=neutral, PublicKeyToken=cc7b13ffcd2ddd51'. The system cannot find the file specified.
File name: 'Microsoft.Bcl.AsyncInterfaces, Version=1.0.0.0, Culture=neutral, PublicKeyToken=cc7b13ffcd2ddd51'
 ---> System.IO.FileNotFoundException: Could not load file or assembly 'Microsoft.Bcl.AsyncInterfaces, Culture=neutral, PublicKeyToken=null'. The system cannot find the file specified.
File name: 'Microsoft.Bcl.AsyncInterfaces, Culture=neutral, PublicKeyToken=null'
   at System.Reflection.RuntimeAssembly.InternalLoad(AssemblyName assemblyName, StackCrawlMark& stackMark, AssemblyLoadContext assemblyLoadContext, RuntimeAssembly requestingAssembly, Boolean throwOnFileNotFound)
   at System.Reflection.Assembly.Load(AssemblyName assemblyRef)
   at Microsoft.VisualStudio.TestPlatform.Common.ExtensionFramework.TestPluginCache.CurrentDomainAssemblyResolve(Object sender, AssemblyResolveEventArgs args) in /_/src/Microsoft.TestPlatform.Common/ExtensionFramework/TestPluginCache.cs:line 513
   at System.Runtime.Loader.AssemblyLoadContext.GetFirstResolvedAssemblyFromResolvingEvent(AssemblyName assemblyName)
   at System.Runtime.Loader.AssemblyLoadContext.ResolveUsingEvent(AssemblyName assemblyName)
   at System.Runtime.Loader.AssemblyLoadContext.ResolveUsingResolvingEvent(IntPtr gchManagedAssemblyLoadContext, AssemblyName assemblyName)
TpTrace Warning: 0 : 21112, 1, 2024/04/29, 22:29:08.069, 376170833149, vstest.console.dll, LoaderExceptions: System.IO.FileNotFoundException: Could not load file or assembly 'Microsoft.Bcl.AsyncInterfaces, Version=1.0.0.0, Culture=neutral, PublicKeyToken=cc7b13ffcd2ddd51'. The system cannot find the file specified.
File name: 'Microsoft.Bcl.AsyncInterfaces, Version=1.0.0.0, Culture=neutral, PublicKeyToken=cc7b13ffcd2ddd51'
 ---> System.IO.FileNotFoundException: Could not load file or assembly 'Microsoft.Bcl.AsyncInterfaces, Culture=neutral, PublicKeyToken=null'. The system cannot find the file specified.
File name: 'Microsoft.Bcl.AsyncInterfaces, Culture=neutral, PublicKeyToken=null'
   at System.Reflection.RuntimeAssembly.InternalLoad(AssemblyName assemblyName, StackCrawlMark& stackMark, AssemblyLoadContext assemblyLoadContext, RuntimeAssembly requestingAssembly, Boolean throwOnFileNotFound)
   at System.Reflection.Assembly.Load(AssemblyName assemblyRef)
   at Microsoft.VisualStudio.TestPlatform.Common.ExtensionFramework.TestPluginCache.CurrentDomainAssemblyResolve(Object sender, AssemblyResolveEventArgs args) in /_/src/Microsoft.TestPlatform.Common/ExtensionFramework/TestPluginCache.cs:line 513
   at System.Runtime.Loader.AssemblyLoadContext.GetFirstResolvedAssemblyFromResolvingEvent(AssemblyName assemblyName)
   at System.Runtime.Loader.AssemblyLoadContext.ResolveUsingEvent(AssemblyName assemblyName)
   at System.Runtime.Loader.AssemblyLoadContext.ResolveUsingResolvingEvent(IntPtr gchManagedAssemblyLoadContext, AssemblyName assemblyName)
TpTrace Information: 0 : 21112, 1, 2024/04/29, 22:29:08.069, 376170834560, vstest.console.dll, AssemblyResolver.OnResolve: Microsoft.TestPlatform.Extensions.BlameDataCollector: Resolving assembly.
TpTrace Information: 0 : 21112, 1, 2024/04/29, 22:29:08.069, 376170835077, vstest.console.dll, AssemblyResolver.OnResolve: Microsoft.TestPlatform.Extensions.BlameDataCollector: Searching in: 'C:\Program Files\dotnet\sdk\7.0.404\Extensions'.
TpTrace Information: 0 : 21112, 1, 2024/04/29, 22:29:08.070, 376170838168, vstest.console.dll, AssemblyResolver.OnResolve: Microsoft.TestPlatform.Extensions.BlameDataCollector: Loading assembly 'C:\Program Files\dotnet\sdk\7.0.404\Extensions\Microsoft.TestPlatform.Extensions.BlameDataCollector.dll'.
TpTrace Information: 0 : 21112, 1, 2024/04/29, 22:29:08.070, 376170841456, vstest.console.dll, AssemblyResolver.OnResolve: Resolved assembly: Microsoft.TestPlatform.Extensions.BlameDataCollector, from path: C:\Program Files\dotnet\sdk\7.0.404\Extensions\Microsoft.TestPlatform.Extensions.BlameDataCollector.dll
TpTrace Verbose: 0 : 21112, 1, 2024/04/29, 22:29:08.070, 376170842132, vstest.console.dll, MetadataReaderExtensionsHelper: Discovering extensions inside assembly 'Microsoft.TestPlatform.Extensions.BlameDataCollector, Version=15.0.0.0, Culture=neutral, PublicKeyToken=b03f5f7f11d50a3a' file path 'C:\Program Files\dotnet\sdk\7.0.404\Extensions\Microsoft.TestPlatform.Extensions.BlameDataCollector.dll'
TpTrace Information: 0 : 21112, 1, 2024/04/29, 22:29:08.071, 376170855200, vstest.console.dll, AssemblyResolver.OnResolve: Microsoft.TestPlatform.Extensions.EventLogCollector: Resolving assembly.
TpTrace Information: 0 : 21112, 1, 2024/04/29, 22:29:08.071, 376170856034, vstest.console.dll, AssemblyResolver.OnResolve: Microsoft.TestPlatform.Extensions.EventLogCollector: Searching in: 'C:\Program Files\dotnet\sdk\7.0.404\Extensions'.
TpTrace Information: 0 : 21112, 1, 2024/04/29, 22:29:08.072, 376170862118, vstest.console.dll, AssemblyResolver.OnResolve: Microsoft.TestPlatform.Extensions.EventLogCollector: Loading assembly 'C:\Program Files\dotnet\sdk\7.0.404\Extensions\Microsoft.TestPlatform.Extensions.EventLogCollector.dll'.
TpTrace Information: 0 : 21112, 1, 2024/04/29, 22:29:08.073, 376170867002, vstest.console.dll, AssemblyResolver.OnResolve: Resolved assembly: Microsoft.TestPlatform.Extensions.EventLogCollector, from path: C:\Program Files\dotnet\sdk\7.0.404\Extensions\Microsoft.TestPlatform.Extensions.EventLogCollector.dll
TpTrace Verbose: 0 : 21112, 1, 2024/04/29, 22:29:08.073, 376170867622, vstest.console.dll, MetadataReaderExtensionsHelper: Discovering extensions inside assembly 'Microsoft.TestPlatform.Extensions.EventLogCollector, Version=15.0.0.0, Culture=neutral, PublicKeyToken=b03f5f7f11d50a3a' file path 'C:\Program Files\dotnet\sdk\7.0.404\Extensions\Microsoft.TestPlatform.Extensions.EventLogCollector.dll'
TpTrace Information: 0 : 21112, 1, 2024/04/29, 22:29:08.074, 376170884215, vstest.console.dll, AssemblyResolver.OnResolve: Microsoft.TestPlatform.TestHostRuntimeProvider: Resolving assembly.
TpTrace Information: 0 : 21112, 1, 2024/04/29, 22:29:08.074, 376170884941, vstest.console.dll, AssemblyResolver.OnResolve: Microsoft.TestPlatform.TestHostRuntimeProvider: Searching in: 'C:\Program Files\dotnet\sdk\7.0.404\Extensions'.
TpTrace Information: 0 : 21112, 1, 2024/04/29, 22:29:08.075, 376170887065, vstest.console.dll, AssemblyResolver.OnResolve: Microsoft.TestPlatform.TestHostRuntimeProvider: Loading assembly 'C:\Program Files\dotnet\sdk\7.0.404\Extensions\Microsoft.TestPlatform.TestHostRuntimeProvider.dll'.
TpTrace Information: 0 : 21112, 1, 2024/04/29, 22:29:08.075, 376170890003, vstest.console.dll, AssemblyResolver.OnResolve: Resolved assembly: Microsoft.TestPlatform.TestHostRuntimeProvider, from path: C:\Program Files\dotnet\sdk\7.0.404\Extensions\Microsoft.TestPlatform.TestHostRuntimeProvider.dll
TpTrace Verbose: 0 : 21112, 1, 2024/04/29, 22:29:08.075, 376170890609, vstest.console.dll, MetadataReaderExtensionsHelper: Discovering extensions inside assembly 'Microsoft.TestPlatform.TestHostRuntimeProvider, Version=15.0.0.0, Culture=neutral, PublicKeyToken=b03f5f7f11d50a3a' file path 'C:\Program Files\dotnet\sdk\7.0.404\Extensions\Microsoft.TestPlatform.TestHostRuntimeProvider.dll'
TpTrace Information: 0 : 21112, 1, 2024/04/29, 22:29:08.076, 376170905857, vstest.console.dll, GetTestExtensionFromType: Register extension with identifier data 'HostProvider://DefaultTestHost' and type 'Microsoft.VisualStudio.TestPlatform.CrossPlatEngine.Hosting.DefaultTestHostManager, Microsoft.TestPlatform.TestHostRuntimeProvider, Version=15.0.0.0, Culture=neutral, PublicKeyToken=b03f5f7f11d50a3a' inside file 'C:\Program Files\dotnet\sdk\7.0.404\Extensions\Microsoft.TestPlatform.TestHostRuntimeProvider.dll'
TpTrace Information: 0 : 21112, 1, 2024/04/29, 22:29:08.077, 376170908391, vstest.console.dll, GetTestExtensionFromType: Register extension with identifier data 'HostProvider://DotnetTestHost' and type 'Microsoft.VisualStudio.TestPlatform.CrossPlatEngine.Hosting.DotnetTestHostManager, Microsoft.TestPlatform.TestHostRuntimeProvider, Version=15.0.0.0, Culture=neutral, PublicKeyToken=b03f5f7f11d50a3a' inside file 'C:\Program Files\dotnet\sdk\7.0.404\Extensions\Microsoft.TestPlatform.TestHostRuntimeProvider.dll'
TpTrace Information: 0 : 21112, 1, 2024/04/29, 22:29:08.077, 376170909203, vstest.console.dll, AssemblyResolver.OnResolve: Microsoft.VisualStudio.TestPlatform.Extensions.Html.TestLogger: Resolving assembly.
TpTrace Information: 0 : 21112, 1, 2024/04/29, 22:29:08.077, 376170909667, vstest.console.dll, AssemblyResolver.OnResolve: Microsoft.VisualStudio.TestPlatform.Extensions.Html.TestLogger: Searching in: 'C:\Program Files\dotnet\sdk\7.0.404\Extensions'.
TpTrace Information: 0 : 21112, 1, 2024/04/29, 22:29:08.077, 376170912155, vstest.console.dll, AssemblyResolver.OnResolve: Microsoft.VisualStudio.TestPlatform.Extensions.Html.TestLogger: Loading assembly 'C:\Program Files\dotnet\sdk\7.0.404\Extensions\Microsoft.VisualStudio.TestPlatform.Extensions.Html.TestLogger.dll'.
TpTrace Information: 0 : 21112, 1, 2024/04/29, 22:29:08.077, 376170915267, vstest.console.dll, AssemblyResolver.OnResolve: Resolved assembly: Microsoft.VisualStudio.TestPlatform.Extensions.Html.TestLogger, from path: C:\Program Files\dotnet\sdk\7.0.404\Extensions\Microsoft.VisualStudio.TestPlatform.Extensions.Html.TestLogger.dll
TpTrace Verbose: 0 : 21112, 1, 2024/04/29, 22:29:08.077, 376170915906, vstest.console.dll, MetadataReaderExtensionsHelper: Discovering extensions inside assembly 'Microsoft.VisualStudio.TestPlatform.Extensions.Html.TestLogger, Version=15.0.0.0, Culture=neutral, PublicKeyToken=b03f5f7f11d50a3a' file path 'C:\Program Files\dotnet\sdk\7.0.404\Extensions\Microsoft.VisualStudio.TestPlatform.Extensions.Html.TestLogger.dll'
TpTrace Information: 0 : 21112, 1, 2024/04/29, 22:29:08.078, 376170922231, vstest.console.dll, AssemblyResolver.OnResolve: Microsoft.VisualStudio.TestPlatform.Extensions.Trx.TestLogger: Resolving assembly.
TpTrace Information: 0 : 21112, 1, 2024/04/29, 22:29:08.078, 376170922796, vstest.console.dll, AssemblyResolver.OnResolve: Microsoft.VisualStudio.TestPlatform.Extensions.Trx.TestLogger: Searching in: 'C:\Program Files\dotnet\sdk\7.0.404\Extensions'.
TpTrace Information: 0 : 21112, 1, 2024/04/29, 22:29:08.078, 376170924737, vstest.console.dll, AssemblyResolver.OnResolve: Microsoft.VisualStudio.TestPlatform.Extensions.Trx.TestLogger: Loading assembly 'C:\Program Files\dotnet\sdk\7.0.404\Extensions\Microsoft.VisualStudio.TestPlatform.Extensions.Trx.TestLogger.dll'.
TpTrace Information: 0 : 21112, 1, 2024/04/29, 22:29:08.079, 376170928569, vstest.console.dll, AssemblyResolver.OnResolve: Resolved assembly: Microsoft.VisualStudio.TestPlatform.Extensions.Trx.TestLogger, from path: C:\Program Files\dotnet\sdk\7.0.404\Extensions\Microsoft.VisualStudio.TestPlatform.Extensions.Trx.TestLogger.dll
TpTrace Verbose: 0 : 21112, 1, 2024/04/29, 22:29:08.079, 376170929399, vstest.console.dll, MetadataReaderExtensionsHelper: Discovering extensions inside assembly 'Microsoft.VisualStudio.TestPlatform.Extensions.Trx.TestLogger, Version=15.0.0.0, Culture=neutral, PublicKeyToken=b03f5f7f11d50a3a' file path 'C:\Program Files\dotnet\sdk\7.0.404\Extensions\Microsoft.VisualStudio.TestPlatform.Extensions.Trx.TestLogger.dll'
TpTrace Verbose: 0 : 21112, 1, 2024/04/29, 22:29:08.080, 376170941383, vstest.console.dll, TestPluginCache: Discovered the extensions using extension path ''.
TpTrace Verbose: 0 : 21112, 1, 2024/04/29, 22:29:08.080, 376170942400, vstest.console.dll, TestPluginCache: Discoverers are ''.
TpTrace Verbose: 0 : 21112, 1, 2024/04/29, 22:29:08.080, 376170942687, vstest.console.dll, TestPluginCache: Executors are ''.
TpTrace Verbose: 0 : 21112, 1, 2024/04/29, 22:29:08.080, 376170942921, vstest.console.dll, TestPluginCache: Executors2 are ''.
TpTrace Verbose: 0 : 21112, 1, 2024/04/29, 22:29:08.080, 376170943144, vstest.console.dll, TestPluginCache: Setting providers are ''.
TpTrace Verbose: 0 : 21112, 1, 2024/04/29, 22:29:08.080, 376170943367, vstest.console.dll, TestPluginCache: Loggers are ''.
TpTrace Verbose: 0 : 21112, 1, 2024/04/29, 22:29:08.080, 376170944996, vstest.console.dll, TestPluginCache: TestHosts are 'HostProvider://DefaultTestHost,HostProvider://DotnetTestHost'.
TpTrace Verbose: 0 : 21112, 1, 2024/04/29, 22:29:08.080, 376170945622, vstest.console.dll, TestPluginCache: DataCollectors are ''.
TpTrace Information: 0 : 21112, 1, 2024/04/29, 22:29:08.091, 376171047779, vstest.console.dll, RunTestsArgumentProcessor:Execute: Test run is starting.
TpTrace Verbose: 0 : 21112, 1, 2024/04/29, 22:29:08.091, 376171048715, vstest.console.dll, RunTestsArgumentProcessor:Execute: Queuing Test run.
TpTrace Information: 0 : 21112, 1, 2024/04/29, 22:29:08.091, 376171050795, vstest.console.dll, TestRequestManager.RunTests: run tests started.
TpTrace Information: 0 : 21112, 1, 2024/04/29, 22:29:08.092, 376171062728, vstest.console.dll, AssemblyMetadataProvider.GetFrameworkName: Determined framework:'.NETCoreApp,Version=v7.0' for source: 'C:\Users\Lenovo\Saitynai\RestLS\RestLS.Tests\bin\Debug\net7.0\fine-code-coverage\build-output\RestLS.Tests.dll'
TpTrace Information: 0 : 21112, 1, 2024/04/29, 22:29:08.092, 376171064528, vstest.console.dll, Determined framework for all sources: .NETCoreApp,Version=v7.0
TpTrace Verbose: 0 : 21112, 1, 2024/04/29, 22:29:08.093, 376171068358, vstest.console.dll, TestRequestManager.UpdateRunSettingsIfRequired: Default architecture: X64 IsDefaultTargetArchitecture: True, Current process architecture: X64 OperatingSystem: Windows.
TpTrace Information: 0 : 21112, 1, 2024/04/29, 22:29:08.094, 376171083643, vstest.console.dll, AssemblyMetadataProvider.GetArchitecture: Determined architecture:AnyCPU info for assembly: C:\Users\Lenovo\Saitynai\RestLS\RestLS.Tests\bin\Debug\net7.0\fine-code-coverage\build-output\RestLS.Tests.dll
TpTrace Information: 0 : 21112, 1, 2024/04/29, 22:29:08.094, 376171084147, vstest.console.dll, Determined platform for source 'C:\Users\Lenovo\Saitynai\RestLS\RestLS.Tests\bin\Debug\net7.0\fine-code-coverage\build-output\RestLS.Tests.dll' was AnyCPU and it will use the default plaform X64.
TpTrace Information: 0 : 21112, 1, 2024/04/29, 22:29:08.094, 376171084428, vstest.console.dll, None of the sources provided any runnable platform, using the default platform: X64
TpTrace Information: 0 : 21112, 1, 2024/04/29, 22:29:08.094, 376171085206, vstest.console.dll, Platform was updated to 'X64'.
TpTrace Information: 0 : 21112, 1, 2024/04/29, 22:29:08.098, 376171118264, vstest.console.dll, InferRunSettingsHelper.IsTestSettingsEnabled: Unable to navigate to RunSettings/MSTest. Current node: RunSettings
TpTrace Information: 0 : 21112, 1, 2024/04/29, 22:29:08.098, 376171123971, vstest.console.dll, AssemblyResolver.OnResolve: Microsoft.VisualStudio.TestPlatform.Fakes: Resolving assembly.
TpTrace Information: 0 : 21112, 1, 2024/04/29, 22:29:08.098, 376171124639, vstest.console.dll, AssemblyResolver.OnResolve: Microsoft.VisualStudio.TestPlatform.Fakes: Searching in: 'C:\Program Files\dotnet\sdk\7.0.404\Extensions'.
TpTrace Information: 0 : 21112, 1, 2024/04/29, 22:29:08.098, 376171125749, vstest.console.dll, AssemblyResolver.OnResolve: Microsoft.VisualStudio.TestPlatform.Fakes: Assembly path does not exist: 'C:\Program Files\dotnet\sdk\7.0.404\Extensions\Microsoft.VisualStudio.TestPlatform.Fakes.dll', returning.
TpTrace Information: 0 : 21112, 1, 2024/04/29, 22:29:08.098, 376171126525, vstest.console.dll, AssemblyResolver.OnResolve: Microsoft.VisualStudio.TestPlatform.Fakes: Assembly path does not exist: 'C:\Program Files\dotnet\sdk\7.0.404\Extensions\Microsoft.VisualStudio.TestPlatform.Fakes.exe', returning.
TpTrace Information: 0 : 21112, 1, 2024/04/29, 22:29:08.099, 376171126841, vstest.console.dll, AssemblyResolver.OnResolve: Microsoft.VisualStudio.TestPlatform.Fakes: Searching in: 'C:\Program Files\dotnet\sdk\7.0.404'.
TpTrace Information: 0 : 21112, 1, 2024/04/29, 22:29:08.099, 376171127418, vstest.console.dll, AssemblyResolver.OnResolve: Microsoft.VisualStudio.TestPlatform.Fakes: Assembly path does not exist: 'C:\Program Files\dotnet\sdk\7.0.404\Microsoft.VisualStudio.TestPlatform.Fakes.dll', returning.
TpTrace Information: 0 : 21112, 1, 2024/04/29, 22:29:08.099, 376171128062, vstest.console.dll, AssemblyResolver.OnResolve: Microsoft.VisualStudio.TestPlatform.Fakes: Assembly path does not exist: 'C:\Program Files\dotnet\sdk\7.0.404\Microsoft.VisualStudio.TestPlatform.Fakes.exe', returning.
TpTrace Information: 0 : 21112, 1, 2024/04/29, 22:29:08.099, 376171128376, vstest.console.dll, AssemblyResolver.OnResolve: Microsoft.VisualStudio.TestPlatform.Fakes: Failed to load assembly.
TpTrace Information: 0 : 21112, 1, 2024/04/29, 22:29:08.099, 376171130553, vstest.console.dll, Failed to load assembly Microsoft.VisualStudio.TestPlatform.Fakes, Version=17.0.0.0, Culture=neutral. Reason:System.IO.FileNotFoundException: Could not load file or assembly 'Microsoft.VisualStudio.TestPlatform.Fakes, Version=17.0.0.0, Culture=neutral, PublicKeyToken=null'. The system cannot find the file specified.
File name: 'Microsoft.VisualStudio.TestPlatform.Fakes, Version=17.0.0.0, Culture=neutral, PublicKeyToken=null'
   at System.Reflection.RuntimeAssembly.InternalLoad(AssemblyName assemblyName, StackCrawlMark& stackMark, AssemblyLoadContext assemblyLoadContext, RuntimeAssembly requestingAssembly, Boolean throwOnFileNotFound)
   at System.Reflection.Assembly.Load(AssemblyName assemblyRef)
   at Microsoft.VisualStudio.TestPlatform.Common.Utilities.FakesUtilities.LoadTestPlatformAssembly() in /_/src/Microsoft.TestPlatform.Common/Utilities/FakesUtilities.cs:line 272
TpTrace Verbose: 0 : 21112, 1, 2024/04/29, 22:29:08.102, 376171162553, vstest.console.dll, TestPluginCache.DiscoverTestExtensions: finding test extensions in assemblies ends with: TestLogger.dll TPluginInfo: Microsoft.VisualStudio.TestPlatform.Common.ExtensionFramework.Utilities.TestLoggerPluginInformation TExtension: Microsoft.VisualStudio.TestPlatform.ObjectModel.Client.ITestLogger
TpTrace Verbose: 0 : 21112, 1, 2024/04/29, 22:29:08.102, 376171163425, vstest.console.dll, TestPluginCache.GetExtensionPaths: Filtered extension paths: 
TpTrace Verbose: 0 : 21112, 1, 2024/04/29, 22:29:08.102, 376171163747, vstest.console.dll, TestPluginCache.GetExtensionPaths: Added default extension paths: C:\Program Files\dotnet\sdk\7.0.404\Extensions\Microsoft.Diagnostics.NETCore.Client.dll
C:\Program Files\dotnet\sdk\7.0.404\Extensions\Microsoft.TestPlatform.Extensions.BlameDataCollector.dll
C:\Program Files\dotnet\sdk\7.0.404\Extensions\Microsoft.TestPlatform.Extensions.EventLogCollector.dll
C:\Program Files\dotnet\sdk\7.0.404\Extensions\Microsoft.TestPlatform.TestHostRuntimeProvider.dll
C:\Program Files\dotnet\sdk\7.0.404\Extensions\Microsoft.VisualStudio.TestPlatform.Extensions.Html.TestLogger.dll
C:\Program Files\dotnet\sdk\7.0.404\Extensions\Microsoft.VisualStudio.TestPlatform.Extensions.Trx.TestLogger.dll
TpTrace Verbose: 0 : 21112, 1, 2024/04/29, 22:29:08.102, 376171164004, vstest.console.dll, TestPluginCache.GetExtensionPaths: Added unfilterableExtensionPaths: 
TpTrace Information: 0 : 21112, 1, 2024/04/29, 22:29:08.102, 376171165248, vstest.console.dll, AssemblyResolver.AddSearchDirectories: Adding more searchDirectories C:\Program Files\dotnet\sdk\7.0.404\Extensions,C:\Program Files\dotnet\sdk\7.0.404
TpTrace Verbose: 0 : 21112, 1, 2024/04/29, 22:29:08.102, 376171165641, vstest.console.dll, TestPluginCache.DiscoverTestExtensions: Discovering the extensions using extension path.
TpTrace Verbose: 0 : 21112, 1, 2024/04/29, 22:29:08.102, 376171165929, vstest.console.dll, TestPluginCache.GetExtensionPaths: Filtered extension paths: 
TpTrace Verbose: 0 : 21112, 1, 2024/04/29, 22:29:08.102, 376171166424, vstest.console.dll, TestPluginCache.GetExtensionPaths: Added default extension paths: C:\Program Files\dotnet\sdk\7.0.404\Extensions\Microsoft.Diagnostics.NETCore.Client.dll
C:\Program Files\dotnet\sdk\7.0.404\Extensions\Microsoft.TestPlatform.Extensions.BlameDataCollector.dll
C:\Program Files\dotnet\sdk\7.0.404\Extensions\Microsoft.TestPlatform.Extensions.EventLogCollector.dll
C:\Program Files\dotnet\sdk\7.0.404\Extensions\Microsoft.TestPlatform.TestHostRuntimeProvider.dll
C:\Program Files\dotnet\sdk\7.0.404\Extensions\Microsoft.VisualStudio.TestPlatform.Extensions.Html.TestLogger.dll
C:\Program Files\dotnet\sdk\7.0.404\Extensions\Microsoft.VisualStudio.TestPlatform.Extensions.Trx.TestLogger.dll
TpTrace Verbose: 0 : 21112, 1, 2024/04/29, 22:29:08.103, 376171166902, vstest.console.dll, TestPluginCache.GetExtensionPaths: Added unfilterableExtensionPaths: 
TpTrace Verbose: 0 : 21112, 1, 2024/04/29, 22:29:08.103, 376171167344, vstest.console.dll, TestPluginCache.DiscoverTestExtensions: Discovering the extensions using allExtensionPaths: C:\Program Files\dotnet\sdk\7.0.404\Extensions\Microsoft.Diagnostics.NETCore.Client.dll
C:\Program Files\dotnet\sdk\7.0.404\Extensions\Microsoft.TestPlatform.Extensions.BlameDataCollector.dll
C:\Program Files\dotnet\sdk\7.0.404\Extensions\Microsoft.TestPlatform.Extensions.EventLogCollector.dll
C:\Program Files\dotnet\sdk\7.0.404\Extensions\Microsoft.TestPlatform.TestHostRuntimeProvider.dll
C:\Program Files\dotnet\sdk\7.0.404\Extensions\Microsoft.VisualStudio.TestPlatform.Extensions.Html.TestLogger.dll
C:\Program Files\dotnet\sdk\7.0.404\Extensions\Microsoft.VisualStudio.TestPlatform.Extensions.Trx.TestLogger.dll
TpTrace Information: 0 : 21112, 1, 2024/04/29, 22:29:08.103, 376171172744, vstest.console.dll, AssemblyResolver.AddSearchDirectories: Adding more searchDirectories C:\Program Files\dotnet\sdk\7.0.404\Extensions,C:\Program Files\dotnet\sdk\7.0.404
TpTrace Information: 0 : 21112, 1, 2024/04/29, 22:29:08.103, 376171173310, vstest.console.dll, AssemblyResolver.AddSearchDirectories: Adding more searchDirectories C:\Program Files\dotnet\sdk\7.0.404\Extensions,C:\Program Files\dotnet\sdk\7.0.404
TpTrace Information: 0 : 21112, 1, 2024/04/29, 22:29:08.103, 376171173624, vstest.console.dll, AssemblyResolver.AddSearchDirectories: Adding more searchDirectories C:\Program Files\dotnet\sdk\7.0.404\Extensions,C:\Program Files\dotnet\sdk\7.0.404
TpTrace Information: 0 : 21112, 1, 2024/04/29, 22:29:08.103, 376171173891, vstest.console.dll, AssemblyResolver.AddSearchDirectories: Adding more searchDirectories C:\Program Files\dotnet\sdk\7.0.404\Extensions,C:\Program Files\dotnet\sdk\7.0.404
TpTrace Information: 0 : 21112, 1, 2024/04/29, 22:29:08.103, 376171174190, vstest.console.dll, AssemblyResolver.AddSearchDirectories: Adding more searchDirectories C:\Program Files\dotnet\sdk\7.0.404\Extensions,C:\Program Files\dotnet\sdk\7.0.404
TpTrace Information: 0 : 21112, 1, 2024/04/29, 22:29:08.103, 376171174455, vstest.console.dll, AssemblyResolver.AddSearchDirectories: Adding more searchDirectories C:\Program Files\dotnet\sdk\7.0.404\Extensions,C:\Program Files\dotnet\sdk\7.0.404
TpTrace Verbose: 0 : 21112, 1, 2024/04/29, 22:29:08.103, 376171175301, vstest.console.dll, MetadataReaderExtensionsHelper: Discovering extensions inside assembly 'Microsoft.Diagnostics.NETCore.Client, Version=0.2.8.21101, Culture=neutral, PublicKeyToken=31bf3856ad364e35' file path 'C:\Program Files\dotnet\sdk\7.0.404\Extensions\Microsoft.Diagnostics.NETCore.Client.dll'
TpTrace Information: 0 : 21112, 1, 2024/04/29, 22:29:08.104, 376171180730, vstest.console.dll, AssemblyResolver.OnResolve: Microsoft.Bcl.AsyncInterfaces: Resolving assembly.
TpTrace Information: 0 : 21112, 1, 2024/04/29, 22:29:08.104, 376171181161, vstest.console.dll, AssemblyResolver.OnResolve: Microsoft.Bcl.AsyncInterfaces: Resolved from cache.
TpTrace Verbose: 0 : 21112, 1, 2024/04/29, 22:29:08.104, 376171181424, vstest.console.dll, CurrentDomainAssemblyResolve: Resolving assembly 'Microsoft.Bcl.AsyncInterfaces'.
TpTrace Information: 0 : 21112, 1, 2024/04/29, 22:29:08.104, 376171181784, vstest.console.dll, AssemblyResolver.OnResolve: Microsoft.Bcl.AsyncInterfaces: Resolving assembly.
TpTrace Information: 0 : 21112, 1, 2024/04/29, 22:29:08.104, 376171182042, vstest.console.dll, AssemblyResolver.OnResolve: Microsoft.Bcl.AsyncInterfaces: Resolved from cache.
TpTrace Verbose: 0 : 21112, 1, 2024/04/29, 22:29:08.104, 376171182331, vstest.console.dll, CurrentDomainAssemblyResolve: Resolving assembly 'Microsoft.Bcl.AsyncInterfaces'.
TpTrace Verbose: 0 : 21112, 1, 2024/04/29, 22:29:08.104, 376171182559, vstest.console.dll, CurrentDomainAssemblyResolve: Failed to resolve assembly 'Microsoft.Bcl.AsyncInterfaces'.
TpTrace Verbose: 0 : 21112, 1, 2024/04/29, 22:29:08.104, 376171183653, vstest.console.dll, CurrentDomainAssemblyResolve: Failed to resolve assembly 'Microsoft.Bcl.AsyncInterfaces'.
TpTrace Warning: 0 : 21112, 1, 2024/04/29, 22:29:08.105, 376171187102, vstest.console.dll, TestPluginDiscoverer: Failed to get types from assembly 'Microsoft.Diagnostics.NETCore.Client, Version=0.2.8.21101, Culture=neutral, PublicKeyToken=31bf3856ad364e35'. Error: System.Reflection.ReflectionTypeLoadException: Unable to load one or more of the requested types.
Could not load file or assembly 'Microsoft.Bcl.AsyncInterfaces, Version=1.0.0.0, Culture=neutral, PublicKeyToken=cc7b13ffcd2ddd51'. The system cannot find the file specified.
   at System.Reflection.RuntimeModule.GetTypes(RuntimeModule module)
   at System.Reflection.Assembly.GetTypes()
   at Microsoft.VisualStudio.TestPlatform.Common.ExtensionFramework.TestPluginDiscoverer.GetTestExtensionsFromAssembly[TPluginInfo,TExtension](Assembly assembly, Dictionary`2 pluginInfos, String filePath) in /_/src/Microsoft.TestPlatform.Common/ExtensionFramework/TestPluginDiscoverer.cs:line 158
System.IO.FileNotFoundException: Could not load file or assembly 'Microsoft.Bcl.AsyncInterfaces, Version=1.0.0.0, Culture=neutral, PublicKeyToken=cc7b13ffcd2ddd51'. The system cannot find the file specified.
File name: 'Microsoft.Bcl.AsyncInterfaces, Version=1.0.0.0, Culture=neutral, PublicKeyToken=cc7b13ffcd2ddd51'
 ---> System.IO.FileNotFoundException: Could not load file or assembly 'Microsoft.Bcl.AsyncInterfaces, Culture=neutral, PublicKeyToken=null'. The system cannot find the file specified.
File name: 'Microsoft.Bcl.AsyncInterfaces, Culture=neutral, PublicKeyToken=null'
   at System.Reflection.RuntimeAssembly.InternalLoad(AssemblyName assemblyName, StackCrawlMark& stackMark, AssemblyLoadContext assemblyLoadContext, RuntimeAssembly requestingAssembly, Boolean throwOnFileNotFound)
   at System.Reflection.Assembly.Load(AssemblyName assemblyRef)
   at Microsoft.VisualStudio.TestPlatform.Common.ExtensionFramework.TestPluginCache.CurrentDomainAssemblyResolve(Object sender, AssemblyResolveEventArgs args) in /_/src/Microsoft.TestPlatform.Common/ExtensionFramework/TestPluginCache.cs:line 513
   at System.Runtime.Loader.AssemblyLoadContext.GetFirstResolvedAssemblyFromResolvingEvent(AssemblyName assemblyName)
   at System.Runtime.Loader.AssemblyLoadContext.ResolveUsingEvent(AssemblyName assemblyName)
   at System.Runtime.Loader.AssemblyLoadContext.ResolveUsingResolvingEvent(IntPtr gchManagedAssemblyLoadContext, AssemblyName assemblyName)
TpTrace Warning: 0 : 21112, 1, 2024/04/29, 22:29:08.105, 376171189387, vstest.console.dll, LoaderExceptions: System.IO.FileNotFoundException: Could not load file or assembly 'Microsoft.Bcl.AsyncInterfaces, Version=1.0.0.0, Culture=neutral, PublicKeyToken=cc7b13ffcd2ddd51'. The system cannot find the file specified.
File name: 'Microsoft.Bcl.AsyncInterfaces, Version=1.0.0.0, Culture=neutral, PublicKeyToken=cc7b13ffcd2ddd51'
 ---> System.IO.FileNotFoundException: Could not load file or assembly 'Microsoft.Bcl.AsyncInterfaces, Culture=neutral, PublicKeyToken=null'. The system cannot find the file specified.
File name: 'Microsoft.Bcl.AsyncInterfaces, Culture=neutral, PublicKeyToken=null'
   at System.Reflection.RuntimeAssembly.InternalLoad(AssemblyName assemblyName, StackCrawlMark& stackMark, AssemblyLoadContext assemblyLoadContext, RuntimeAssembly requestingAssembly, Boolean throwOnFileNotFound)
   at System.Reflection.Assembly.Load(AssemblyName assemblyRef)
   at Microsoft.VisualStudio.TestPlatform.Common.ExtensionFramework.TestPluginCache.CurrentDomainAssemblyResolve(Object sender, AssemblyResolveEventArgs args) in /_/src/Microsoft.TestPlatform.Common/ExtensionFramework/TestPluginCache.cs:line 513
   at System.Runtime.Loader.AssemblyLoadContext.GetFirstResolvedAssemblyFromResolvingEvent(AssemblyName assemblyName)
   at System.Runtime.Loader.AssemblyLoadContext.ResolveUsingEvent(AssemblyName assemblyName)
   at System.Runtime.Loader.AssemblyLoadContext.ResolveUsingResolvingEvent(IntPtr gchManagedAssemblyLoadContext, AssemblyName assemblyName)
TpTrace Verbose: 0 : 21112, 1, 2024/04/29, 22:29:08.105, 376171190500, vstest.console.dll, MetadataReaderExtensionsHelper: Discovering extensions inside assembly 'Microsoft.TestPlatform.Extensions.BlameDataCollector, Version=15.0.0.0, Culture=neutral, PublicKeyToken=b03f5f7f11d50a3a' file path 'C:\Program Files\dotnet\sdk\7.0.404\Extensions\Microsoft.TestPlatform.Extensions.BlameDataCollector.dll'
TpTrace Information: 0 : 21112, 1, 2024/04/29, 22:29:08.105, 376171195231, vstest.console.dll, GetTestExtensionFromType: Register extension with identifier data 'logger://Microsoft/TestPlatform/Extensions/Blame/v1' and type 'Microsoft.TestPlatform.Extensions.BlameDataCollector.BlameLogger, Microsoft.TestPlatform.Extensions.BlameDataCollector, Version=15.0.0.0, Culture=neutral, PublicKeyToken=b03f5f7f11d50a3a' inside file 'C:\Program Files\dotnet\sdk\7.0.404\Extensions\Microsoft.TestPlatform.Extensions.BlameDataCollector.dll'
TpTrace Verbose: 0 : 21112, 1, 2024/04/29, 22:29:08.105, 376171195762, vstest.console.dll, MetadataReaderExtensionsHelper: Discovering extensions inside assembly 'Microsoft.TestPlatform.Extensions.EventLogCollector, Version=15.0.0.0, Culture=neutral, PublicKeyToken=b03f5f7f11d50a3a' file path 'C:\Program Files\dotnet\sdk\7.0.404\Extensions\Microsoft.TestPlatform.Extensions.EventLogCollector.dll'
TpTrace Verbose: 0 : 21112, 1, 2024/04/29, 22:29:08.106, 376171202149, vstest.console.dll, MetadataReaderExtensionsHelper: Discovering extensions inside assembly 'Microsoft.TestPlatform.TestHostRuntimeProvider, Version=15.0.0.0, Culture=neutral, PublicKeyToken=b03f5f7f11d50a3a' file path 'C:\Program Files\dotnet\sdk\7.0.404\Extensions\Microsoft.TestPlatform.TestHostRuntimeProvider.dll'
TpTrace Verbose: 0 : 21112, 1, 2024/04/29, 22:29:08.106, 376171204348, vstest.console.dll, MetadataReaderExtensionsHelper: Discovering extensions inside assembly 'Microsoft.VisualStudio.TestPlatform.Extensions.Html.TestLogger, Version=15.0.0.0, Culture=neutral, PublicKeyToken=b03f5f7f11d50a3a' file path 'C:\Program Files\dotnet\sdk\7.0.404\Extensions\Microsoft.VisualStudio.TestPlatform.Extensions.Html.TestLogger.dll'
TpTrace Information: 0 : 21112, 1, 2024/04/29, 22:29:08.107, 376171208950, vstest.console.dll, GetTestExtensionFromType: Register extension with identifier data 'logger://Microsoft/TestPlatform/HtmlLogger/v1' and type 'Microsoft.VisualStudio.TestPlatform.Extensions.HtmlLogger.HtmlLogger, Microsoft.VisualStudio.TestPlatform.Extensions.Html.TestLogger, Version=15.0.0.0, Culture=neutral, PublicKeyToken=b03f5f7f11d50a3a' inside file 'C:\Program Files\dotnet\sdk\7.0.404\Extensions\Microsoft.VisualStudio.TestPlatform.Extensions.Html.TestLogger.dll'
TpTrace Verbose: 0 : 21112, 1, 2024/04/29, 22:29:08.107, 376171209482, vstest.console.dll, MetadataReaderExtensionsHelper: Discovering extensions inside assembly 'Microsoft.VisualStudio.TestPlatform.Extensions.Trx.TestLogger, Version=15.0.0.0, Culture=neutral, PublicKeyToken=b03f5f7f11d50a3a' file path 'C:\Program Files\dotnet\sdk\7.0.404\Extensions\Microsoft.VisualStudio.TestPlatform.Extensions.Trx.TestLogger.dll'
TpTrace Information: 0 : 21112, 1, 2024/04/29, 22:29:08.107, 376171211962, vstest.console.dll, GetTestExtensionFromType: Register extension with identifier data 'logger://Microsoft/TestPlatform/TrxLogger/v1' and type 'Microsoft.VisualStudio.TestPlatform.Extensions.TrxLogger.TrxLogger, Microsoft.VisualStudio.TestPlatform.Extensions.Trx.TestLogger, Version=15.0.0.0, Culture=neutral, PublicKeyToken=b03f5f7f11d50a3a' inside file 'C:\Program Files\dotnet\sdk\7.0.404\Extensions\Microsoft.VisualStudio.TestPlatform.Extensions.Trx.TestLogger.dll'
TpTrace Verbose: 0 : 21112, 1, 2024/04/29, 22:29:08.107, 376171212652, vstest.console.dll, TestPluginCache: Discovered the extensions using extension path ''.
TpTrace Verbose: 0 : 21112, 1, 2024/04/29, 22:29:08.107, 376171212959, vstest.console.dll, TestPluginCache: Discoverers are ''.
TpTrace Verbose: 0 : 21112, 1, 2024/04/29, 22:29:08.107, 376171213189, vstest.console.dll, TestPluginCache: Executors are ''.
TpTrace Verbose: 0 : 21112, 1, 2024/04/29, 22:29:08.107, 376171213406, vstest.console.dll, TestPluginCache: Executors2 are ''.
TpTrace Verbose: 0 : 21112, 1, 2024/04/29, 22:29:08.107, 376171213617, vstest.console.dll, TestPluginCache: Setting providers are ''.
TpTrace Verbose: 0 : 21112, 1, 2024/04/29, 22:29:08.107, 376171214204, vstest.console.dll, TestPluginCache: Loggers are 'logger://Microsoft/TestPlatform/Extensions/Blame/v1,logger://Microsoft/TestPlatform/HtmlLogger/v1,logger://Microsoft/TestPlatform/TrxLogger/v1'.
TpTrace Verbose: 0 : 21112, 1, 2024/04/29, 22:29:08.107, 376171214627, vstest.console.dll, TestPluginCache: TestHosts are 'HostProvider://DefaultTestHost,HostProvider://DotnetTestHost'.
TpTrace Verbose: 0 : 21112, 1, 2024/04/29, 22:29:08.107, 376171214897, vstest.console.dll, TestPluginCache: DataCollectors are ''.
TpTrace Information: 0 : 21112, 1, 2024/04/29, 22:29:08.108, 376171222149, vstest.console.dll, TestPluginManager.CreateTestExtension: Attempting to load test extension: Microsoft.TestPlatform.Extensions.BlameDataCollector.BlameLogger
TpTrace Verbose: 0 : 21112, 1, 2024/04/29, 22:29:08.115, 376171287927, vstest.console.dll, TestEngine: Initializing Parallel Execution as MaxCpuCount is set to: 1
TpTrace Information: 0 : 21112, 1, 2024/04/29, 22:29:08.116, 376171303649, vstest.console.dll, TestPluginManager.CreateTestExtension: Attempting to load test extension: Microsoft.VisualStudio.TestPlatform.CrossPlatEngine.Hosting.DefaultTestHostManager
TpTrace Information: 0 : 21112, 1, 2024/04/29, 22:29:08.117, 376171310982, vstest.console.dll, TestPluginManager.CreateTestExtension: Attempting to load test extension: Microsoft.VisualStudio.TestPlatform.CrossPlatEngine.Hosting.DotnetTestHostManager
TpTrace Information: 0 : 21112, 1, 2024/04/29, 22:29:08.117, 376171316182, vstest.console.dll, InferRunSettingsHelper.IsTestSettingsEnabled: Unable to navigate to RunSettings/MSTest. Current node: RunSettings
TpTrace Verbose: 0 : 21112, 1, 2024/04/29, 22:29:08.118, 376171322201, vstest.console.dll, ParallelOperationManager.ClearSlots: Clearing all slots. Slots should accept more work: True
TpTrace Verbose: 0 : 21112, 1, 2024/04/29, 22:29:08.119, 376171328630, vstest.console.dll, ParallelOperationManager.SetOccupiedSlotCount: Setting slot counts AvailableSlotCount = 1, OccupiedSlotCount = 0.
TpTrace Verbose: 0 : 21112, 1, 2024/04/29, 22:29:08.119, 376171332211, vstest.console.dll, Occupied slots:

TpTrace Verbose: 0 : 21112, 1, 2024/04/29, 22:29:08.122, 376171360957, vstest.console.dll, TestEngine.GetExecutionManager: Chosen execution manager 'Microsoft.VisualStudio.TestPlatform.CrossPlatEngine.Client.Parallel.ParallelProxyExecutionManager, Microsoft.TestPlatform.CrossPlatEngine, Version=15.0.0.0, Culture=neutral, PublicKeyToken=b03f5f7f11d50a3a' ParallelLevel '1'.
TpTrace Verbose: 0 : 21112, 1, 2024/04/29, 22:29:08.122, 376171362250, vstest.console.dll, TestRunRequest.ExecuteAsync: Creating test run request.
TpTrace Verbose: 0 : 21112, 1, 2024/04/29, 22:29:08.122, 376171364137, vstest.console.dll, TestRunRequest.ExecuteAsync: Starting.
TpTrace Information: 0 : 21112, 1, 2024/04/29, 22:29:08.122, 376171366295, vstest.console.dll, TestRunRequest.ExecuteAsync: Starting run with settings:TestRunCriteria:
   KeepAlive=False,FrequencyOfRunStatsChangeEvent=10,RunStatsChangeEventTimeout=00:00:01.5000000,TestCaseFilter=,TestExecutorLauncher=
   Settingsxml=<RunSettings>
  <RunConfiguration>
    <ResultsDirectory>C:\Users\Lenovo\Saitynai\RestLS\RestLS.Tests\bin\Debug\net7.0\fine-code-coverage\coverage-tool-output</ResultsDirectory>
    <TargetPlatform>X64</TargetPlatform>
    <TargetFrameworkVersion>.NETCoreApp,Version=v7.0</TargetFrameworkVersion>
    <DesignMode>False</DesignMode>
    <CollectSourceInformation>False</CollectSourceInformation>
  </RunConfiguration>
  <LoggerRunSettings>
    <Loggers>
      <Logger friendlyName="blame" enabled="True" />
      <Logger friendlyName="Console" uri="logger://microsoft/TestPlatform/ConsoleLogger/v1" assemblyQualifiedName="Microsoft.VisualStudio.TestPlatform.CommandLine.Internal.ConsoleLogger, vstest.console, Version=15.0.0.0, Culture=neutral, PublicKeyToken=b03f5f7f11d50a3a" codeBase="C:\Program Files\dotnet\sdk\7.0.404\vstest.console.dll" enabled="True" />
    </Loggers>
  </LoggerRunSettings>
  <DataCollectionRunSettings>
    <DataCollectors>
      <DataCollector friendlyName="blame" enabled="True">
        <Configuration>
          <ResultsDirectory>C:\Users\Lenovo\Saitynai\RestLS\RestLS.Tests\bin\Debug\net7.0\fine-code-coverage\coverage-tool-output</ResultsDirectory>
        </Configuration>
      </DataCollector>
    </DataCollectors>
  </DataCollectionRunSettings>
</RunSettings>

TpTrace Verbose: 0 : 21112, 1, 2024/04/29, 22:29:08.123, 376171367270, vstest.console.dll, TestRunRequest.ExecuteAsync: Wait for the first run request is over.
TpTrace Verbose: 0 : 21112, 1, 2024/04/29, 22:29:08.123, 376171369649, vstest.console.dll, MulticastDelegateUtilities.SafeInvoke: TestRun.TestRunStart: Invoking callbacks was skipped because there are no subscribers.
TpTrace Verbose: 0 : 21112, 4, 2024/04/29, 22:29:08.123, 376171371911, vstest.console.dll, MulticastDelegateUtilities.SafeInvoke: InternalTestLoggerEvents.SendTestRunStart: Invoking callback 1/1 for Microsoft.VisualStudio.TestPlatform.CommandLine.Internal.ConsoleLogger., took 0 ms.
TpTrace Verbose: 0 : 21112, 1, 2024/04/29, 22:29:08.124, 376171381656, vstest.console.dll, ParallelProxyExecutionManager: Start execution. Total sources: 1
TpTrace Verbose: 0 : 21112, 1, 2024/04/29, 22:29:08.124, 376171384590, vstest.console.dll, ParallelOperationManager.StartWork: Starting adding 1 workloads.
TpTrace Verbose: 0 : 21112, 1, 2024/04/29, 22:29:08.124, 376171385663, vstest.console.dll, ParallelOperationManager.ClearSlots: Clearing all slots. Slots should accept more work: True
TpTrace Verbose: 0 : 21112, 1, 2024/04/29, 22:29:08.124, 376171386458, vstest.console.dll, ParallelOperationManager.SetOccupiedSlotCount: Setting slot counts AvailableSlotCount = 1, OccupiedSlotCount = 0.
TpTrace Verbose: 0 : 21112, 1, 2024/04/29, 22:29:08.125, 376171387110, vstest.console.dll, Occupied slots:

TpTrace Verbose: 0 : 21112, 1, 2024/04/29, 22:29:08.126, 376171401113, vstest.console.dll, TestRequestSender is acting as server.
TpTrace Verbose: 0 : 21112, 1, 2024/04/29, 22:29:08.127, 376171413701, vstest.console.dll, ParallelOperationManager.RunWorkInParallel: Adding 1 workload to slot, remaining workloads 0.
TpTrace Verbose: 0 : 21112, 1, 2024/04/29, 22:29:08.127, 376171414227, vstest.console.dll, ParallelOperationManager.SetOccupiedSlotCount: Setting slot counts AvailableSlotCount = 0, OccupiedSlotCount = 1.
TpTrace Verbose: 0 : 21112, 1, 2024/04/29, 22:29:08.127, 376171415149, vstest.console.dll, Occupied slots:
0: C:\Users\Lenovo\Saitynai\RestLS\RestLS.Tests\bin\Debug\net7.0\fine-code-coverage\build-output\RestLS.Tests.dll
TpTrace Verbose: 0 : 21112, 1, 2024/04/29, 22:29:08.128, 376171425720, vstest.console.dll, ParallelOperationManager.RunWorkInParallel: Started host in slot number 0 for work (source): C:\Users\Lenovo\Saitynai\RestLS\RestLS.Tests\bin\Debug\net7.0\fine-code-coverage\build-output\RestLS.Tests.dll.
TpTrace Verbose: 0 : 21112, 1, 2024/04/29, 22:29:08.129, 376171434525, vstest.console.dll, ParallelOperationManager.RunWorkInParallel: We started 1 work items, which is the max parallel level. Won't start more work.
TpTrace Verbose: 0 : 21112, 1, 2024/04/29, 22:29:08.129, 376171435059, vstest.console.dll, ParallelOperationManager.RunWorkInParallel: We started 1 work items in here, returning True.
TpTrace Information: 0 : 21112, 1, 2024/04/29, 22:29:08.129, 376171435380, vstest.console.dll, TestRunRequest.ExecuteAsync: Started.
TpTrace Verbose: 0 : 21112, 5, 2024/04/29, 22:29:08.129, 376171436217, vstest.console.dll, ParallelProxyExecutionManager.StartTestRunOnConcurrentManager: Initializing uninitialized client. Started clients: 0
TpTrace Verbose: 0 : 21112, 1, 2024/04/29, 22:29:08.129, 376171436346, vstest.console.dll, TestRunRequest.WaitForCompletion: Waiting with timeout -1.
TpTrace Verbose: 0 : 21112, 5, 2024/04/29, 22:29:08.130, 376171437741, vstest.console.dll, DataCollectionRequestSender.InitializeCommunication : Initialize communication. 
TpTrace Information: 0 : 21112, 5, 2024/04/29, 22:29:08.133, 376171475067, vstest.console.dll, Listening on Endpoint : 127.0.0.1:63722
TpTrace Verbose: 0 : 21112, 5, 2024/04/29, 22:29:08.139, 376171533132, vstest.console.dll, DotnetDataCollectionLauncher: Adding  --runtimeconfig "C:\Program Files\dotnet\sdk\7.0.404\datacollector.runtimeconfig.json" in args
TpTrace Verbose: 0 : 21112, 5, 2024/04/29, 22:29:08.139, 376171534536, vstest.console.dll, DotnetDataCollectionLauncher: Adding  --depsfile "C:\Program Files\dotnet\sdk\7.0.404\datacollector.deps.json" in args
TpTrace Verbose: 0 : 21112, 5, 2024/04/29, 22:29:08.140, 376171537478, vstest.console.dll, DotnetDataCollectionLauncher: Full path of dotnet.exe is C:\Program Files\dotnet\dotnet.exe
TpTrace Information: 0 : 21112, 5, 2024/04/29, 22:29:08.145, 376171595350, vstest.console.dll, ProxyDataCollectionManager.Initialize: Launched datacollector processId: 616 port: 63722
TpTrace Information: 0 : 21112, 5, 2024/04/29, 22:29:08.146, 376171597223, vstest.console.dll, ProxyDataCollectionManager.Initialize: waiting for connection with timeout: 90 seconds
TpTrace Verbose: 0 : 21112, 5, 2024/04/29, 22:29:08.146, 376171598128, vstest.console.dll, DataCollectionRequestSender.WaitForRequestHandlerConnection : Waiting for connection with timeout: 90000
TpTrace Verbose: 0 : 21112, 5, 2024/04/29, 22:29:08.274, 376172880502, vstest.console.dll, SocketCommunicationManager.WaitForClientConnection took: 128 ms, with 90000 ms timeout, and finished with True.
TpTrace Information: 0 : 21112, 7, 2024/04/29, 22:29:08.274, 376172880440, vstest.console.dll, Using the buffer size of 16384 bytes
TpTrace Verbose: 0 : 21112, 5, 2024/04/29, 22:29:08.274, 376172881908, vstest.console.dll, ProxyDataCollectionManager.InvokeDataCollectionServiceAction: Starting.
TpTrace Information: 0 : 21112, 7, 2024/04/29, 22:29:08.274, 376172882502, vstest.console.dll, Accepted Client request and set the flag
TpTrace Information: 0 : 21112, 5, 2024/04/29, 22:29:08.274, 376172882634, vstest.console.dll, ProxyDataCollectionManager.BeforeTestRunStart: Get environment variable and port for datacollector processId: 616 port: 63722
TpTrace Verbose: 0 : 21112, 5, 2024/04/29, 22:29:08.274, 376172884472, vstest.console.dll, DataCollectionRequestSender.SendBeforeTestRunStartAndGetResult: Send BeforeTestRunStart message with settingsXml <RunSettings><RunConfiguration><ResultsDirectory>C:\Users\Lenovo\Saitynai\RestLS\RestLS.Tests\bin\Debug\net7.0\fine-code-coverage\coverage-tool-output</ResultsDirectory><TargetPlatform>X64</TargetPlatform><TargetFrameworkVersion>.NETCoreApp,Version=v7.0</TargetFrameworkVersion><DesignMode>False</DesignMode><CollectSourceInformation>False</CollectSourceInformation><TestAdaptersPaths>C:\Program Files\dotnet\sdk\7.0.404\Extensions</TestAdaptersPaths></RunConfiguration><LoggerRunSettings><Loggers><Logger friendlyName="blame" enabled="True" /><Logger friendlyName="Console" uri="logger://microsoft/TestPlatform/ConsoleLogger/v1" assemblyQualifiedName="Microsoft.VisualStudio.TestPlatform.CommandLine.Internal.ConsoleLogger, vstest.console, Version=15.0.0.0, Culture=neutral, PublicKeyToken=b03f5f7f11d50a3a" codeBase="C:\Program Files\dotnet\sdk\7.0.404\vstest.console.dll" enabled="True" /></Loggers></LoggerRunSettings><DataCollectionRunSettings><DataCollectors><DataCollector friendlyName="blame" enabled="True"><Configuration><ResultsDirectory>C:\Users\Lenovo\Saitynai\RestLS\RestLS.Tests\bin\Debug\net7.0\fine-code-coverage\coverage-tool-output</ResultsDirectory></Configuration></DataCollector></DataCollectors></DataCollectionRunSettings></RunSettings> and sources System.Collections.Generic.List`1[System.String]: 
TpTrace Verbose: 0 : 21112, 5, 2024/04/29, 22:29:08.352, 376173666348, vstest.console.dll, DataCollectionRequestSender.SendBeforeTestRunStartAndGetResult: Received message: (DataCollection.SendMessage) -> {"MessageType":"DataCollection.SendMessage","Payload":{"FriendlyName":null,"Uri":null,"TestCaseId":"00000000-0000-0000-0000-000000000000","Message":"Logging DataCollector Diagnostics in file: C:\\Users\\Lenovo\\Saitynai\\RestLS\\RestLS.Tests\\bin\\Debug\\net7.0\\fine-code-coverage\\coverage-tool-output\\diagnostics.datacollector.24-04-29_22-29-08_13937_5.log","Level":0}}
TpTrace Verbose: 0 : 21112, 5, 2024/04/29, 22:29:08.445, 376174587869, vstest.console.dll, DataCollectionRequestSender.SendBeforeTestRunStartAndGetResult: Received message: (DataCollection.BeforeTestRunStartResult) -> {"MessageType":"DataCollection.BeforeTestRunStartResult","Payload":{"EnvironmentVariables":{},"DataCollectionEventsPort":63724}}
TpTrace Information: 0 : 21112, 5, 2024/04/29, 22:29:08.450, 376174642257, vstest.console.dll, ProxyDataCollectionManager.BeforeTestRunStart: SendBeforeTestRunStartAndGetResult successful, env variable from datacollector:   and testhost port: 63724
TpTrace Information: 0 : 21112, 5, 2024/04/29, 22:29:08.450, 376174643273, vstest.console.dll, ProxyDataCollectionManager.InvokeDataCollectionServiceAction: Completed.
TpTrace Verbose: 0 : 21112, 5, 2024/04/29, 22:29:08.450, 376174643686, vstest.console.dll, ParallelProxyExecutionManager.StartTestRunOnConcurrentManager: Initializing test run. Started clients: 0
TpTrace Verbose: 0 : 21112, 5, 2024/04/29, 22:29:08.450, 376174644450, vstest.console.dll, ProxyExecutionManager: Test host is always Lazy initialize.
TpTrace Verbose: 0 : 21112, 5, 2024/04/29, 22:29:08.451, 376174646971, vstest.console.dll, TestRequestSender.InitializeCommunication: initialize communication. 
TpTrace Information: 0 : 21112, 5, 2024/04/29, 22:29:08.451, 376174651650, vstest.console.dll, SocketServer.Start: Listening on endpoint : 127.0.0.1:63725
TpTrace Verbose: 0 : 21112, 5, 2024/04/29, 22:29:08.452, 376174659223, vstest.console.dll, DotnetTestHostmanager.GetTestHostProcessStartInfo: Platform environment 'X64' target architecture 'X64' framework '.NETCoreApp,Version=v7.0' OS 'Windows'
TpTrace Verbose: 0 : 21112, 5, 2024/04/29, 22:29:08.452, 376174660896, vstest.console.dll, DotnetTestHostmanager: Adding  --runtimeconfig "C:\Users\Lenovo\Saitynai\RestLS\RestLS.Tests\bin\Debug\net7.0\fine-code-coverage\build-output\RestLS.Tests.runtimeconfig.json" in args
TpTrace Verbose: 0 : 21112, 5, 2024/04/29, 22:29:08.452, 376174661694, vstest.console.dll, DotnetTestHostmanager: Adding  --depsfile "C:\Users\Lenovo\Saitynai\RestLS\RestLS.Tests\bin\Debug\net7.0\fine-code-coverage\build-output\RestLS.Tests.deps.json" in args
TpTrace Verbose: 0 : 21112, 5, 2024/04/29, 22:29:08.452, 376174662989, vstest.console.dll, DotnetTestHostmanager.IsWinOnArm: Current PROCESSOR_ARCHITECTURE from environment variable 'AMD64'
TpTrace Verbose: 0 : 21112, 5, 2024/04/29, 22:29:08.452, 376174663538, vstest.console.dll, DotnetTestHostmanager.IsWinOnArm: Is Windows on ARM 'False'
TpTrace Verbose: 0 : 21112, 5, 2024/04/29, 22:29:08.452, 376174664255, vstest.console.dll, DotnetTestHostManager: testhost.exe found at path: C:\Users\Lenovo\Saitynai\RestLS\RestLS.Tests\bin\Debug\net7.0\fine-code-coverage\build-output\testhost.exe
TpTrace Verbose: 0 : 21112, 5, 2024/04/29, 22:29:08.452, 376174664630, vstest.console.dll, DotnetTestHostmanager: Full path of host exe is C:\Users\Lenovo\Saitynai\RestLS\RestLS.Tests\bin\Debug\net7.0\fine-code-coverage\build-output\testhost.exe
TpTrace Verbose: 0 : 21112, 5, 2024/04/29, 22:29:08.452, 376174665778, vstest.console.dll, DotnetTestHostmanager.LaunchTestHostAsync: Found 'VSTEST_WINAPPHOST_DOTNET_ROOT' in env variables, value 'C:\Program Files\dotnet', forwarding to 'DOTNET_ROOT'
TpTrace Verbose: 0 : 21112, 5, 2024/04/29, 22:29:08.453, 376174667297, vstest.console.dll, DotnetTestHostManager: Starting process 'C:\Users\Lenovo\Saitynai\RestLS\RestLS.Tests\bin\Debug\net7.0\fine-code-coverage\build-output\testhost.exe' with command line ' --runtimeconfig "C:\Users\Lenovo\Saitynai\RestLS\RestLS.Tests\bin\Debug\net7.0\fine-code-coverage\build-output\RestLS.Tests.runtimeconfig.json" --depsfile "C:\Users\Lenovo\Saitynai\RestLS\RestLS.Tests\bin\Debug\net7.0\fine-code-coverage\build-output\RestLS.Tests.deps.json" --port 63725 --endpoint 127.0.0.1:063725 --role client --parentprocessid 21112 --diag "C:\Users\Lenovo\Saitynai\RestLS\RestLS.Tests\bin\Debug\net7.0\fine-code-coverage\coverage-tool-output\diagnostics.host.24-04-29_22-29-08_45184_5.log" --tracelevel 4 --datacollectionport 63724 --telemetryoptedin false'
TpTrace Verbose: 0 : 21112, 5, 2024/04/29, 22:29:08.460, 376174742113, vstest.console.dll, MulticastDelegateUtilities.SafeInvoke: HostProviderEvents.OnHostLaunched: Invoking callback 1/2 for Microsoft.VisualStudio.TestPlatform.CrossPlatEngine.Client.ProxyExecutionManagerWithDataCollection., took 1 ms.
TpTrace Verbose: 0 : 21112, 5, 2024/04/29, 22:29:08.460, 376174745234, vstest.console.dll, Test Runtime launched
TpTrace Verbose: 0 : 21112, 5, 2024/04/29, 22:29:08.460, 376174746074, vstest.console.dll, MulticastDelegateUtilities.SafeInvoke: HostProviderEvents.OnHostLaunched: Invoking callback 2/2 for Microsoft.VisualStudio.TestPlatform.CrossPlatEngine.Client.ProxyOperationManager., took 0 ms.
TpTrace Verbose: 0 : 21112, 5, 2024/04/29, 22:29:08.461, 376174748250, vstest.console.dll, TestRequestSender.WaitForRequestHandlerConnection: waiting for connection with timeout: 90000.
TpTrace Verbose: 0 : 21112, 5, 2024/04/29, 22:29:08.617, 376176308968, vstest.console.dll, TestRequestSender.WaitForRequestHandlerConnection: waiting took 156 ms, with timeout 90000 ms, and result 0, which is success.
TpTrace Verbose: 0 : 21112, 7, 2024/04/29, 22:29:08.617, 376176308967, vstest.console.dll, MulticastDelegateUtilities.SafeInvoke: SocketServer: ClientConnected: Invoking callback 1/1 for Microsoft.VisualStudio.TestPlatform.CommunicationUtilities.TestRequestSender., took 0 ms.
TpTrace Verbose: 0 : 21112, 7, 2024/04/29, 22:29:08.617, 376176311067, vstest.console.dll, SocketServer.OnClientConnected: Client connected for endPoint: 127.0.0.1:63725, starting MessageLoopAsync:
TpTrace Verbose: 0 : 21112, 7, 2024/04/29, 22:29:08.617, 376176313220, vstest.console.dll, TcpClientExtensions.MessageLoopAsync: Polling on remoteEndPoint: 127.0.0.1:63726 localEndPoint: 127.0.0.1:63725
TpTrace Verbose: 0 : 21112, 5, 2024/04/29, 22:29:08.618, 376176318112, vstest.console.dll, TestRequestSender.CheckVersionWithTestHost: Sending check version message: {"MessageType":"ProtocolVersion","Payload":7}
TpTrace Verbose: 0 : 21112, 7, 2024/04/29, 22:29:08.732, 376177466219, vstest.console.dll, TcpClientExtensions.MessageLoopAsync: NotifyDataAvailable remoteEndPoint: 127.0.0.1:63726 localEndPoint: 127.0.0.1:63725
TpTrace Verbose: 0 : 21112, 7, 2024/04/29, 22:29:08.733, 376177467958, vstest.console.dll, TestRequestSender.CheckVersionWithTestHost: onMessageReceived received message: (ProtocolVersion) -> {"MessageType":"ProtocolVersion","Payload":7}
TpTrace Verbose: 0 : 21112, 7, 2024/04/29, 22:29:08.733, 376177472507, vstest.console.dll, MulticastDelegateUtilities.SafeInvoke: LengthPrefixCommunicationChannel: MessageReceived: Invoking callback 1/1 for Microsoft.VisualStudio.TestPlatform.CommunicationUtilities.TestRequestSender+<>c__DisplayClass29_0., took 0 ms.
TpTrace Verbose: 0 : 21112, 7, 2024/04/29, 22:29:08.733, 376177473200, vstest.console.dll, TcpClientExtensions.MessageLoopAsync: Polling on remoteEndPoint: 127.0.0.1:63726 localEndPoint: 127.0.0.1:63725
TpTrace Verbose: 0 : 21112, 5, 2024/04/29, 22:29:08.733, 376177473539, vstest.console.dll, TestPluginCache.GetExtensionPaths: Filtered extension paths: 
TpTrace Verbose: 0 : 21112, 5, 2024/04/29, 22:29:08.733, 376177474060, vstest.console.dll, TestPluginCache.GetExtensionPaths: Added default extension paths: C:\Program Files\dotnet\sdk\7.0.404\Extensions\Microsoft.Diagnostics.NETCore.Client.dll
C:\Program Files\dotnet\sdk\7.0.404\Extensions\Microsoft.TestPlatform.Extensions.BlameDataCollector.dll
C:\Program Files\dotnet\sdk\7.0.404\Extensions\Microsoft.TestPlatform.Extensions.EventLogCollector.dll
C:\Program Files\dotnet\sdk\7.0.404\Extensions\Microsoft.TestPlatform.TestHostRuntimeProvider.dll
C:\Program Files\dotnet\sdk\7.0.404\Extensions\Microsoft.VisualStudio.TestPlatform.Extensions.Html.TestLogger.dll
C:\Program Files\dotnet\sdk\7.0.404\Extensions\Microsoft.VisualStudio.TestPlatform.Extensions.Trx.TestLogger.dll
TpTrace Verbose: 0 : 21112, 5, 2024/04/29, 22:29:08.733, 376177474349, vstest.console.dll, TestPluginCache.GetExtensionPaths: Added unfilterableExtensionPaths: 
TpTrace Verbose: 0 : 21112, 5, 2024/04/29, 22:29:08.736, 376177499349, vstest.console.dll, TestRequestSender.InitializeExecution: Sending initialize execution with message: {"Version":7,"MessageType":"TestExecution.Initialize","Payload":["C:\\Users\\Lenovo\\Saitynai\\RestLS\\RestLS.Tests\\bin\\Debug\\net7.0\\fine-code-coverage\\build-output\\xunit.runner.visualstudio.dotnetcore.testadapter.dll"]}
TpTrace Verbose: 0 : 21112, 5, 2024/04/29, 22:29:08.736, 376177502958, vstest.console.dll, ParallelProxyExecutionManager.StartTestRunOnConcurrentManager: Execution starting. Started clients: 1
TpTrace Verbose: 0 : 21112, 5, 2024/04/29, 22:29:08.736, 376177505526, vstest.console.dll, TestRunRequest:SendTestRunMessage: Starting.
TpTrace Verbose: 0 : 21112, 5, 2024/04/29, 22:29:08.737, 376177506887, vstest.console.dll, MulticastDelegateUtilities.SafeInvoke: TestRun.LogMessages: Invoking callback 1/1 for Microsoft.VisualStudio.TestPlatform.CommandLine.TestRunResultAggregator., took 0 ms.
TpTrace Information: 0 : 21112, 5, 2024/04/29, 22:29:08.737, 376177507263, vstest.console.dll, TestRunRequest:SendTestRunMessage: Completed.
TpTrace Verbose: 0 : 21112, 4, 2024/04/29, 22:29:08.737, 376177508656, vstest.console.dll, MulticastDelegateUtilities.SafeInvoke: InternalTestLoggerEvents.SendTestRunMessage: Invoking callback 1/1 for Microsoft.VisualStudio.TestPlatform.CommandLine.Internal.ConsoleLogger., took 0 ms.
TpTrace Warning: 0 : 21112, 5, 2024/04/29, 22:29:08.737, 376177510438, vstest.console.dll, InferRunSettingsHelper.MakeRunsettingsCompatible: Removing the following settings: TargetPlatform from RunSettings file. To use those settings please move to latest version of Microsoft.NET.Test.Sdk
TpTrace Verbose: 0 : 21112, 7, 2024/04/29, 22:29:08.738, 376177525901, vstest.console.dll, TcpClientExtensions.MessageLoopAsync: NotifyDataAvailable remoteEndPoint: 127.0.0.1:63726 localEndPoint: 127.0.0.1:63725
TpTrace Verbose: 0 : 21112, 7, 2024/04/29, 22:29:08.739, 376177529984, vstest.console.dll, TestRequestSender.OnExecutionMessageReceived: Received message: {"Version":7,"MessageType":"TestSession.Message","Payload":{"MessageLevel":0,"Message":"Logging TestHost Diagnostics in file: C:\\Users\\Lenovo\\Saitynai\\RestLS\\RestLS.Tests\\bin\\Debug\\net7.0\\fine-code-coverage\\coverage-tool-output\\diagnostics.host.24-04-29_22-29-08_45184_5.log"}}
TpTrace Verbose: 0 : 21112, 7, 2024/04/29, 22:29:08.747, 376177610604, vstest.console.dll, TestRunRequest:SendTestRunMessage: Starting.
TpTrace Verbose: 0 : 21112, 7, 2024/04/29, 22:29:08.747, 376177611882, vstest.console.dll, MulticastDelegateUtilities.SafeInvoke: TestRun.LogMessages: Invoking callback 1/1 for Microsoft.VisualStudio.TestPlatform.CommandLine.TestRunResultAggregator., took 0 ms.
TpTrace Information: 0 : 21112, 7, 2024/04/29, 22:29:08.747, 376177612247, vstest.console.dll, TestRunRequest:SendTestRunMessage: Completed.
TpTrace Verbose: 0 : 21112, 4, 2024/04/29, 22:29:08.747, 376177612384, vstest.console.dll, MulticastDelegateUtilities.SafeInvoke: InternalTestLoggerEvents.SendTestRunMessage: Invoking callback 1/1 for Microsoft.VisualStudio.TestPlatform.CommandLine.Internal.ConsoleLogger., took 0 ms.
TpTrace Verbose: 0 : 21112, 7, 2024/04/29, 22:29:08.747, 376177612571, vstest.console.dll, MulticastDelegateUtilities.SafeInvoke: LengthPrefixCommunicationChannel: MessageReceived: Invoking callback 1/1 for Microsoft.VisualStudio.TestPlatform.CommunicationUtilities.TestRequestSender+<>c__DisplayClass34_0., took 8 ms.
TpTrace Verbose: 0 : 21112, 7, 2024/04/29, 22:29:08.747, 376177613365, vstest.console.dll, TcpClientExtensions.MessageLoopAsync: Polling on remoteEndPoint: 127.0.0.1:63726 localEndPoint: 127.0.0.1:63725
TpTrace Verbose: 0 : 21112, 5, 2024/04/29, 22:29:08.749, 376177634502, vstest.console.dll, TestRequestSender.StartTestRun: Sending test run with message: {"Version":7,"MessageType":"TestExecution.StartWithSources","Payload":{"AdapterSourceMap":{"_none_":["C:\\Users\\Lenovo\\Saitynai\\RestLS\\RestLS.Tests\\bin\\Debug\\net7.0\\fine-code-coverage\\build-output\\RestLS.Tests.dll"]},"RunSettings":"<RunSettings>\r\n  <RunConfiguration>\r\n    <ResultsDirectory>C:\\Users\\Lenovo\\Saitynai\\RestLS\\RestLS.Tests\\bin\\Debug\\net7.0\\fine-code-coverage\\coverage-tool-output</ResultsDirectory>\r\n    <TargetFrameworkVersion>.NETCoreApp,Version=v7.0</TargetFrameworkVersion>\r\n    <DesignMode>False</DesignMode>\r\n    <CollectSourceInformation>False</CollectSourceInformation>\r\n  </RunConfiguration>\r\n  <LoggerRunSettings>\r\n    <Loggers>\r\n      <Logger friendlyName=\"blame\" enabled=\"True\" />\r\n      <Logger friendlyName=\"Console\" uri=\"logger://microsoft/TestPlatform/ConsoleLogger/v1\" assemblyQualifiedName=\"Microsoft.VisualStudio.TestPlatform.CommandLine.Internal.ConsoleLogger, vstest.console, Version=15.0.0.0, Culture=neutral, PublicKeyToken=b03f5f7f11d50a3a\" codeBase=\"C:\\Program Files\\dotnet\\sdk\\7.0.404\\vstest.console.dll\" enabled=\"True\" />\r\n    </Loggers>\r\n  </LoggerRunSettings>\r\n  <DataCollectionRunSettings>\r\n    <DataCollectors>\r\n      <DataCollector friendlyName=\"blame\" enabled=\"True\">\r\n        <Configuration>\r\n          <ResultsDirectory>C:\\Users\\Lenovo\\Saitynai\\RestLS\\RestLS.Tests\\bin\\Debug\\net7.0\\fine-code-coverage\\coverage-tool-output</ResultsDirectory>\r\n        </Configuration>\r\n      </DataCollector>\r\n    </DataCollectors>\r\n  </DataCollectionRunSettings>\r\n</RunSettings>","TestExecutionContext":{"FrequencyOfRunStatsChangeEvent":10,"RunStatsChangeEventTimeout":"00:00:01.5000000","InIsolation":false,"KeepAlive":false,"AreTestCaseLevelEventsRequired":false,"IsDebug":false,"TestCaseFilter":null,"FilterOptions":null},"Package":null}}
TpTrace Verbose: 0 : 21112, 5, 2024/04/29, 22:29:08.749, 376177635689, vstest.console.dll, ParallelProxyExecutionManager.StartTestRunOnConcurrentManager: Execution started. Started clients: 1
TpTrace Verbose: 0 : 21112, 7, 2024/04/29, 22:29:08.861, 376178750317, vstest.console.dll, TcpClientExtensions.MessageLoopAsync: NotifyDataAvailable remoteEndPoint: 127.0.0.1:63726 localEndPoint: 127.0.0.1:63725
TpTrace Verbose: 0 : 21112, 7, 2024/04/29, 22:29:08.861, 376178751580, vstest.console.dll, TestRequestSender.OnExecutionMessageReceived: Received message: {"Version":7,"MessageType":"TestSession.Message","Payload":{"MessageLevel":0,"Message":"[xUnit.net 00:00:00.00] xUnit.net VSTest Adapter v2.4.5+1caef2f33e (64-bit .NET 7.0.14)"}}
TpTrace Verbose: 0 : 21112, 7, 2024/04/29, 22:29:08.861, 376178753359, vstest.console.dll, TestRunRequest:SendTestRunMessage: Starting.
TpTrace Verbose: 0 : 21112, 7, 2024/04/29, 22:29:08.861, 376178753909, vstest.console.dll, MulticastDelegateUtilities.SafeInvoke: TestRun.LogMessages: Invoking callback 1/1 for Microsoft.VisualStudio.TestPlatform.CommandLine.TestRunResultAggregator., took 0 ms.
TpTrace Information: 0 : 21112, 7, 2024/04/29, 22:29:08.861, 376178754193, vstest.console.dll, TestRunRequest:SendTestRunMessage: Completed.
TpTrace Verbose: 0 : 21112, 7, 2024/04/29, 22:29:08.861, 376178754438, vstest.console.dll, MulticastDelegateUtilities.SafeInvoke: LengthPrefixCommunicationChannel: MessageReceived: Invoking callback 1/1 for Microsoft.VisualStudio.TestPlatform.CommunicationUtilities.TestRequestSender+<>c__DisplayClass34_0., took 0 ms.
TpTrace Verbose: 0 : 21112, 4, 2024/04/29, 22:29:08.861, 376178754454, vstest.console.dll, MulticastDelegateUtilities.SafeInvoke: InternalTestLoggerEvents.SendTestRunMessage: Invoking callback 1/1 for Microsoft.VisualStudio.TestPlatform.CommandLine.Internal.ConsoleLogger., took 0 ms.
TpTrace Verbose: 0 : 21112, 7, 2024/04/29, 22:29:08.861, 376178754714, vstest.console.dll, TcpClientExtensions.MessageLoopAsync: Polling on remoteEndPoint: 127.0.0.1:63726 localEndPoint: 127.0.0.1:63725
TpTrace Verbose: 0 : 21112, 7, 2024/04/29, 22:29:09.676, 376186897380, vstest.console.dll, TcpClientExtensions.MessageLoopAsync: NotifyDataAvailable remoteEndPoint: 127.0.0.1:63726 localEndPoint: 127.0.0.1:63725
TpTrace Verbose: 0 : 21112, 7, 2024/04/29, 22:29:09.676, 376186899433, vstest.console.dll, TestRequestSender.OnExecutionMessageReceived: Received message: {"Version":7,"MessageType":"TestSession.Message","Payload":{"MessageLevel":0,"Message":"[xUnit.net 00:00:00.81]   Discovering: RestLS.Tests"}}
TpTrace Verbose: 0 : 21112, 7, 2024/04/29, 22:29:09.676, 376186901284, vstest.console.dll, TestRunRequest:SendTestRunMessage: Starting.
TpTrace Verbose: 0 : 21112, 7, 2024/04/29, 22:29:09.676, 376186902162, vstest.console.dll, MulticastDelegateUtilities.SafeInvoke: TestRun.LogMessages: Invoking callback 1/1 for Microsoft.VisualStudio.TestPlatform.CommandLine.TestRunResultAggregator., took 0 ms.
TpTrace Information: 0 : 21112, 7, 2024/04/29, 22:29:09.676, 376186902731, vstest.console.dll, TestRunRequest:SendTestRunMessage: Completed.
TpTrace Verbose: 0 : 21112, 7, 2024/04/29, 22:29:09.676, 376186903548, vstest.console.dll, MulticastDelegateUtilities.SafeInvoke: LengthPrefixCommunicationChannel: MessageReceived: Invoking callback 1/1 for Microsoft.VisualStudio.TestPlatform.CommunicationUtilities.TestRequestSender+<>c__DisplayClass34_0., took 0 ms.
TpTrace Verbose: 0 : 21112, 7, 2024/04/29, 22:29:09.676, 376186904143, vstest.console.dll, TcpClientExtensions.MessageLoopAsync: Polling on remoteEndPoint: 127.0.0.1:63726 localEndPoint: 127.0.0.1:63725
TpTrace Verbose: 0 : 21112, 4, 2024/04/29, 22:29:09.676, 376186902743, vstest.console.dll, MulticastDelegateUtilities.SafeInvoke: InternalTestLoggerEvents.SendTestRunMessage: Invoking callback 1/1 for Microsoft.VisualStudio.TestPlatform.CommandLine.Internal.ConsoleLogger., took 0 ms.
TpTrace Verbose: 0 : 21112, 7, 2024/04/29, 22:29:09.709, 376187236116, vstest.console.dll, TcpClientExtensions.MessageLoopAsync: NotifyDataAvailable remoteEndPoint: 127.0.0.1:63726 localEndPoint: 127.0.0.1:63725
TpTrace Verbose: 0 : 21112, 7, 2024/04/29, 22:29:09.710, 376187237764, vstest.console.dll, TestRequestSender.OnExecutionMessageReceived: Received message: {"Version":7,"MessageType":"TestSession.Message","Payload":{"MessageLevel":0,"Message":"[xUnit.net 00:00:00.85]   Discovered:  RestLS.Tests"}}
TpTrace Verbose: 0 : 21112, 7, 2024/04/29, 22:29:09.710, 376187239063, vstest.console.dll, TestRunRequest:SendTestRunMessage: Starting.
TpTrace Verbose: 0 : 21112, 7, 2024/04/29, 22:29:09.710, 376187239637, vstest.console.dll, MulticastDelegateUtilities.SafeInvoke: TestRun.LogMessages: Invoking callback 1/1 for Microsoft.VisualStudio.TestPlatform.CommandLine.TestRunResultAggregator., took 0 ms.
TpTrace Information: 0 : 21112, 7, 2024/04/29, 22:29:09.710, 376187239943, vstest.console.dll, TestRunRequest:SendTestRunMessage: Completed.
TpTrace Verbose: 0 : 21112, 4, 2024/04/29, 22:29:09.710, 376187239943, vstest.console.dll, MulticastDelegateUtilities.SafeInvoke: InternalTestLoggerEvents.SendTestRunMessage: Invoking callback 1/1 for Microsoft.VisualStudio.TestPlatform.CommandLine.Internal.ConsoleLogger., took 0 ms.
TpTrace Verbose: 0 : 21112, 7, 2024/04/29, 22:29:09.710, 376187240303, vstest.console.dll, MulticastDelegateUtilities.SafeInvoke: LengthPrefixCommunicationChannel: MessageReceived: Invoking callback 1/1 for Microsoft.VisualStudio.TestPlatform.CommunicationUtilities.TestRequestSender+<>c__DisplayClass34_0., took 0 ms.
TpTrace Verbose: 0 : 21112, 7, 2024/04/29, 22:29:09.710, 376187241765, vstest.console.dll, TcpClientExtensions.MessageLoopAsync: Polling on remoteEndPoint: 127.0.0.1:63726 localEndPoint: 127.0.0.1:63725
TpTrace Verbose: 0 : 21112, 7, 2024/04/29, 22:29:09.713, 376187267867, vstest.console.dll, TcpClientExtensions.MessageLoopAsync: NotifyDataAvailable remoteEndPoint: 127.0.0.1:63726 localEndPoint: 127.0.0.1:63725
TpTrace Verbose: 0 : 21112, 7, 2024/04/29, 22:29:09.713, 376187270111, vstest.console.dll, TestRequestSender.OnExecutionMessageReceived: Received message: {"Version":7,"MessageType":"TestSession.Message","Payload":{"MessageLevel":0,"Message":"[xUnit.net 00:00:00.85]   Starting:    RestLS.Tests"}}
TpTrace Verbose: 0 : 21112, 7, 2024/04/29, 22:29:09.713, 376187271366, vstest.console.dll, TestRunRequest:SendTestRunMessage: Starting.
TpTrace Verbose: 0 : 21112, 7, 2024/04/29, 22:29:09.713, 376187271941, vstest.console.dll, MulticastDelegateUtilities.SafeInvoke: TestRun.LogMessages: Invoking callback 1/1 for Microsoft.VisualStudio.TestPlatform.CommandLine.TestRunResultAggregator., took 0 ms.
TpTrace Information: 0 : 21112, 7, 2024/04/29, 22:29:09.713, 376187272316, vstest.console.dll, TestRunRequest:SendTestRunMessage: Completed.
TpTrace Verbose: 0 : 21112, 4, 2024/04/29, 22:29:09.713, 376187272564, vstest.console.dll, MulticastDelegateUtilities.SafeInvoke: InternalTestLoggerEvents.SendTestRunMessage: Invoking callback 1/1 for Microsoft.VisualStudio.TestPlatform.CommandLine.Internal.ConsoleLogger., took 0 ms.
TpTrace Verbose: 0 : 21112, 7, 2024/04/29, 22:29:09.713, 376187272625, vstest.console.dll, MulticastDelegateUtilities.SafeInvoke: LengthPrefixCommunicationChannel: MessageReceived: Invoking callback 1/1 for Microsoft.VisualStudio.TestPlatform.CommunicationUtilities.TestRequestSender+<>c__DisplayClass34_0., took 0 ms.
TpTrace Verbose: 0 : 21112, 7, 2024/04/29, 22:29:09.713, 376187273579, vstest.console.dll, TcpClientExtensions.MessageLoopAsync: Polling on remoteEndPoint: 127.0.0.1:63726 localEndPoint: 127.0.0.1:63725
TpTrace Verbose: 0 : 21112, 7, 2024/04/29, 22:29:09.913, 376189266966, vstest.console.dll, TcpClientExtensions.MessageLoopAsync: NotifyDataAvailable remoteEndPoint: 127.0.0.1:63726 localEndPoint: 127.0.0.1:63725
TpTrace Verbose: 0 : 21112, 7, 2024/04/29, 22:29:09.913, 376189269380, vstest.console.dll, TestRequestSender.OnExecutionMessageReceived: Received message: {"Version":7,"MessageType":"TestExecution.StatsChange","Payload":{"NewTestResults":[{"TestCase":{"Id":"d2566982-7693-f214-32b8-6feb90620ec1","FullyQualifiedName":"RestLS.Tests.UnitTest1.Test1","DisplayName":"RestLS.Tests.UnitTest1.Test1","ExecutorUri":"executor://xunit/VsTestRunner2/netcoreapp","Source":"C:\\Users\\Lenovo\\Saitynai\\RestLS\\RestLS.Tests\\bin\\Debug\\net7.0\\fine-code-coverage\\build-output\\RestLS.Tests.dll","CodeFilePath":null,"LineNumber":0,"Properties":[]},"Attachments":[],"Outcome":1,"ErrorMessage":null,"ErrorStackTrace":null,"DisplayName":"RestLS.Tests.UnitTest1.Test1","Messages":[],"ComputerName":"DESKTOP-BER0QO3","Duration":"00:00:00.0036780","StartTime":"2024-04-29T19:29:09.795592+00:00","EndTime":"2024-04-29T19:29:09.7956259+00:00","Properties":[]},{"TestCase":{"Id":"09dd15c1-e538-8b9d-7bc5-7a13556d2d36","FullyQualifiedName":"RestLS.Tests.Controllers.NotificationsControllerTests.Create_ReturnsCreatedResult","DisplayName":"RestLS.Tests.Controllers.NotificationsControllerTests.Create_ReturnsCreatedResult","ExecutorUri":"executor://xunit/VsTestRunner2/netcoreapp","Source":"C:\\Users\\Lenovo\\Saitynai\\RestLS\\RestLS.Tests\\bin\\Debug\\net7.0\\fine-code-coverage\\build-output\\RestLS.Tests.dll","CodeFilePath":null,"LineNumber":0,"Properties":[]},"Attachments":[],"Outcome":1,"ErrorMessage":null,"ErrorStackTrace":null,"DisplayName":"RestLS.Tests.Controllers.NotificationsControllerTests.Create_ReturnsCreatedResult","Messages":[],"ComputerName":"DESKTOP-BER0QO3","Duration":"00:00:00.1046475","StartTime":"2024-04-29T19:29:09.8698774+00:00","EndTime":"2024-04-29T19:29:09.8698776+00:00","Properties":[]}],"TestRunStatistics":{"ExecutedTests":2,"Stats":{"Passed":2}},"ActiveTests":[{"Id":"9867bc6a-8c5e-0171-edb8-3e92826c0a46","FullyQualifiedName":"RestLS.Tests.Controllers.AuthControllerTests.Register_WithValidModel_ReturnsCreatedAtAction","DisplayName":"RestLS.Tests.Controllers.AuthControllerTests.Register_WithValidModel_ReturnsCreatedAtAction","ExecutorUri":"executor://xunit/VsTestRunner2/netcoreapp","Source":"C:\\Users\\Lenovo\\Saitynai\\RestLS\\RestLS.Tests\\bin\\Debug\\net7.0\\fine-code-coverage\\build-output\\RestLS.Tests.dll","CodeFilePath":null,"LineNumber":0,"Properties":[]},{"Id":"79e5a3ac-8318-d430-496b-3bb0065e4c20","FullyQualifiedName":"RestLS.Tests.Controllers.TherapiesControllerTests.Remove_ReturnsNoContentResult","DisplayName":"RestLS.Tests.Controllers.TherapiesControllerTests.Remove_ReturnsNoContentResult","ExecutorUri":"executor://xunit/VsTestRunner2/netcoreapp","Source":"C:\\Users\\Lenovo\\Saitynai\\RestLS\\RestLS.Tests\\bin\\Debug\\net7.0\\fine-code-coverage\\build-output\\RestLS.Tests.dll","CodeFilePath":null,"LineNumber":0,"Properties":[]},{"Id":"3e50de6c-8ca6-df2b-1f18-c253ac1476fe","FullyQualifiedName":"RestLS.Tests.Controllers.UsersControllerTests.UpdatePassword_ReturnsOk","DisplayName":"RestLS.Tests.Controllers.UsersControllerTests.UpdatePassword_ReturnsOk","ExecutorUri":"executor://xunit/VsTestRunner2/netcoreapp","Source":"C:\\Users\\Lenovo\\Saitynai\\RestLS\\RestLS.Tests\\bin\\Debug\\net7.0\\fine-code-coverage\\build-output\\RestLS.Tests.dll","CodeFilePath":null,"LineNumber":0,"Properties":[]},{"Id":"189f6fec-359c-42a5-e86b-94c0a389ff0d","FullyQualifiedName":"RestLS.Tests.Controllers.RecommendationsControllerTests.Get_ReturnsRecommendation","DisplayName":"RestLS.Tests.Controllers.RecommendationsControllerTests.Get_ReturnsRecommendation","ExecutorUri":"executor://xunit/VsTestRunner2/netcoreapp","Source":"C:\\Users\\Lenovo\\Saitynai\\RestLS\\RestLS.Tests\\bin\\Debug\\net7.0\\fine-code-coverage\\build-output\\RestLS.Tests.dll","CodeFilePath":null,"LineNumber":0,"Properties":[]},{"Id":"8cc4b511-4374-d1c9-30c7-3b4e46dcf1c7","FullyQualifiedName":"RestLS.Tests.Controllers.TestsControllerTests.Create_ReturnsCreatedResult","DisplayName":"RestLS.Tests.Controllers.TestsControllerTests.Create_ReturnsCreatedResult","ExecutorUri":"executor://xunit/VsTestRunner2/netcoreapp","Source":"C:\\Users\\Lenovo\\Saitynai\\RestLS\\RestLS.Tests\\bin\\Debug\\net7.0\\fine-code-coverage\\build-output\\RestLS.Tests.dll","CodeFilePath":null,"LineNumber":0,"Properties":[]},{"Id":"8b5b6233-8ac3-1fd7-35f6-7a567775fdcd","FullyQualifiedName":"RestLS.Tests.Controllers.AppointmentsControllerTests.Create_ReturnsCreatedResult","DisplayName":"RestLS.Tests.Controllers.AppointmentsControllerTests.Create_ReturnsCreatedResult","ExecutorUri":"executor://xunit/VsTestRunner2/netcoreapp","Source":"C:\\Users\\Lenovo\\Saitynai\\RestLS\\RestLS.Tests\\bin\\Debug\\net7.0\\fine-code-coverage\\build-output\\RestLS.Tests.dll","CodeFilePath":null,"LineNumber":0,"Properties":[]},{"Id":"fe84605f-27fe-e273-bf9e-3a47ea7e353d","FullyQualifiedName":"RestLS.Tests.Controllers.PatientDoctorControllerTests.GetMany_ReturnsRecommendationsForPatients","DisplayName":"RestLS.Tests.Controllers.PatientDoctorControllerTests.GetMany_ReturnsRecommendationsForPatients","ExecutorUri":"executor://xunit/VsTestRunner2/netcoreapp","Source":"C:\\Users\\Lenovo\\Saitynai\\RestLS\\RestLS.Tests\\bin\\Debug\\net7.0\\fine-code-coverage\\build-output\\RestLS.Tests.dll","CodeFilePath":null,"LineNumber":0,"Properties":[]},{"Id":"57cbd777-ff6b-8172-a3c3-3ff14b8faf06","FullyQualifiedName":"RestLS.Tests.Controllers.NotificationsControllerTests.Get_ReturnsNotification","DisplayName":"RestLS.Tests.Controllers.NotificationsControllerTests.Get_ReturnsNotification","ExecutorUri":"executor://xunit/VsTestRunner2/netcoreapp","Source":"C:\\Users\\Lenovo\\Saitynai\\RestLS\\RestLS.Tests\\bin\\Debug\\net7.0\\fine-code-coverage\\build-output\\RestLS.Tests.dll","CodeFilePath":null,"LineNumber":0,"Properties":[]}]}}
TpTrace Verbose: 0 : 21112, 7, 2024/04/29, 22:29:09.933, 376189474770, vstest.console.dll, TestRunRequest:SendTestRunStatsChange: Starting.
TpTrace Verbose: 0 : 21112, 7, 2024/04/29, 22:29:09.933, 376189476687, vstest.console.dll, InProgress is RestLS.Tests.Controllers.AuthControllerTests.Register_WithValidModel_ReturnsCreatedAtAction
TpTrace Verbose: 0 : 21112, 7, 2024/04/29, 22:29:09.934, 376189477103, vstest.console.dll, InProgress is RestLS.Tests.Controllers.TherapiesControllerTests.Remove_ReturnsNoContentResult
TpTrace Verbose: 0 : 21112, 7, 2024/04/29, 22:29:09.934, 376189477458, vstest.console.dll, InProgress is RestLS.Tests.Controllers.UsersControllerTests.UpdatePassword_ReturnsOk
TpTrace Verbose: 0 : 21112, 7, 2024/04/29, 22:29:09.934, 376189477802, vstest.console.dll, InProgress is RestLS.Tests.Controllers.RecommendationsControllerTests.Get_ReturnsRecommendation
TpTrace Verbose: 0 : 21112, 7, 2024/04/29, 22:29:09.934, 376189478035, vstest.console.dll, InProgress is RestLS.Tests.Controllers.TestsControllerTests.Create_ReturnsCreatedResult
TpTrace Verbose: 0 : 21112, 7, 2024/04/29, 22:29:09.934, 376189478266, vstest.console.dll, InProgress is RestLS.Tests.Controllers.AppointmentsControllerTests.Create_ReturnsCreatedResult
TpTrace Verbose: 0 : 21112, 7, 2024/04/29, 22:29:09.934, 376189478527, vstest.console.dll, InProgress is RestLS.Tests.Controllers.PatientDoctorControllerTests.GetMany_ReturnsRecommendationsForPatients
TpTrace Verbose: 0 : 21112, 7, 2024/04/29, 22:29:09.934, 376189478784, vstest.console.dll, InProgress is RestLS.Tests.Controllers.NotificationsControllerTests.Get_ReturnsNotification
TpTrace Verbose: 0 : 21112, 7, 2024/04/29, 22:29:09.934, 376189481067, vstest.console.dll, MulticastDelegateUtilities.SafeInvoke: TestRun.RunStatsChanged: Invoking callbacks was skipped because there are no subscribers.
TpTrace Information: 0 : 21112, 7, 2024/04/29, 22:29:09.934, 376189481430, vstest.console.dll, TestRunRequest:SendTestRunStatsChange: Completed.
TpTrace Verbose: 0 : 21112, 7, 2024/04/29, 22:29:09.934, 376189481717, vstest.console.dll, MulticastDelegateUtilities.SafeInvoke: LengthPrefixCommunicationChannel: MessageReceived: Invoking callback 1/1 for Microsoft.VisualStudio.TestPlatform.CommunicationUtilities.TestRequestSender+<>c__DisplayClass34_0., took 21 ms.
TpTrace Verbose: 0 : 21112, 7, 2024/04/29, 22:29:09.934, 376189482012, vstest.console.dll, TcpClientExtensions.MessageLoopAsync: Polling on remoteEndPoint: 127.0.0.1:63726 localEndPoint: 127.0.0.1:63725
TpTrace Verbose: 0 : 21112, 7, 2024/04/29, 22:29:09.934, 376189482399, vstest.console.dll, TcpClientExtensions.MessageLoopAsync: NotifyDataAvailable remoteEndPoint: 127.0.0.1:63726 localEndPoint: 127.0.0.1:63725
TpTrace Verbose: 0 : 21112, 7, 2024/04/29, 22:29:09.934, 376189483535, vstest.console.dll, TestRequestSender.OnExecutionMessageReceived: Received message: {"Version":7,"MessageType":"TestExecution.StatsChange","Payload":{"NewTestResults":[{"TestCase":{"Id":"8cc4b511-4374-d1c9-30c7-3b4e46dcf1c7","FullyQualifiedName":"RestLS.Tests.Controllers.TestsControllerTests.Create_ReturnsCreatedResult","DisplayName":"RestLS.Tests.Controllers.TestsControllerTests.Create_ReturnsCreatedResult","ExecutorUri":"executor://xunit/VsTestRunner2/netcoreapp","Source":"C:\\Users\\Lenovo\\Saitynai\\RestLS\\RestLS.Tests\\bin\\Debug\\net7.0\\fine-code-coverage\\build-output\\RestLS.Tests.dll","CodeFilePath":null,"LineNumber":0,"Properties":[]},"Attachments":[],"Outcome":1,"ErrorMessage":null,"ErrorStackTrace":null,"DisplayName":"RestLS.Tests.Controllers.TestsControllerTests.Create_ReturnsCreatedResult","Messages":[],"ComputerName":"DESKTOP-BER0QO3","Duration":"00:00:00.1139432","StartTime":"2024-04-29T19:29:09.9144791+00:00","EndTime":"2024-04-29T19:29:09.9144796+00:00","Properties":[]},{"TestCase":{"Id":"79e5a3ac-8318-d430-496b-3bb0065e4c20","FullyQualifiedName":"RestLS.Tests.Controllers.TherapiesControllerTests.Remove_ReturnsNoContentResult","DisplayName":"RestLS.Tests.Controllers.TherapiesControllerTests.Remove_ReturnsNoContentResult","ExecutorUri":"executor://xunit/VsTestRunner2/netcoreapp","Source":"C:\\Users\\Lenovo\\Saitynai\\RestLS\\RestLS.Tests\\bin\\Debug\\net7.0\\fine-code-coverage\\build-output\\RestLS.Tests.dll","CodeFilePath":null,"LineNumber":0,"Properties":[]},"Attachments":[],"Outcome":1,"ErrorMessage":null,"ErrorStackTrace":null,"DisplayName":"RestLS.Tests.Controllers.TherapiesControllerTests.Remove_ReturnsNoContentResult","Messages":[],"ComputerName":"DESKTOP-BER0QO3","Duration":"00:00:00.1204399","StartTime":"2024-04-29T19:29:09.9179021+00:00","EndTime":"2024-04-29T19:29:09.9179023+00:00","Properties":[]},{"TestCase":{"Id":"189f6fec-359c-42a5-e86b-94c0a389ff0d","FullyQualifiedName":"RestLS.Tests.Controllers.RecommendationsControllerTests.Get_ReturnsRecommendation","DisplayName":"RestLS.Tests.Controllers.RecommendationsControllerTests.Get_ReturnsRecommendation","ExecutorUri":"executor://xunit/VsTestRunner2/netcoreapp","Source":"C:\\Users\\Lenovo\\Saitynai\\RestLS\\RestLS.Tests\\bin\\Debug\\net7.0\\fine-code-coverage\\build-output\\RestLS.Tests.dll","CodeFilePath":null,"LineNumber":0,"Properties":[]},"Attachments":[],"Outcome":1,"ErrorMessage":null,"ErrorStackTrace":null,"DisplayName":"RestLS.Tests.Controllers.RecommendationsControllerTests.Get_ReturnsRecommendation","Messages":[],"ComputerName":"DESKTOP-BER0QO3","Duration":"00:00:00.1205544","StartTime":"2024-04-29T19:29:09.9201463+00:00","EndTime":"2024-04-29T19:29:09.9201465+00:00","Properties":[]},{"TestCase":{"Id":"57cbd777-ff6b-8172-a3c3-3ff14b8faf06","FullyQualifiedName":"RestLS.Tests.Controllers.NotificationsControllerTests.Get_ReturnsNotification","DisplayName":"RestLS.Tests.Controllers.NotificationsControllerTests.Get_ReturnsNotification","ExecutorUri":"executor://xunit/VsTestRunner2/netcoreapp","Source":"C:\\Users\\Lenovo\\Saitynai\\RestLS\\RestLS.Tests\\bin\\Debug\\net7.0\\fine-code-coverage\\build-output\\RestLS.Tests.dll","CodeFilePath":null,"LineNumber":0,"Properties":[]},"Attachments":[],"Outcome":1,"ErrorMessage":null,"ErrorStackTrace":null,"DisplayName":"RestLS.Tests.Controllers.NotificationsControllerTests.Get_ReturnsNotification","Messages":[],"ComputerName":"DESKTOP-BER0QO3","Duration":"00:00:00.0158453","StartTime":"2024-04-29T19:29:09.9229193+00:00","EndTime":"2024-04-29T19:29:09.9229198+00:00","Properties":[]},{"TestCase":{"Id":"19d96cf0-4ff9-eece-b0a4-d1c21124df4a","FullyQualifiedName":"RestLS.Tests.Controllers.TestsControllerTests.Get_ReturnsTest","DisplayName":"RestLS.Tests.Controllers.TestsControllerTests.Get_ReturnsTest","ExecutorUri":"executor://xunit/VsTestRunner2/netcoreapp","Source":"C:\\Users\\Lenovo\\Saitynai\\RestLS\\RestLS.Tests\\bin\\Debug\\net7.0\\fine-code-coverage\\build-output\\RestLS.Tests.dll","CodeFilePath":null,"LineNumber":0,"Properties":[]},"Attachments":[],"Outcome":1,"ErrorMessage":null,"ErrorStackTrace":null,"DisplayName":"RestLS.Tests.Controllers.TestsControllerTests.Get_ReturnsTest","Messages":[],"ComputerName":"DESKTOP-BER0QO3","Duration":"00:00:00.0065958","StartTime":"2024-04-29T19:29:09.9242579+00:00","EndTime":"2024-04-29T19:29:09.924258+00:00","Properties":[]},{"TestCase":{"Id":"eadc1d07-b966-bd5d-d76a-ea0aa3a572e8","FullyQualifiedName":"RestLS.Tests.Controllers.TherapiesControllerTests.Create_ReturnsCreatedResult","DisplayName":"RestLS.Tests.Controllers.TherapiesControllerTests.Create_ReturnsCreatedResult","ExecutorUri":"executor://xunit/VsTestRunner2/netcoreapp","Source":"C:\\Users\\Lenovo\\Saitynai\\RestLS\\RestLS.Tests\\bin\\Debug\\net7.0\\fine-code-coverage\\build-output\\RestLS.Tests.dll","CodeFilePath":null,"LineNumber":0,"Properties":[]},"Attachments":[],"Outcome":1,"ErrorMessage":null,"ErrorStackTrace":null,"DisplayName":"RestLS.Tests.Controllers.TherapiesControllerTests.Create_ReturnsCreatedResult","Messages":[],"ComputerName":"DESKTOP-BER0QO3","Duration":"00:00:00.0098403","StartTime":"2024-04-29T19:29:09.9270988+00:00","EndTime":"2024-04-29T19:29:09.927099+00:00","Properties":[]}],"TestRunStatistics":{"ExecutedTests":8,"Stats":{"Passed":8}},"ActiveTests":[{"Id":"a209693d-a3cc-cfff-5490-8818255c8514","FullyQualifiedName":"RestLS.Tests.Controllers.RecommendationsControllerTests.Create_ReturnsCreatedResult","DisplayName":"RestLS.Tests.Controllers.RecommendationsControllerTests.Create_ReturnsCreatedResult","ExecutorUri":"executor://xunit/VsTestRunner2/netcoreapp","Source":"C:\\Users\\Lenovo\\Saitynai\\RestLS\\RestLS.Tests\\bin\\Debug\\net7.0\\fine-code-coverage\\build-output\\RestLS.Tests.dll","CodeFilePath":null,"LineNumber":0,"Properties":[]},{"Id":"379ed881-7f84-294c-e060-d6e7e9d260d4","FullyQualifiedName":"RestLS.Tests.Controllers.NotificationsControllerTests.GetManyPaging_ReturnsNotifications","DisplayName":"RestLS.Tests.Controllers.NotificationsControllerTests.GetManyPaging_ReturnsNotifications","ExecutorUri":"executor://xunit/VsTestRunner2/netcoreapp","Source":"C:\\Users\\Lenovo\\Saitynai\\RestLS\\RestLS.Tests\\bin\\Debug\\net7.0\\fine-code-coverage\\build-output\\RestLS.Tests.dll","CodeFilePath":null,"LineNumber":0,"Properties":[]},{"Id":"62a1f088-085f-1c1d-103d-5c02cf8b69fd","FullyQualifiedName":"RestLS.Tests.Controllers.TestsControllerTests.Remove_ReturnsNoContentResult","DisplayName":"RestLS.Tests.Controllers.TestsControllerTests.Remove_ReturnsNoContentResult","ExecutorUri":"executor://xunit/VsTestRunner2/netcoreapp","Source":"C:\\Users\\Lenovo\\Saitynai\\RestLS\\RestLS.Tests\\bin\\Debug\\net7.0\\fine-code-coverage\\build-output\\RestLS.Tests.dll","CodeFilePath":null,"LineNumber":0,"Properties":[]},{"Id":"02b482c8-7b50-283b-bf6b-6b275d87f7dd","FullyQualifiedName":"RestLS.Tests.Controllers.TherapiesControllerTests.Update_ReturnsUpdatedResult","DisplayName":"RestLS.Tests.Controllers.TherapiesControllerTests.Update_ReturnsUpdatedResult","ExecutorUri":"executor://xunit/VsTestRunner2/netcoreapp","Source":"C:\\Users\\Lenovo\\Saitynai\\RestLS\\RestLS.Tests\\bin\\Debug\\net7.0\\fine-code-coverage\\build-output\\RestLS.Tests.dll","CodeFilePath":null,"LineNumber":0,"Properties":[]}]}}
TpTrace Verbose: 0 : 21112, 7, 2024/04/29, 22:29:09.935, 376189491237, vstest.console.dll, TestRunRequest:SendTestRunStatsChange: Starting.
TpTrace Verbose: 0 : 21112, 7, 2024/04/29, 22:29:09.935, 376189491858, vstest.console.dll, InProgress is RestLS.Tests.Controllers.RecommendationsControllerTests.Create_ReturnsCreatedResult
TpTrace Verbose: 0 : 21112, 7, 2024/04/29, 22:29:09.935, 376189492130, vstest.console.dll, InProgress is RestLS.Tests.Controllers.NotificationsControllerTests.GetManyPaging_ReturnsNotifications
TpTrace Verbose: 0 : 21112, 7, 2024/04/29, 22:29:09.935, 376189492362, vstest.console.dll, InProgress is RestLS.Tests.Controllers.TestsControllerTests.Remove_ReturnsNoContentResult
TpTrace Verbose: 0 : 21112, 7, 2024/04/29, 22:29:09.935, 376189492595, vstest.console.dll, InProgress is RestLS.Tests.Controllers.TherapiesControllerTests.Update_ReturnsUpdatedResult
TpTrace Verbose: 0 : 21112, 7, 2024/04/29, 22:29:09.935, 376189493314, vstest.console.dll, MulticastDelegateUtilities.SafeInvoke: TestRun.RunStatsChanged: Invoking callbacks was skipped because there are no subscribers.
TpTrace Information: 0 : 21112, 7, 2024/04/29, 22:29:09.935, 376189493609, vstest.console.dll, TestRunRequest:SendTestRunStatsChange: Completed.
TpTrace Verbose: 0 : 21112, 7, 2024/04/29, 22:29:09.935, 376189493874, vstest.console.dll, MulticastDelegateUtilities.SafeInvoke: LengthPrefixCommunicationChannel: MessageReceived: Invoking callback 1/1 for Microsoft.VisualStudio.TestPlatform.CommunicationUtilities.TestRequestSender+<>c__DisplayClass34_0., took 1 ms.
TpTrace Verbose: 0 : 21112, 7, 2024/04/29, 22:29:09.935, 376189494148, vstest.console.dll, TcpClientExtensions.MessageLoopAsync: Polling on remoteEndPoint: 127.0.0.1:63726 localEndPoint: 127.0.0.1:63725
TpTrace Verbose: 0 : 21112, 4, 2024/04/29, 22:29:09.937, 376189516157, vstest.console.dll, MulticastDelegateUtilities.SafeInvoke: InternalTestLoggerEvents.SendTestResult: Invoking callback 1/1 for Microsoft.VisualStudio.TestPlatform.CommandLine.Internal.ConsoleLogger., took 3 ms.
TpTrace Verbose: 0 : 21112, 4, 2024/04/29, 22:29:09.938, 376189520168, vstest.console.dll, MulticastDelegateUtilities.SafeInvoke: InternalTestLoggerEvents.SendTestResult: Invoking callback 1/1 for Microsoft.VisualStudio.TestPlatform.CommandLine.Internal.ConsoleLogger., took 0 ms.
TpTrace Verbose: 0 : 21112, 4, 2024/04/29, 22:29:09.938, 376189521139, vstest.console.dll, MulticastDelegateUtilities.SafeInvoke: InternalTestLoggerEvents.SendTestResult: Invoking callback 1/1 for Microsoft.VisualStudio.TestPlatform.CommandLine.Internal.ConsoleLogger., took 0 ms.
TpTrace Verbose: 0 : 21112, 4, 2024/04/29, 22:29:09.938, 376189521926, vstest.console.dll, MulticastDelegateUtilities.SafeInvoke: InternalTestLoggerEvents.SendTestResult: Invoking callback 1/1 for Microsoft.VisualStudio.TestPlatform.CommandLine.Internal.ConsoleLogger., took 0 ms.
TpTrace Verbose: 0 : 21112, 4, 2024/04/29, 22:29:09.938, 376189522756, vstest.console.dll, MulticastDelegateUtilities.SafeInvoke: InternalTestLoggerEvents.SendTestResult: Invoking callback 1/1 for Microsoft.VisualStudio.TestPlatform.CommandLine.Internal.ConsoleLogger., took 0 ms.
TpTrace Verbose: 0 : 21112, 4, 2024/04/29, 22:29:09.938, 376189523580, vstest.console.dll, MulticastDelegateUtilities.SafeInvoke: InternalTestLoggerEvents.SendTestResult: Invoking callback 1/1 for Microsoft.VisualStudio.TestPlatform.CommandLine.Internal.ConsoleLogger., took 0 ms.
TpTrace Verbose: 0 : 21112, 4, 2024/04/29, 22:29:09.938, 376189524466, vstest.console.dll, MulticastDelegateUtilities.SafeInvoke: InternalTestLoggerEvents.SendTestResult: Invoking callback 1/1 for Microsoft.VisualStudio.TestPlatform.CommandLine.Internal.ConsoleLogger., took 0 ms.
TpTrace Verbose: 0 : 21112, 4, 2024/04/29, 22:29:09.938, 376189525211, vstest.console.dll, MulticastDelegateUtilities.SafeInvoke: InternalTestLoggerEvents.SendTestResult: Invoking callback 1/1 for Microsoft.VisualStudio.TestPlatform.CommandLine.Internal.ConsoleLogger., took 0 ms.
TpTrace Verbose: 0 : 21112, 7, 2024/04/29, 22:29:09.950, 376189637870, vstest.console.dll, TcpClientExtensions.MessageLoopAsync: NotifyDataAvailable remoteEndPoint: 127.0.0.1:63726 localEndPoint: 127.0.0.1:63725
TpTrace Verbose: 0 : 21112, 7, 2024/04/29, 22:29:09.950, 376189640153, vstest.console.dll, TestRequestSender.OnExecutionMessageReceived: Received message: {"Version":7,"MessageType":"TestExecution.StatsChange","Payload":{"NewTestResults":[{"TestCase":{"Id":"62a1f088-085f-1c1d-103d-5c02cf8b69fd","FullyQualifiedName":"RestLS.Tests.Controllers.TestsControllerTests.Remove_ReturnsNoContentResult","DisplayName":"RestLS.Tests.Controllers.TestsControllerTests.Remove_ReturnsNoContentResult","ExecutorUri":"executor://xunit/VsTestRunner2/netcoreapp","Source":"C:\\Users\\Lenovo\\Saitynai\\RestLS\\RestLS.Tests\\bin\\Debug\\net7.0\\fine-code-coverage\\build-output\\RestLS.Tests.dll","CodeFilePath":null,"LineNumber":0,"Properties":[]},"Attachments":[],"Outcome":1,"ErrorMessage":null,"ErrorStackTrace":null,"DisplayName":"RestLS.Tests.Controllers.TestsControllerTests.Remove_ReturnsNoContentResult","Messages":[],"ComputerName":"DESKTOP-BER0QO3","Duration":"00:00:00.0038526","StartTime":"2024-04-29T19:29:09.9299531+00:00","EndTime":"2024-04-29T19:29:09.9299533+00:00","Properties":[]},{"TestCase":{"Id":"a209693d-a3cc-cfff-5490-8818255c8514","FullyQualifiedName":"RestLS.Tests.Controllers.RecommendationsControllerTests.Create_ReturnsCreatedResult","DisplayName":"RestLS.Tests.Controllers.RecommendationsControllerTests.Create_ReturnsCreatedResult","ExecutorUri":"executor://xunit/VsTestRunner2/netcoreapp","Source":"C:\\Users\\Lenovo\\Saitynai\\RestLS\\RestLS.Tests\\bin\\Debug\\net7.0\\fine-code-coverage\\build-output\\RestLS.Tests.dll","CodeFilePath":null,"LineNumber":0,"Properties":[]},"Attachments":[],"Outcome":1,"ErrorMessage":null,"ErrorStackTrace":null,"DisplayName":"RestLS.Tests.Controllers.RecommendationsControllerTests.Create_ReturnsCreatedResult","Messages":[],"ComputerName":"DESKTOP-BER0QO3","Duration":"00:00:00.0110750","StartTime":"2024-04-29T19:29:09.9349188+00:00","EndTime":"2024-04-29T19:29:09.934919+00:00","Properties":[]},{"TestCase":{"Id":"02b482c8-7b50-283b-bf6b-6b275d87f7dd","FullyQualifiedName":"RestLS.Tests.Controllers.TherapiesControllerTests.Update_ReturnsUpdatedResult","DisplayName":"RestLS.Tests.Controllers.TherapiesControllerTests.Update_ReturnsUpdatedResult","ExecutorUri":"executor://xunit/VsTestRunner2/netcoreapp","Source":"C:\\Users\\Lenovo\\Saitynai\\RestLS\\RestLS.Tests\\bin\\Debug\\net7.0\\fine-code-coverage\\build-output\\RestLS.Tests.dll","CodeFilePath":null,"LineNumber":0,"Properties":[]},"Attachments":[],"Outcome":1,"ErrorMessage":null,"ErrorStackTrace":null,"DisplayName":"RestLS.Tests.Controllers.TherapiesControllerTests.Update_ReturnsUpdatedResult","Messages":[],"ComputerName":"DESKTOP-BER0QO3","Duration":"00:00:00.0038581","StartTime":"2024-04-29T19:29:09.9374116+00:00","EndTime":"2024-04-29T19:29:09.9374118+00:00","Properties":[]},{"TestCase":{"Id":"a89bef8b-3a65-84df-78cf-94eafd462857","FullyQualifiedName":"RestLS.Tests.Controllers.RecommendationsControllerTests.Remove_ReturnsNoContentResult","DisplayName":"RestLS.Tests.Controllers.RecommendationsControllerTests.Remove_ReturnsNoContentResult","ExecutorUri":"executor://xunit/VsTestRunner2/netcoreapp","Source":"C:\\Users\\Lenovo\\Saitynai\\RestLS\\RestLS.Tests\\bin\\Debug\\net7.0\\fine-code-coverage\\build-output\\RestLS.Tests.dll","CodeFilePath":null,"LineNumber":0,"Properties":[]},"Attachments":[],"Outcome":1,"ErrorMessage":null,"ErrorStackTrace":null,"DisplayName":"RestLS.Tests.Controllers.RecommendationsControllerTests.Remove_ReturnsNoContentResult","Messages":[],"ComputerName":"DESKTOP-BER0QO3","Duration":"00:00:00.0047745","StartTime":"2024-04-29T19:29:09.9396619+00:00","EndTime":"2024-04-29T19:29:09.939662+00:00","Properties":[]},{"TestCase":{"Id":"8b3989c8-ce10-09ce-b454-9bc4672e2606","FullyQualifiedName":"RestLS.Tests.Controllers.TherapiesControllerTests.Get_ReturnsTherapy","DisplayName":"RestLS.Tests.Controllers.TherapiesControllerTests.Get_ReturnsTherapy","ExecutorUri":"executor://xunit/VsTestRunner2/netcoreapp","Source":"C:\\Users\\Lenovo\\Saitynai\\RestLS\\RestLS.Tests\\bin\\Debug\\net7.0\\fine-code-coverage\\build-output\\RestLS.Tests.dll","CodeFilePath":null,"LineNumber":0,"Properties":[]},"Attachments":[],"Outcome":1,"ErrorMessage":null,"ErrorStackTrace":null,"DisplayName":"RestLS.Tests.Controllers.TherapiesControllerTests.Get_ReturnsTherapy","Messages":[],"ComputerName":"DESKTOP-BER0QO3","Duration":"00:00:00.0035372","StartTime":"2024-04-29T19:29:09.9432206+00:00","EndTime":"2024-04-29T19:29:09.9432207+00:00","Properties":[]},{"TestCase":{"Id":"3bde67f2-dcec-a0eb-1436-d54d3b11ac0a","FullyQualifiedName":"RestLS.Tests.Controllers.TestsControllerTests.GetManyPaging_ReturnsTests","DisplayName":"RestLS.Tests.Controllers.TestsControllerTests.GetManyPaging_ReturnsTests","ExecutorUri":"executor://xunit/VsTestRunner2/netcoreapp","Source":"C:\\Users\\Lenovo\\Saitynai\\RestLS\\RestLS.Tests\\bin\\Debug\\net7.0\\fine-code-coverage\\build-output\\RestLS.Tests.dll","CodeFilePath":null,"LineNumber":0,"Properties":[]},"Attachments":[],"Outcome":1,"ErrorMessage":null,"ErrorStackTrace":null,"DisplayName":"RestLS.Tests.Controllers.TestsControllerTests.GetManyPaging_ReturnsTests","Messages":[],"ComputerName":"DESKTOP-BER0QO3","Duration":"00:00:00.0083341","StartTime":"2024-04-29T19:29:09.9456204+00:00","EndTime":"2024-04-29T19:29:09.9456208+00:00","Properties":[]},{"TestCase":{"Id":"379ed881-7f84-294c-e060-d6e7e9d260d4","FullyQualifiedName":"RestLS.Tests.Controllers.NotificationsControllerTests.GetManyPaging_ReturnsNotifications","DisplayName":"RestLS.Tests.Controllers.NotificationsControllerTests.GetManyPaging_ReturnsNotifications","ExecutorUri":"executor://xunit/VsTestRunner2/netcoreapp","Source":"C:\\Users\\Lenovo\\Saitynai\\RestLS\\RestLS.Tests\\bin\\Debug\\net7.0\\fine-code-coverage\\build-output\\RestLS.Tests.dll","CodeFilePath":null,"LineNumber":0,"Properties":[]},"Attachments":[],"Outcome":1,"ErrorMessage":null,"ErrorStackTrace":null,"DisplayName":"RestLS.Tests.Controllers.NotificationsControllerTests.GetManyPaging_ReturnsNotifications","Messages":[],"ComputerName":"DESKTOP-BER0QO3","Duration":"00:00:00.0123070","StartTime":"2024-04-29T19:29:09.9470337+00:00","EndTime":"2024-04-29T19:29:09.947034+00:00","Properties":[]}],"TestRunStatistics":{"ExecutedTests":15,"Stats":{"Passed":15}},"ActiveTests":[{"Id":"006f0e02-e9c0-f937-cd88-633a4613ac8d","FullyQualifiedName":"RestLS.Tests.Controllers.RecommendationsControllerTests.GetMany_ReturnsRecommendations","DisplayName":"RestLS.Tests.Controllers.RecommendationsControllerTests.GetMany_ReturnsRecommendations","ExecutorUri":"executor://xunit/VsTestRunner2/netcoreapp","Source":"C:\\Users\\Lenovo\\Saitynai\\RestLS\\RestLS.Tests\\bin\\Debug\\net7.0\\fine-code-coverage\\build-output\\RestLS.Tests.dll","CodeFilePath":null,"LineNumber":0,"Properties":[]},{"Id":"b380ad22-83cc-bc31-e3a1-81003d8f0060","FullyQualifiedName":"RestLS.Tests.Controllers.TherapiesControllerTests.GetManyPaging_ReturnsTherapies","DisplayName":"RestLS.Tests.Controllers.TherapiesControllerTests.GetManyPaging_ReturnsTherapies","ExecutorUri":"executor://xunit/VsTestRunner2/netcoreapp","Source":"C:\\Users\\Lenovo\\Saitynai\\RestLS\\RestLS.Tests\\bin\\Debug\\net7.0\\fine-code-coverage\\build-output\\RestLS.Tests.dll","CodeFilePath":null,"LineNumber":0,"Properties":[]},{"Id":"85ad0a2f-6542-5ff3-c92a-e168af1984d6","FullyQualifiedName":"RestLS.Tests.Controllers.NotificationsControllerTests.Remove_ReturnsNoContentResult","DisplayName":"RestLS.Tests.Controllers.NotificationsControllerTests.Remove_ReturnsNoContentResult","ExecutorUri":"executor://xunit/VsTestRunner2/netcoreapp","Source":"C:\\Users\\Lenovo\\Saitynai\\RestLS\\RestLS.Tests\\bin\\Debug\\net7.0\\fine-code-coverage\\build-output\\RestLS.Tests.dll","CodeFilePath":null,"LineNumber":0,"Properties":[]}]}}
TpTrace Verbose: 0 : 21112, 7, 2024/04/29, 22:29:09.950, 376189645549, vstest.console.dll, TestRunRequest:SendTestRunStatsChange: Starting.
TpTrace Verbose: 0 : 21112, 7, 2024/04/29, 22:29:09.950, 376189646061, vstest.console.dll, InProgress is RestLS.Tests.Controllers.RecommendationsControllerTests.GetMany_ReturnsRecommendations
TpTrace Verbose: 0 : 21112, 7, 2024/04/29, 22:29:09.950, 376189646417, vstest.console.dll, InProgress is RestLS.Tests.Controllers.TherapiesControllerTests.GetManyPaging_ReturnsTherapies
TpTrace Verbose: 0 : 21112, 7, 2024/04/29, 22:29:09.951, 376189646807, vstest.console.dll, InProgress is RestLS.Tests.Controllers.NotificationsControllerTests.Remove_ReturnsNoContentResult
TpTrace Verbose: 0 : 21112, 7, 2024/04/29, 22:29:09.951, 376189647280, vstest.console.dll, MulticastDelegateUtilities.SafeInvoke: TestRun.RunStatsChanged: Invoking callbacks was skipped because there are no subscribers.
TpTrace Verbose: 0 : 21112, 4, 2024/04/29, 22:29:09.951, 376189647990, vstest.console.dll, MulticastDelegateUtilities.SafeInvoke: InternalTestLoggerEvents.SendTestResult: Invoking callback 1/1 for Microsoft.VisualStudio.TestPlatform.CommandLine.Internal.ConsoleLogger., took 0 ms.
TpTrace Information: 0 : 21112, 7, 2024/04/29, 22:29:09.951, 376189648014, vstest.console.dll, TestRunRequest:SendTestRunStatsChange: Completed.
TpTrace Verbose: 0 : 21112, 4, 2024/04/29, 22:29:09.951, 376189648998, vstest.console.dll, MulticastDelegateUtilities.SafeInvoke: InternalTestLoggerEvents.SendTestResult: Invoking callback 1/1 for Microsoft.VisualStudio.TestPlatform.CommandLine.Internal.ConsoleLogger., took 0 ms.
TpTrace Verbose: 0 : 21112, 7, 2024/04/29, 22:29:09.951, 376189649688, vstest.console.dll, MulticastDelegateUtilities.SafeInvoke: LengthPrefixCommunicationChannel: MessageReceived: Invoking callback 1/1 for Microsoft.VisualStudio.TestPlatform.CommunicationUtilities.TestRequestSender+<>c__DisplayClass34_0., took 0 ms.
TpTrace Verbose: 0 : 21112, 4, 2024/04/29, 22:29:09.951, 376189649809, vstest.console.dll, MulticastDelegateUtilities.SafeInvoke: InternalTestLoggerEvents.SendTestResult: Invoking callback 1/1 for Microsoft.VisualStudio.TestPlatform.CommandLine.Internal.ConsoleLogger., took 0 ms.
TpTrace Verbose: 0 : 21112, 7, 2024/04/29, 22:29:09.951, 376189650357, vstest.console.dll, TcpClientExtensions.MessageLoopAsync: Polling on remoteEndPoint: 127.0.0.1:63726 localEndPoint: 127.0.0.1:63725
TpTrace Verbose: 0 : 21112, 4, 2024/04/29, 22:29:09.951, 376189651552, vstest.console.dll, MulticastDelegateUtilities.SafeInvoke: InternalTestLoggerEvents.SendTestResult: Invoking callback 1/1 for Microsoft.VisualStudio.TestPlatform.CommandLine.Internal.ConsoleLogger., took 0 ms.
TpTrace Verbose: 0 : 21112, 4, 2024/04/29, 22:29:09.951, 376189652356, vstest.console.dll, MulticastDelegateUtilities.SafeInvoke: InternalTestLoggerEvents.SendTestResult: Invoking callback 1/1 for Microsoft.VisualStudio.TestPlatform.CommandLine.Internal.ConsoleLogger., took 0 ms.
TpTrace Verbose: 0 : 21112, 4, 2024/04/29, 22:29:09.952, 376189663088, vstest.console.dll, MulticastDelegateUtilities.SafeInvoke: InternalTestLoggerEvents.SendTestResult: Invoking callback 1/1 for Microsoft.VisualStudio.TestPlatform.CommandLine.Internal.ConsoleLogger., took 1 ms.
TpTrace Verbose: 0 : 21112, 4, 2024/04/29, 22:29:09.952, 376189664334, vstest.console.dll, MulticastDelegateUtilities.SafeInvoke: InternalTestLoggerEvents.SendTestResult: Invoking callback 1/1 for Microsoft.VisualStudio.TestPlatform.CommandLine.Internal.ConsoleLogger., took 0 ms.
TpTrace Verbose: 0 : 21112, 7, 2024/04/29, 22:29:09.977, 376189913415, vstest.console.dll, TcpClientExtensions.MessageLoopAsync: NotifyDataAvailable remoteEndPoint: 127.0.0.1:63726 localEndPoint: 127.0.0.1:63725
TpTrace Verbose: 0 : 21112, 7, 2024/04/29, 22:29:09.977, 376189915994, vstest.console.dll, TestRequestSender.OnExecutionMessageReceived: Received message: {"Version":7,"MessageType":"TestExecution.StatsChange","Payload":{"NewTestResults":[{"TestCase":{"Id":"85ad0a2f-6542-5ff3-c92a-e168af1984d6","FullyQualifiedName":"RestLS.Tests.Controllers.NotificationsControllerTests.Remove_ReturnsNoContentResult","DisplayName":"RestLS.Tests.Controllers.NotificationsControllerTests.Remove_ReturnsNoContentResult","ExecutorUri":"executor://xunit/VsTestRunner2/netcoreapp","Source":"C:\\Users\\Lenovo\\Saitynai\\RestLS\\RestLS.Tests\\bin\\Debug\\net7.0\\fine-code-coverage\\build-output\\RestLS.Tests.dll","CodeFilePath":null,"LineNumber":0,"Properties":[]},"Attachments":[],"Outcome":1,"ErrorMessage":null,"ErrorStackTrace":null,"DisplayName":"RestLS.Tests.Controllers.NotificationsControllerTests.Remove_ReturnsNoContentResult","Messages":[],"ComputerName":"DESKTOP-BER0QO3","Duration":"00:00:00.0030417","StartTime":"2024-04-29T19:29:09.9524121+00:00","EndTime":"2024-04-29T19:29:09.9524123+00:00","Properties":[]},{"TestCase":{"Id":"b380ad22-83cc-bc31-e3a1-81003d8f0060","FullyQualifiedName":"RestLS.Tests.Controllers.TherapiesControllerTests.GetManyPaging_ReturnsTherapies","DisplayName":"RestLS.Tests.Controllers.TherapiesControllerTests.GetManyPaging_ReturnsTherapies","ExecutorUri":"executor://xunit/VsTestRunner2/netcoreapp","Source":"C:\\Users\\Lenovo\\Saitynai\\RestLS\\RestLS.Tests\\bin\\Debug\\net7.0\\fine-code-coverage\\build-output\\RestLS.Tests.dll","CodeFilePath":null,"LineNumber":0,"Properties":[]},"Attachments":[],"Outcome":1,"ErrorMessage":null,"ErrorStackTrace":null,"DisplayName":"RestLS.Tests.Controllers.TherapiesControllerTests.GetManyPaging_ReturnsTherapies","Messages":[],"ComputerName":"DESKTOP-BER0QO3","Duration":"00:00:00.0047821","StartTime":"2024-04-29T19:29:09.9536096+00:00","EndTime":"2024-04-29T19:29:09.9536097+00:00","Properties":[]},{"TestCase":{"Id":"006f0e02-e9c0-f937-cd88-633a4613ac8d","FullyQualifiedName":"RestLS.Tests.Controllers.RecommendationsControllerTests.GetMany_ReturnsRecommendations","DisplayName":"RestLS.Tests.Controllers.RecommendationsControllerTests.GetMany_ReturnsRecommendations","ExecutorUri":"executor://xunit/VsTestRunner2/netcoreapp","Source":"C:\\Users\\Lenovo\\Saitynai\\RestLS\\RestLS.Tests\\bin\\Debug\\net7.0\\fine-code-coverage\\build-output\\RestLS.Tests.dll","CodeFilePath":null,"LineNumber":0,"Properties":[]},"Attachments":[],"Outcome":1,"ErrorMessage":null,"ErrorStackTrace":null,"DisplayName":"RestLS.Tests.Controllers.RecommendationsControllerTests.GetMany_ReturnsRecommendations","Messages":[],"ComputerName":"DESKTOP-BER0QO3","Duration":"00:00:00.0063078","StartTime":"2024-04-29T19:29:09.9552432+00:00","EndTime":"2024-04-29T19:29:09.9552433+00:00","Properties":[]},{"TestCase":{"Id":"04f23308-2736-e848-0ba3-58c7186b4a0b","FullyQualifiedName":"RestLS.Tests.Controllers.RecommendationsControllerTests.Update_ReturnsUpdatedResult","DisplayName":"RestLS.Tests.Controllers.RecommendationsControllerTests.Update_ReturnsUpdatedResult","ExecutorUri":"executor://xunit/VsTestRunner2/netcoreapp","Source":"C:\\Users\\Lenovo\\Saitynai\\RestLS\\RestLS.Tests\\bin\\Debug\\net7.0\\fine-code-coverage\\build-output\\RestLS.Tests.dll","CodeFilePath":null,"LineNumber":0,"Properties":[]},"Attachments":[],"Outcome":1,"ErrorMessage":null,"ErrorStackTrace":null,"DisplayName":"RestLS.Tests.Controllers.RecommendationsControllerTests.Update_ReturnsUpdatedResult","Messages":[],"ComputerName":"DESKTOP-BER0QO3","Duration":"00:00:00.0042569","StartTime":"2024-04-29T19:29:09.9580071+00:00","EndTime":"2024-04-29T19:29:09.9580073+00:00","Properties":[]},{"TestCase":{"Id":"c5a48228-f30e-7653-2d03-69036064cbcc","FullyQualifiedName":"RestLS.Tests.Controllers.NotesControllerTests.GetManyPaging_ReturnsNotes","DisplayName":"RestLS.Tests.Controllers.NotesControllerTests.GetManyPaging_ReturnsNotes","ExecutorUri":"executor://xunit/VsTestRunner2/netcoreapp","Source":"C:\\Users\\Lenovo\\Saitynai\\RestLS\\RestLS.Tests\\bin\\Debug\\net7.0\\fine-code-coverage\\build-output\\RestLS.Tests.dll","CodeFilePath":null,"LineNumber":0,"Properties":[]},"Attachments":[],"Outcome":1,"ErrorMessage":null,"ErrorStackTrace":null,"DisplayName":"RestLS.Tests.Controllers.NotesControllerTests.GetManyPaging_ReturnsNotes","Messages":[],"ComputerName":"DESKTOP-BER0QO3","Duration":"00:00:00.0489171","StartTime":"2024-04-29T19:29:09.9593132+00:00","EndTime":"2024-04-29T19:29:09.9593134+00:00","Properties":[]},{"TestCase":{"Id":"469e601a-88c1-9e02-cc75-e9c70c055a29","FullyQualifiedName":"RestLS.Tests.Controllers.NotesControllerTests.Update_ReturnsUpdatedResult","DisplayName":"RestLS.Tests.Controllers.NotesControllerTests.Update_ReturnsUpdatedResult","ExecutorUri":"executor://xunit/VsTestRunner2/netcoreapp","Source":"C:\\Users\\Lenovo\\Saitynai\\RestLS\\RestLS.Tests\\bin\\Debug\\net7.0\\fine-code-coverage\\build-output\\RestLS.Tests.dll","CodeFilePath":null,"LineNumber":0,"Properties":[]},"Attachments":[],"Outcome":1,"ErrorMessage":null,"ErrorStackTrace":null,"DisplayName":"RestLS.Tests.Controllers.NotesControllerTests.Update_ReturnsUpdatedResult","Messages":[],"ComputerName":"DESKTOP-BER0QO3","Duration":"00:00:00.0039751","StartTime":"2024-04-29T19:29:09.9616006+00:00","EndTime":"2024-04-29T19:29:09.9616007+00:00","Properties":[]},{"TestCase":{"Id":"2af8cdd4-23bc-5939-1e3b-390f28dc1e64","FullyQualifiedName":"RestLS.Tests.Controllers.NotesControllerTests.Get_ReturnsNote","DisplayName":"RestLS.Tests.Controllers.NotesControllerTests.Get_ReturnsNote","ExecutorUri":"executor://xunit/VsTestRunner2/netcoreapp","Source":"C:\\Users\\Lenovo\\Saitynai\\RestLS\\RestLS.Tests\\bin\\Debug\\net7.0\\fine-code-coverage\\build-output\\RestLS.Tests.dll","CodeFilePath":null,"LineNumber":0,"Properties":[]},"Attachments":[],"Outcome":1,"ErrorMessage":null,"ErrorStackTrace":null,"DisplayName":"RestLS.Tests.Controllers.NotesControllerTests.Get_ReturnsNote","Messages":[],"ComputerName":"DESKTOP-BER0QO3","Duration":"00:00:00.0031155","StartTime":"2024-04-29T19:29:09.9640689+00:00","EndTime":"2024-04-29T19:29:09.9640694+00:00","Properties":[]},{"TestCase":{"Id":"8b01c87b-e477-e280-8bc0-d28a2124d430","FullyQualifiedName":"RestLS.Tests.Controllers.NotesControllerTests.Remove_ReturnsNoContentResult","DisplayName":"RestLS.Tests.Controllers.NotesControllerTests.Remove_ReturnsNoContentResult","ExecutorUri":"executor://xunit/VsTestRunner2/netcoreapp","Source":"C:\\Users\\Lenovo\\Saitynai\\RestLS\\RestLS.Tests\\bin\\Debug\\net7.0\\fine-code-coverage\\build-output\\RestLS.Tests.dll","CodeFilePath":null,"LineNumber":0,"Properties":[]},"Attachments":[],"Outcome":1,"ErrorMessage":null,"ErrorStackTrace":null,"DisplayName":"RestLS.Tests.Controllers.NotesControllerTests.Remove_ReturnsNoContentResult","Messages":[],"ComputerName":"DESKTOP-BER0QO3","Duration":"00:00:00.0025935","StartTime":"2024-04-29T19:29:09.9668264+00:00","EndTime":"2024-04-29T19:29:09.9668266+00:00","Properties":[]},{"TestCase":{"Id":"fe84605f-27fe-e273-bf9e-3a47ea7e353d","FullyQualifiedName":"RestLS.Tests.Controllers.PatientDoctorControllerTests.GetMany_ReturnsRecommendationsForPatients","DisplayName":"RestLS.Tests.Controllers.PatientDoctorControllerTests.GetMany_ReturnsRecommendationsForPatients","ExecutorUri":"executor://xunit/VsTestRunner2/netcoreapp","Source":"C:\\Users\\Lenovo\\Saitynai\\RestLS\\RestLS.Tests\\bin\\Debug\\net7.0\\fine-code-coverage\\build-output\\RestLS.Tests.dll","CodeFilePath":null,"LineNumber":0,"Properties":[]},"Attachments":[],"Outcome":1,"ErrorMessage":null,"ErrorStackTrace":null,"DisplayName":"RestLS.Tests.Controllers.PatientDoctorControllerTests.GetMany_ReturnsRecommendationsForPatients","Messages":[],"ComputerName":"DESKTOP-BER0QO3","Duration":"00:00:00.1825493","StartTime":"2024-04-29T19:29:09.9692948+00:00","EndTime":"2024-04-29T19:29:09.9692949+00:00","Properties":[]}],"TestRunStatistics":{"ExecutedTests":24,"Stats":{"Passed":24}},"ActiveTests":[{"Id":"3ec1b28d-39da-243b-1341-8d0d4333f6d5","FullyQualifiedName":"RestLS.Tests.Controllers.NotesControllerTests.Create_ReturnsCreatedResult","DisplayName":"RestLS.Tests.Controllers.NotesControllerTests.Create_ReturnsCreatedResult","ExecutorUri":"executor://xunit/VsTestRunner2/netcoreapp","Source":"C:\\Users\\Lenovo\\Saitynai\\RestLS\\RestLS.Tests\\bin\\Debug\\net7.0\\fine-code-coverage\\build-output\\RestLS.Tests.dll","CodeFilePath":null,"LineNumber":0,"Properties":[]}]}}
TpTrace Verbose: 0 : 21112, 7, 2024/04/29, 22:29:09.978, 376189925799, vstest.console.dll, TestRunRequest:SendTestRunStatsChange: Starting.
TpTrace Verbose: 0 : 21112, 7, 2024/04/29, 22:29:09.979, 376189926718, vstest.console.dll, InProgress is RestLS.Tests.Controllers.NotesControllerTests.Create_ReturnsCreatedResult
TpTrace Verbose: 0 : 21112, 7, 2024/04/29, 22:29:09.979, 376189927611, vstest.console.dll, MulticastDelegateUtilities.SafeInvoke: TestRun.RunStatsChanged: Invoking callbacks was skipped because there are no subscribers.
TpTrace Information: 0 : 21112, 7, 2024/04/29, 22:29:09.979, 376189928134, vstest.console.dll, TestRunRequest:SendTestRunStatsChange: Completed.
TpTrace Verbose: 0 : 21112, 4, 2024/04/29, 22:29:09.979, 376189928160, vstest.console.dll, MulticastDelegateUtilities.SafeInvoke: InternalTestLoggerEvents.SendTestResult: Invoking callback 1/1 for Microsoft.VisualStudio.TestPlatform.CommandLine.Internal.ConsoleLogger., took 0 ms.
TpTrace Verbose: 0 : 21112, 7, 2024/04/29, 22:29:09.979, 376189928659, vstest.console.dll, MulticastDelegateUtilities.SafeInvoke: LengthPrefixCommunicationChannel: MessageReceived: Invoking callback 1/1 for Microsoft.VisualStudio.TestPlatform.CommunicationUtilities.TestRequestSender+<>c__DisplayClass34_0., took 1 ms.
TpTrace Verbose: 0 : 21112, 4, 2024/04/29, 22:29:09.979, 376189929386, vstest.console.dll, MulticastDelegateUtilities.SafeInvoke: InternalTestLoggerEvents.SendTestResult: Invoking callback 1/1 for Microsoft.VisualStudio.TestPlatform.CommandLine.Internal.ConsoleLogger., took 0 ms.
TpTrace Verbose: 0 : 21112, 7, 2024/04/29, 22:29:09.979, 376189929583, vstest.console.dll, TcpClientExtensions.MessageLoopAsync: Polling on remoteEndPoint: 127.0.0.1:63726 localEndPoint: 127.0.0.1:63725
TpTrace Verbose: 0 : 21112, 4, 2024/04/29, 22:29:09.979, 376189930410, vstest.console.dll, MulticastDelegateUtilities.SafeInvoke: InternalTestLoggerEvents.SendTestResult: Invoking callback 1/1 for Microsoft.VisualStudio.TestPlatform.CommandLine.Internal.ConsoleLogger., took 0 ms.
TpTrace Verbose: 0 : 21112, 4, 2024/04/29, 22:29:09.979, 376189930939, vstest.console.dll, MulticastDelegateUtilities.SafeInvoke: InternalTestLoggerEvents.SendTestResult: Invoking callback 1/1 for Microsoft.VisualStudio.TestPlatform.CommandLine.Internal.ConsoleLogger., took 0 ms.
TpTrace Verbose: 0 : 21112, 4, 2024/04/29, 22:29:09.979, 376189931362, vstest.console.dll, MulticastDelegateUtilities.SafeInvoke: InternalTestLoggerEvents.SendTestResult: Invoking callback 1/1 for Microsoft.VisualStudio.TestPlatform.CommandLine.Internal.ConsoleLogger., took 0 ms.
TpTrace Verbose: 0 : 21112, 4, 2024/04/29, 22:29:09.979, 376189931766, vstest.console.dll, MulticastDelegateUtilities.SafeInvoke: InternalTestLoggerEvents.SendTestResult: Invoking callback 1/1 for Microsoft.VisualStudio.TestPlatform.CommandLine.Internal.ConsoleLogger., took 0 ms.
TpTrace Verbose: 0 : 21112, 4, 2024/04/29, 22:29:09.979, 376189932171, vstest.console.dll, MulticastDelegateUtilities.SafeInvoke: InternalTestLoggerEvents.SendTestResult: Invoking callback 1/1 for Microsoft.VisualStudio.TestPlatform.CommandLine.Internal.ConsoleLogger., took 0 ms.
TpTrace Verbose: 0 : 21112, 4, 2024/04/29, 22:29:09.979, 376189932606, vstest.console.dll, MulticastDelegateUtilities.SafeInvoke: InternalTestLoggerEvents.SendTestResult: Invoking callback 1/1 for Microsoft.VisualStudio.TestPlatform.CommandLine.Internal.ConsoleLogger., took 0 ms.
TpTrace Verbose: 0 : 21112, 4, 2024/04/29, 22:29:09.979, 376189933006, vstest.console.dll, MulticastDelegateUtilities.SafeInvoke: InternalTestLoggerEvents.SendTestResult: Invoking callback 1/1 for Microsoft.VisualStudio.TestPlatform.CommandLine.Internal.ConsoleLogger., took 0 ms.
TpTrace Verbose: 0 : 21112, 7, 2024/04/29, 22:29:10.001, 376190155684, vstest.console.dll, TcpClientExtensions.MessageLoopAsync: NotifyDataAvailable remoteEndPoint: 127.0.0.1:63726 localEndPoint: 127.0.0.1:63725
TpTrace Verbose: 0 : 21112, 7, 2024/04/29, 22:29:10.002, 376190159369, vstest.console.dll, TestRequestSender.OnExecutionMessageReceived: Received message: {"Version":7,"MessageType":"TestExecution.StatsChange","Payload":{"NewTestResults":[{"TestCase":{"Id":"3ec1b28d-39da-243b-1341-8d0d4333f6d5","FullyQualifiedName":"RestLS.Tests.Controllers.NotesControllerTests.Create_ReturnsCreatedResult","DisplayName":"RestLS.Tests.Controllers.NotesControllerTests.Create_ReturnsCreatedResult","ExecutorUri":"executor://xunit/VsTestRunner2/netcoreapp","Source":"C:\\Users\\Lenovo\\Saitynai\\RestLS\\RestLS.Tests\\bin\\Debug\\net7.0\\fine-code-coverage\\build-output\\RestLS.Tests.dll","CodeFilePath":null,"LineNumber":0,"Properties":[]},"Attachments":[],"Outcome":1,"ErrorMessage":null,"ErrorStackTrace":null,"DisplayName":"RestLS.Tests.Controllers.NotesControllerTests.Create_ReturnsCreatedResult","Messages":[],"ComputerName":"DESKTOP-BER0QO3","Duration":"00:00:00.0021973","StartTime":"2024-04-29T19:29:09.9788534+00:00","EndTime":"2024-04-29T19:29:09.9788535+00:00","Properties":[]},{"TestCase":{"Id":"3e50de6c-8ca6-df2b-1f18-c253ac1476fe","FullyQualifiedName":"RestLS.Tests.Controllers.UsersControllerTests.UpdatePassword_ReturnsOk","DisplayName":"RestLS.Tests.Controllers.UsersControllerTests.UpdatePassword_ReturnsOk","ExecutorUri":"executor://xunit/VsTestRunner2/netcoreapp","Source":"C:\\Users\\Lenovo\\Saitynai\\RestLS\\RestLS.Tests\\bin\\Debug\\net7.0\\fine-code-coverage\\build-output\\RestLS.Tests.dll","CodeFilePath":null,"LineNumber":0,"Properties":[]},"Attachments":[],"Outcome":1,"ErrorMessage":null,"ErrorStackTrace":null,"DisplayName":"RestLS.Tests.Controllers.UsersControllerTests.UpdatePassword_ReturnsOk","Messages":[],"ComputerName":"DESKTOP-BER0QO3","Duration":"00:00:00.2034227","StartTime":"2024-04-29T19:29:09.9800591+00:00","EndTime":"2024-04-29T19:29:09.9800592+00:00","Properties":[]},{"TestCase":{"Id":"cf23215f-2257-8806-79cd-0ae7e2ce80c0","FullyQualifiedName":"RestLS.Tests.Controllers.UsersControllerTests.GetMany_ReturnsPatients","DisplayName":"RestLS.Tests.Controllers.UsersControllerTests.GetMany_ReturnsPatients","ExecutorUri":"executor://xunit/VsTestRunner2/netcoreapp","Source":"C:\\Users\\Lenovo\\Saitynai\\RestLS\\RestLS.Tests\\bin\\Debug\\net7.0\\fine-code-coverage\\build-output\\RestLS.Tests.dll","CodeFilePath":null,"LineNumber":0,"Properties":[]},"Attachments":[],"Outcome":1,"ErrorMessage":null,"ErrorStackTrace":null,"DisplayName":"RestLS.Tests.Controllers.UsersControllerTests.GetMany_ReturnsPatients","Messages":[],"ComputerName":"DESKTOP-BER0QO3","Duration":"00:00:00.0120443","StartTime":"2024-04-29T19:29:09.9821745+00:00","EndTime":"2024-04-29T19:29:09.9821746+00:00","Properties":[]},{"TestCase":{"Id":"eebac142-36d5-9722-2a38-4ac8c9b4232c","FullyQualifiedName":"RestLS.Tests.Controllers.UsersControllerTests.GetMany_ReturnsDoctors","DisplayName":"RestLS.Tests.Controllers.UsersControllerTests.GetMany_ReturnsDoctors","ExecutorUri":"executor://xunit/VsTestRunner2/netcoreapp","Source":"C:\\Users\\Lenovo\\Saitynai\\RestLS\\RestLS.Tests\\bin\\Debug\\net7.0\\fine-code-coverage\\build-output\\RestLS.Tests.dll","CodeFilePath":null,"LineNumber":0,"Properties":[]},"Attachments":[],"Outcome":1,"ErrorMessage":null,"ErrorStackTrace":null,"DisplayName":"RestLS.Tests.Controllers.UsersControllerTests.GetMany_ReturnsDoctors","Messages":[],"ComputerName":"DESKTOP-BER0QO3","Duration":"00:00:00.0017214","StartTime":"2024-04-29T19:29:09.9837943+00:00","EndTime":"2024-04-29T19:29:09.9837944+00:00","Properties":[]},{"TestCase":{"Id":"6cadb57a-f57b-9cd8-e4e1-addae9d1fe75","FullyQualifiedName":"RestLS.Tests.Controllers.UsersControllerTests.GetMany_ReturnsUsers","DisplayName":"RestLS.Tests.Controllers.UsersControllerTests.GetMany_ReturnsUsers","ExecutorUri":"executor://xunit/VsTestRunner2/netcoreapp","Source":"C:\\Users\\Lenovo\\Saitynai\\RestLS\\RestLS.Tests\\bin\\Debug\\net7.0\\fine-code-coverage\\build-output\\RestLS.Tests.dll","CodeFilePath":null,"LineNumber":0,"Properties":[]},"Attachments":[],"Outcome":1,"ErrorMessage":null,"ErrorStackTrace":null,"DisplayName":"RestLS.Tests.Controllers.UsersControllerTests.GetMany_ReturnsUsers","Messages":[],"ComputerName":"DESKTOP-BER0QO3","Duration":"00:00:00.0039092","StartTime":"2024-04-29T19:29:09.9862649+00:00","EndTime":"2024-04-29T19:29:09.9862651+00:00","Properties":[]},{"TestCase":{"Id":"1f15640d-0cc0-24f6-d197-11388229ee1e","FullyQualifiedName":"RestLS.Tests.Controllers.PatientDoctorControllerTests.GetMany_ReturnsAppointmentsForDoctors","DisplayName":"RestLS.Tests.Controllers.PatientDoctorControllerTests.GetMany_ReturnsAppointmentsForDoctors","ExecutorUri":"executor://xunit/VsTestRunner2/netcoreapp","Source":"C:\\Users\\Lenovo\\Saitynai\\RestLS\\RestLS.Tests\\bin\\Debug\\net7.0\\fine-code-coverage\\build-output\\RestLS.Tests.dll","CodeFilePath":null,"LineNumber":0,"Properties":[]},"Attachments":[],"Outcome":1,"ErrorMessage":null,"ErrorStackTrace":null,"DisplayName":"RestLS.Tests.Controllers.PatientDoctorControllerTests.GetMany_ReturnsAppointmentsForDoctors","Messages":[],"ComputerName":"DESKTOP-BER0QO3","Duration":"00:00:00.0269040","StartTime":"2024-04-29T19:29:09.9916419+00:00","EndTime":"2024-04-29T19:29:09.9916422+00:00","Properties":[]},{"TestCase":{"Id":"32a3c453-fabd-dad9-daf5-221e9aea7a53","FullyQualifiedName":"RestLS.Tests.Controllers.PatientDoctorControllerTests.GetMany_ReturnsAppointmentsForPatients","DisplayName":"RestLS.Tests.Controllers.PatientDoctorControllerTests.GetMany_ReturnsAppointmentsForPatients","ExecutorUri":"executor://xunit/VsTestRunner2/netcoreapp","Source":"C:\\Users\\Lenovo\\Saitynai\\RestLS\\RestLS.Tests\\bin\\Debug\\net7.0\\fine-code-coverage\\build-output\\RestLS.Tests.dll","CodeFilePath":null,"LineNumber":0,"Properties":[]},"Attachments":[],"Outcome":1,"ErrorMessage":null,"ErrorStackTrace":null,"DisplayName":"RestLS.Tests.Controllers.PatientDoctorControllerTests.GetMany_ReturnsAppointmentsForPatients","Messages":[],"ComputerName":"DESKTOP-BER0QO3","Duration":"00:00:00.0038865","StartTime":"2024-04-29T19:29:09.9956492+00:00","EndTime":"2024-04-29T19:29:09.9956495+00:00","Properties":[]},{"TestCase":{"Id":"fbe76a4a-2126-ec09-131c-9c3a1cf3a323","FullyQualifiedName":"RestLS.Tests.Controllers.UsersControllerTests.Register_WithValidModel_ReturnsCreatedAtAction","DisplayName":"RestLS.Tests.Controllers.UsersControllerTests.Register_WithValidModel_ReturnsCreatedAtAction","ExecutorUri":"executor://xunit/VsTestRunner2/netcoreapp","Source":"C:\\Users\\Lenovo\\Saitynai\\RestLS\\RestLS.Tests\\bin\\Debug\\net7.0\\fine-code-coverage\\build-output\\RestLS.Tests.dll","CodeFilePath":null,"LineNumber":0,"Properties":[]},"Attachments":[],"Outcome":1,"ErrorMessage":null,"ErrorStackTrace":null,"DisplayName":"RestLS.Tests.Controllers.UsersControllerTests.Register_WithValidModel_ReturnsCreatedAtAction","Messages":[],"ComputerName":"DESKTOP-BER0QO3","Duration":"00:00:00.0097570","StartTime":"2024-04-29T19:29:09.9987937+00:00","EndTime":"2024-04-29T19:29:09.998794+00:00","Properties":[]},{"TestCase":{"Id":"9867bc6a-8c5e-0171-edb8-3e92826c0a46","FullyQualifiedName":"RestLS.Tests.Controllers.AuthControllerTests.Register_WithValidModel_ReturnsCreatedAtAction","DisplayName":"RestLS.Tests.Controllers.AuthControllerTests.Register_WithValidModel_ReturnsCreatedAtAction","ExecutorUri":"executor://xunit/VsTestRunner2/netcoreapp","Source":"C:\\Users\\Lenovo\\Saitynai\\RestLS\\RestLS.Tests\\bin\\Debug\\net7.0\\fine-code-coverage\\build-output\\RestLS.Tests.dll","CodeFilePath":null,"LineNumber":0,"Properties":[]},"Attachments":[],"Outcome":1,"ErrorMessage":null,"ErrorStackTrace":null,"DisplayName":"RestLS.Tests.Controllers.AuthControllerTests.Register_WithValidModel_ReturnsCreatedAtAction","Messages":[],"ComputerName":"DESKTOP-BER0QO3","Duration":"00:00:00.2312162","StartTime":"2024-04-29T19:29:10.0001063+00:00","EndTime":"2024-04-29T19:29:10.0001065+00:00","Properties":[]}],"TestRunStatistics":{"ExecutedTests":33,"Stats":{"Passed":33}},"ActiveTests":[{"Id":"210de2de-7588-4556-9239-54e99f456b07","FullyQualifiedName":"RestLS.Tests.Controllers.PatientDoctorControllerTests.Remove_ReturnsNoContentResult","DisplayName":"RestLS.Tests.Controllers.PatientDoctorControllerTests.Remove_ReturnsNoContentResult","ExecutorUri":"executor://xunit/VsTestRunner2/netcoreapp","Source":"C:\\Users\\Lenovo\\Saitynai\\RestLS\\RestLS.Tests\\bin\\Debug\\net7.0\\fine-code-coverage\\build-output\\RestLS.Tests.dll","CodeFilePath":null,"LineNumber":0,"Properties":[]}]}}
TpTrace Verbose: 0 : 21112, 7, 2024/04/29, 22:29:10.003, 376190173182, vstest.console.dll, TestRunRequest:SendTestRunStatsChange: Starting.
TpTrace Verbose: 0 : 21112, 7, 2024/04/29, 22:29:10.003, 376190174362, vstest.console.dll, InProgress is RestLS.Tests.Controllers.PatientDoctorControllerTests.Remove_ReturnsNoContentResult
TpTrace Verbose: 0 : 21112, 7, 2024/04/29, 22:29:10.003, 376190175489, vstest.console.dll, MulticastDelegateUtilities.SafeInvoke: TestRun.RunStatsChanged: Invoking callbacks was skipped because there are no subscribers.
TpTrace Information: 0 : 21112, 7, 2024/04/29, 22:29:10.003, 376190175919, vstest.console.dll, TestRunRequest:SendTestRunStatsChange: Completed.
TpTrace Verbose: 0 : 21112, 4, 2024/04/29, 22:29:10.003, 376190176125, vstest.console.dll, MulticastDelegateUtilities.SafeInvoke: InternalTestLoggerEvents.SendTestResult: Invoking callback 1/1 for Microsoft.VisualStudio.TestPlatform.CommandLine.Internal.ConsoleLogger., took 0 ms.
TpTrace Verbose: 0 : 21112, 7, 2024/04/29, 22:29:10.003, 376190176391, vstest.console.dll, MulticastDelegateUtilities.SafeInvoke: LengthPrefixCommunicationChannel: MessageReceived: Invoking callback 1/1 for Microsoft.VisualStudio.TestPlatform.CommunicationUtilities.TestRequestSender+<>c__DisplayClass34_0., took 1 ms.
TpTrace Verbose: 0 : 21112, 4, 2024/04/29, 22:29:10.004, 376190178458, vstest.console.dll, MulticastDelegateUtilities.SafeInvoke: InternalTestLoggerEvents.SendTestResult: Invoking callback 1/1 for Microsoft.VisualStudio.TestPlatform.CommandLine.Internal.ConsoleLogger., took 0 ms.
TpTrace Verbose: 0 : 21112, 7, 2024/04/29, 22:29:10.004, 376190179276, vstest.console.dll, TcpClientExtensions.MessageLoopAsync: Polling on remoteEndPoint: 127.0.0.1:63726 localEndPoint: 127.0.0.1:63725
TpTrace Verbose: 0 : 21112, 4, 2024/04/29, 22:29:10.004, 376190179312, vstest.console.dll, MulticastDelegateUtilities.SafeInvoke: InternalTestLoggerEvents.SendTestResult: Invoking callback 1/1 for Microsoft.VisualStudio.TestPlatform.CommandLine.Internal.ConsoleLogger., took 0 ms.
TpTrace Verbose: 0 : 21112, 4, 2024/04/29, 22:29:10.004, 376190181160, vstest.console.dll, MulticastDelegateUtilities.SafeInvoke: InternalTestLoggerEvents.SendTestResult: Invoking callback 1/1 for Microsoft.VisualStudio.TestPlatform.CommandLine.Internal.ConsoleLogger., took 0 ms.
TpTrace Verbose: 0 : 21112, 4, 2024/04/29, 22:29:10.004, 376190182458, vstest.console.dll, MulticastDelegateUtilities.SafeInvoke: InternalTestLoggerEvents.SendTestResult: Invoking callback 1/1 for Microsoft.VisualStudio.TestPlatform.CommandLine.Internal.ConsoleLogger., took 0 ms.
TpTrace Verbose: 0 : 21112, 4, 2024/04/29, 22:29:10.004, 376190183668, vstest.console.dll, MulticastDelegateUtilities.SafeInvoke: InternalTestLoggerEvents.SendTestResult: Invoking callback 1/1 for Microsoft.VisualStudio.TestPlatform.CommandLine.Internal.ConsoleLogger., took 0 ms.
TpTrace Verbose: 0 : 21112, 4, 2024/04/29, 22:29:10.004, 376190184555, vstest.console.dll, MulticastDelegateUtilities.SafeInvoke: InternalTestLoggerEvents.SendTestResult: Invoking callback 1/1 for Microsoft.VisualStudio.TestPlatform.CommandLine.Internal.ConsoleLogger., took 0 ms.
TpTrace Verbose: 0 : 21112, 4, 2024/04/29, 22:29:10.004, 376190185466, vstest.console.dll, MulticastDelegateUtilities.SafeInvoke: InternalTestLoggerEvents.SendTestResult: Invoking callback 1/1 for Microsoft.VisualStudio.TestPlatform.CommandLine.Internal.ConsoleLogger., took 0 ms.
TpTrace Verbose: 0 : 21112, 4, 2024/04/29, 22:29:10.005, 376190187264, vstest.console.dll, MulticastDelegateUtilities.SafeInvoke: InternalTestLoggerEvents.SendTestResult: Invoking callback 1/1 for Microsoft.VisualStudio.TestPlatform.CommandLine.Internal.ConsoleLogger., took 0 ms.
TpTrace Verbose: 0 : 21112, 7, 2024/04/29, 22:29:10.024, 376190381441, vstest.console.dll, TcpClientExtensions.MessageLoopAsync: NotifyDataAvailable remoteEndPoint: 127.0.0.1:63726 localEndPoint: 127.0.0.1:63725
TpTrace Verbose: 0 : 21112, 7, 2024/04/29, 22:29:10.024, 376190383624, vstest.console.dll, TestRequestSender.OnExecutionMessageReceived: Received message: {"Version":7,"MessageType":"TestExecution.StatsChange","Payload":{"NewTestResults":[{"TestCase":{"Id":"210de2de-7588-4556-9239-54e99f456b07","FullyQualifiedName":"RestLS.Tests.Controllers.PatientDoctorControllerTests.Remove_ReturnsNoContentResult","DisplayName":"RestLS.Tests.Controllers.PatientDoctorControllerTests.Remove_ReturnsNoContentResult","ExecutorUri":"executor://xunit/VsTestRunner2/netcoreapp","Source":"C:\\Users\\Lenovo\\Saitynai\\RestLS\\RestLS.Tests\\bin\\Debug\\net7.0\\fine-code-coverage\\build-output\\RestLS.Tests.dll","CodeFilePath":null,"LineNumber":0,"Properties":[]},"Attachments":[],"Outcome":1,"ErrorMessage":null,"ErrorStackTrace":null,"DisplayName":"RestLS.Tests.Controllers.PatientDoctorControllerTests.Remove_ReturnsNoContentResult","Messages":[],"ComputerName":"DESKTOP-BER0QO3","Duration":"00:00:00.0033812","StartTime":"2024-04-29T19:29:10.0057276+00:00","EndTime":"2024-04-29T19:29:10.0057278+00:00","Properties":[]},{"TestCase":{"Id":"e0304ced-d765-3610-450b-fc2cb50fa44f","FullyQualifiedName":"RestLS.Tests.Controllers.UsersControllerTests.Remove_ReturnsNoContentResult","DisplayName":"RestLS.Tests.Controllers.UsersControllerTests.Remove_ReturnsNoContentResult","ExecutorUri":"executor://xunit/VsTestRunner2/netcoreapp","Source":"C:\\Users\\Lenovo\\Saitynai\\RestLS\\RestLS.Tests\\bin\\Debug\\net7.0\\fine-code-coverage\\build-output\\RestLS.Tests.dll","CodeFilePath":null,"LineNumber":0,"Properties":[]},"Attachments":[],"Outcome":1,"ErrorMessage":null,"ErrorStackTrace":null,"DisplayName":"RestLS.Tests.Controllers.UsersControllerTests.Remove_ReturnsNoContentResult","Messages":[],"ComputerName":"DESKTOP-BER0QO3","Duration":"00:00:00.0040578","StartTime":"2024-04-29T19:29:10.0074942+00:00","EndTime":"2024-04-29T19:29:10.0074944+00:00","Properties":[]},{"TestCase":{"Id":"8b5b6233-8ac3-1fd7-35f6-7a567775fdcd","FullyQualifiedName":"RestLS.Tests.Controllers.AppointmentsControllerTests.Create_ReturnsCreatedResult","DisplayName":"RestLS.Tests.Controllers.AppointmentsControllerTests.Create_ReturnsCreatedResult","ExecutorUri":"executor://xunit/VsTestRunner2/netcoreapp","Source":"C:\\Users\\Lenovo\\Saitynai\\RestLS\\RestLS.Tests\\bin\\Debug\\net7.0\\fine-code-coverage\\build-output\\RestLS.Tests.dll","CodeFilePath":null,"LineNumber":0,"Properties":[]},"Attachments":[],"Outcome":1,"ErrorMessage":null,"ErrorStackTrace":null,"DisplayName":"RestLS.Tests.Controllers.AppointmentsControllerTests.Create_ReturnsCreatedResult","Messages":[],"ComputerName":"DESKTOP-BER0QO3","Duration":"00:00:00.2422882","StartTime":"2024-04-29T19:29:10.0088177+00:00","EndTime":"2024-04-29T19:29:10.0088178+00:00","Properties":[]},{"TestCase":{"Id":"c9d54a7a-2c25-d6e1-da9a-ea235557c1b5","FullyQualifiedName":"RestLS.Tests.Controllers.AuthControllerTests.Login_WithValidCredentials_ReturnsOkWithAccessTokenAndRefreshToken","DisplayName":"RestLS.Tests.Controllers.AuthControllerTests.Login_WithValidCredentials_ReturnsOkWithAccessTokenAndRefreshToken","ExecutorUri":"executor://xunit/VsTestRunner2/netcoreapp","Source":"C:\\Users\\Lenovo\\Saitynai\\RestLS\\RestLS.Tests\\bin\\Debug\\net7.0\\fine-code-coverage\\build-output\\RestLS.Tests.dll","CodeFilePath":null,"LineNumber":0,"Properties":[]},"Attachments":[],"Outcome":1,"ErrorMessage":null,"ErrorStackTrace":null,"DisplayName":"RestLS.Tests.Controllers.AuthControllerTests.Login_WithValidCredentials_ReturnsOkWithAccessTokenAndRefreshToken","Messages":[],"ComputerName":"DESKTOP-BER0QO3","Duration":"00:00:00.0143088","StartTime":"2024-04-29T19:29:10.0111674+00:00","EndTime":"2024-04-29T19:29:10.0111676+00:00","Properties":[]},{"TestCase":{"Id":"e1e891a3-58ad-b27a-2b47-9130ab0c7230","FullyQualifiedName":"RestLS.Tests.Controllers.AppointmentsControllerTests.GetMany_ReturnsAppointments","DisplayName":"RestLS.Tests.Controllers.AppointmentsControllerTests.GetMany_ReturnsAppointments","ExecutorUri":"executor://xunit/VsTestRunner2/netcoreapp","Source":"C:\\Users\\Lenovo\\Saitynai\\RestLS\\RestLS.Tests\\bin\\Debug\\net7.0\\fine-code-coverage\\build-output\\RestLS.Tests.dll","CodeFilePath":null,"LineNumber":0,"Properties":[]},"Attachments":[],"Outcome":1,"ErrorMessage":null,"ErrorStackTrace":null,"DisplayName":"RestLS.Tests.Controllers.AppointmentsControllerTests.GetMany_ReturnsAppointments","Messages":[],"ComputerName":"DESKTOP-BER0QO3","Duration":"00:00:00.0034384","StartTime":"2024-04-29T19:29:10.0138103+00:00","EndTime":"2024-04-29T19:29:10.0138105+00:00","Properties":[]},{"TestCase":{"Id":"7d7d7b3a-3b42-30dd-d84d-66c4d7c659a6","FullyQualifiedName":"RestLS.Tests.Controllers.AppointmentsControllerTests.Select_ReturnsSelectedResult","DisplayName":"RestLS.Tests.Controllers.AppointmentsControllerTests.Select_ReturnsSelectedResult","ExecutorUri":"executor://xunit/VsTestRunner2/netcoreapp","Source":"C:\\Users\\Lenovo\\Saitynai\\RestLS\\RestLS.Tests\\bin\\Debug\\net7.0\\fine-code-coverage\\build-output\\RestLS.Tests.dll","CodeFilePath":null,"LineNumber":0,"Properties":[]},"Attachments":[],"Outcome":1,"ErrorMessage":null,"ErrorStackTrace":null,"DisplayName":"RestLS.Tests.Controllers.AppointmentsControllerTests.Select_ReturnsSelectedResult","Messages":[],"ComputerName":"DESKTOP-BER0QO3","Duration":"00:00:00.0039043","StartTime":"2024-04-29T19:29:10.0163603+00:00","EndTime":"2024-04-29T19:29:10.0163608+00:00","Properties":[]},{"TestCase":{"Id":"47d625a0-8104-824a-4311-5710b4be7a77","FullyQualifiedName":"RestLS.Tests.Controllers.AuthControllerTests.UpdateToken_InvalidRefreshToken_ReturnsBadRequest","DisplayName":"RestLS.Tests.Controllers.AuthControllerTests.UpdateToken_InvalidRefreshToken_ReturnsBadRequest","ExecutorUri":"executor://xunit/VsTestRunner2/netcoreapp","Source":"C:\\Users\\Lenovo\\Saitynai\\RestLS\\RestLS.Tests\\bin\\Debug\\net7.0\\fine-code-coverage\\build-output\\RestLS.Tests.dll","CodeFilePath":null,"LineNumber":0,"Properties":[]},"Attachments":[],"Outcome":1,"ErrorMessage":null,"ErrorStackTrace":null,"DisplayName":"RestLS.Tests.Controllers.AuthControllerTests.UpdateToken_InvalidRefreshToken_ReturnsBadRequest","Messages":[],"ComputerName":"DESKTOP-BER0QO3","Duration":"00:00:00.0056118","StartTime":"2024-04-29T19:29:10.0188553+00:00","EndTime":"2024-04-29T19:29:10.0188555+00:00","Properties":[]},{"TestCase":{"Id":"1f63fa6f-e681-b09b-3e0d-fe263fd0c9a5","FullyQualifiedName":"RestLS.Tests.Controllers.AppointmentsControllerTests.Remove_ReturnsNoContentResult","DisplayName":"RestLS.Tests.Controllers.AppointmentsControllerTests.Remove_ReturnsNoContentResult","ExecutorUri":"executor://xunit/VsTestRunner2/netcoreapp","Source":"C:\\Users\\Lenovo\\Saitynai\\RestLS\\RestLS.Tests\\bin\\Debug\\net7.0\\fine-code-coverage\\build-output\\RestLS.Tests.dll","CodeFilePath":null,"LineNumber":0,"Properties":[]},"Attachments":[],"Outcome":1,"ErrorMessage":null,"ErrorStackTrace":null,"DisplayName":"RestLS.Tests.Controllers.AppointmentsControllerTests.Remove_ReturnsNoContentResult","Messages":[],"ComputerName":"DESKTOP-BER0QO3","Duration":"00:00:00.0041366","StartTime":"2024-04-29T19:29:10.0224028+00:00","EndTime":"2024-04-29T19:29:10.0224029+00:00","Properties":[]}],"TestRunStatistics":{"ExecutedTests":41,"Stats":{"Passed":41}},"ActiveTests":[{"Id":"53e36dc0-e8ef-8d6e-95c3-20fe709cd44c","FullyQualifiedName":"RestLS.Tests.Controllers.AuthControllerTests.UpdateToken_ValidRefreshToken_ReturnsOk","DisplayName":"RestLS.Tests.Controllers.AuthControllerTests.UpdateToken_ValidRefreshToken_ReturnsOk","ExecutorUri":"executor://xunit/VsTestRunner2/netcoreapp","Source":"C:\\Users\\Lenovo\\Saitynai\\RestLS\\RestLS.Tests\\bin\\Debug\\net7.0\\fine-code-coverage\\build-output\\RestLS.Tests.dll","CodeFilePath":null,"LineNumber":0,"Properties":[]},{"Id":"d3ff696a-297d-b6e9-31b3-fe119bf1b89a","FullyQualifiedName":"RestLS.Tests.Controllers.AppointmentsControllerTests.Update_ReturnsUpdatedResult","DisplayName":"RestLS.Tests.Controllers.AppointmentsControllerTests.Update_ReturnsUpdatedResult","ExecutorUri":"executor://xunit/VsTestRunner2/netcoreapp","Source":"C:\\Users\\Lenovo\\Saitynai\\RestLS\\RestLS.Tests\\bin\\Debug\\net7.0\\fine-code-coverage\\build-output\\RestLS.Tests.dll","CodeFilePath":null,"LineNumber":0,"Properties":[]}]}}
TpTrace Verbose: 0 : 21112, 7, 2024/04/29, 22:29:10.025, 376190390875, vstest.console.dll, TestRunRequest:SendTestRunStatsChange: Starting.
TpTrace Verbose: 0 : 21112, 7, 2024/04/29, 22:29:10.025, 376190391608, vstest.console.dll, InProgress is RestLS.Tests.Controllers.AuthControllerTests.UpdateToken_ValidRefreshToken_ReturnsOk
TpTrace Verbose: 0 : 21112, 7, 2024/04/29, 22:29:10.025, 376190391926, vstest.console.dll, InProgress is RestLS.Tests.Controllers.AppointmentsControllerTests.Update_ReturnsUpdatedResult
TpTrace Verbose: 0 : 21112, 7, 2024/04/29, 22:29:10.025, 376190392581, vstest.console.dll, MulticastDelegateUtilities.SafeInvoke: TestRun.RunStatsChanged: Invoking callbacks was skipped because there are no subscribers.
TpTrace Information: 0 : 21112, 7, 2024/04/29, 22:29:10.025, 376190393438, vstest.console.dll, TestRunRequest:SendTestRunStatsChange: Completed.
TpTrace Verbose: 0 : 21112, 4, 2024/04/29, 22:29:10.025, 376190393582, vstest.console.dll, MulticastDelegateUtilities.SafeInvoke: InternalTestLoggerEvents.SendTestResult: Invoking callback 1/1 for Microsoft.VisualStudio.TestPlatform.CommandLine.Internal.ConsoleLogger., took 0 ms.
TpTrace Verbose: 0 : 21112, 7, 2024/04/29, 22:29:10.025, 376190394116, vstest.console.dll, MulticastDelegateUtilities.SafeInvoke: LengthPrefixCommunicationChannel: MessageReceived: Invoking callback 1/1 for Microsoft.VisualStudio.TestPlatform.CommunicationUtilities.TestRequestSender+<>c__DisplayClass34_0., took 1 ms.
TpTrace Verbose: 0 : 21112, 4, 2024/04/29, 22:29:10.025, 376190394875, vstest.console.dll, MulticastDelegateUtilities.SafeInvoke: InternalTestLoggerEvents.SendTestResult: Invoking callback 1/1 for Microsoft.VisualStudio.TestPlatform.CommandLine.Internal.ConsoleLogger., took 0 ms.
TpTrace Verbose: 0 : 21112, 7, 2024/04/29, 22:29:10.025, 376190395111, vstest.console.dll, TcpClientExtensions.MessageLoopAsync: Polling on remoteEndPoint: 127.0.0.1:63726 localEndPoint: 127.0.0.1:63725
TpTrace Verbose: 0 : 21112, 4, 2024/04/29, 22:29:10.025, 376190395900, vstest.console.dll, MulticastDelegateUtilities.SafeInvoke: InternalTestLoggerEvents.SendTestResult: Invoking callback 1/1 for Microsoft.VisualStudio.TestPlatform.CommandLine.Internal.ConsoleLogger., took 0 ms.
TpTrace Verbose: 0 : 21112, 4, 2024/04/29, 22:29:10.025, 376190396551, vstest.console.dll, MulticastDelegateUtilities.SafeInvoke: InternalTestLoggerEvents.SendTestResult: Invoking callback 1/1 for Microsoft.VisualStudio.TestPlatform.CommandLine.Internal.ConsoleLogger., took 0 ms.
TpTrace Verbose: 0 : 21112, 4, 2024/04/29, 22:29:10.026, 376190397496, vstest.console.dll, MulticastDelegateUtilities.SafeInvoke: InternalTestLoggerEvents.SendTestResult: Invoking callback 1/1 for Microsoft.VisualStudio.TestPlatform.CommandLine.Internal.ConsoleLogger., took 0 ms.
TpTrace Verbose: 0 : 21112, 4, 2024/04/29, 22:29:10.026, 376190398265, vstest.console.dll, MulticastDelegateUtilities.SafeInvoke: InternalTestLoggerEvents.SendTestResult: Invoking callback 1/1 for Microsoft.VisualStudio.TestPlatform.CommandLine.Internal.ConsoleLogger., took 0 ms.
TpTrace Verbose: 0 : 21112, 4, 2024/04/29, 22:29:10.026, 376190399111, vstest.console.dll, MulticastDelegateUtilities.SafeInvoke: InternalTestLoggerEvents.SendTestResult: Invoking callback 1/1 for Microsoft.VisualStudio.TestPlatform.CommandLine.Internal.ConsoleLogger., took 0 ms.
TpTrace Verbose: 0 : 21112, 4, 2024/04/29, 22:29:10.026, 376190399786, vstest.console.dll, MulticastDelegateUtilities.SafeInvoke: InternalTestLoggerEvents.SendTestResult: Invoking callback 1/1 for Microsoft.VisualStudio.TestPlatform.CommandLine.Internal.ConsoleLogger., took 0 ms.
TpTrace Verbose: 0 : 21112, 7, 2024/04/29, 22:29:10.033, 376190468727, vstest.console.dll, TcpClientExtensions.MessageLoopAsync: NotifyDataAvailable remoteEndPoint: 127.0.0.1:63726 localEndPoint: 127.0.0.1:63725
TpTrace Verbose: 0 : 21112, 7, 2024/04/29, 22:29:10.033, 376190470823, vstest.console.dll, TestRequestSender.OnExecutionMessageReceived: Received message: {"Version":7,"MessageType":"TestSession.Message","Payload":{"MessageLevel":0,"Message":"[xUnit.net 00:00:01.17]   Finished:    RestLS.Tests"}}
TpTrace Verbose: 0 : 21112, 7, 2024/04/29, 22:29:10.033, 376190472748, vstest.console.dll, TestRunRequest:SendTestRunMessage: Starting.
TpTrace Verbose: 0 : 21112, 7, 2024/04/29, 22:29:10.033, 376190473825, vstest.console.dll, MulticastDelegateUtilities.SafeInvoke: TestRun.LogMessages: Invoking callback 1/1 for Microsoft.VisualStudio.TestPlatform.CommandLine.TestRunResultAggregator., took 0 ms.
TpTrace Verbose: 0 : 21112, 4, 2024/04/29, 22:29:10.033, 376190474151, vstest.console.dll, MulticastDelegateUtilities.SafeInvoke: InternalTestLoggerEvents.SendTestRunMessage: Invoking callback 1/1 for Microsoft.VisualStudio.TestPlatform.CommandLine.Internal.ConsoleLogger., took 0 ms.
TpTrace Information: 0 : 21112, 7, 2024/04/29, 22:29:10.033, 376190474383, vstest.console.dll, TestRunRequest:SendTestRunMessage: Completed.
TpTrace Verbose: 0 : 21112, 7, 2024/04/29, 22:29:10.033, 376190475559, vstest.console.dll, MulticastDelegateUtilities.SafeInvoke: LengthPrefixCommunicationChannel: MessageReceived: Invoking callback 1/1 for Microsoft.VisualStudio.TestPlatform.CommunicationUtilities.TestRequestSender+<>c__DisplayClass34_0., took 0 ms.
TpTrace Verbose: 0 : 21112, 7, 2024/04/29, 22:29:10.033, 376190475972, vstest.console.dll, TcpClientExtensions.MessageLoopAsync: Polling on remoteEndPoint: 127.0.0.1:63726 localEndPoint: 127.0.0.1:63725
TpTrace Verbose: 0 : 21112, 7, 2024/04/29, 22:29:10.059, 376190733121, vstest.console.dll, TcpClientExtensions.MessageLoopAsync: NotifyDataAvailable remoteEndPoint: 127.0.0.1:63726 localEndPoint: 127.0.0.1:63725
TpTrace Verbose: 0 : 21112, 7, 2024/04/29, 22:29:10.059, 376190735335, vstest.console.dll, TestRequestSender.OnExecutionMessageReceived: Received message: {"Version":7,"MessageType":"TestExecution.Completed","Payload":{"TestRunCompleteArgs":{"TestRunStatistics":{"ExecutedTests":44,"Stats":{"Passed":44}},"IsCanceled":false,"IsAborted":false,"Error":null,"AttachmentSets":[],"InvokedDataCollectors":[],"ElapsedTimeInRunningTests":"00:00:01.1851321","Metrics":{},"DiscoveredExtensions":{"TestDiscoverers":["Xunit.Runner.VisualStudio.VsTestRunner, xunit.runner.visualstudio.dotnetcore.testadapter, Version=2.4.0.0, Culture=neutral, PublicKeyToken=8d05b1bb7a6fdb6c"],"TestExecutors":["executor://xunit/VsTestRunner2/netcoreapp"],"TestExecutors2":[],"TestSettingsProviders":[]}},"LastRunTests":{"NewTestResults":[{"TestCase":{"Id":"53e36dc0-e8ef-8d6e-95c3-20fe709cd44c","FullyQualifiedName":"RestLS.Tests.Controllers.AuthControllerTests.UpdateToken_ValidRefreshToken_ReturnsOk","DisplayName":"RestLS.Tests.Controllers.AuthControllerTests.UpdateToken_ValidRefreshToken_ReturnsOk","ExecutorUri":"executor://xunit/VsTestRunner2/netcoreapp","Source":"C:\\Users\\Lenovo\\Saitynai\\RestLS\\RestLS.Tests\\bin\\Debug\\net7.0\\fine-code-coverage\\build-output\\RestLS.Tests.dll","CodeFilePath":null,"LineNumber":0,"Properties":[]},"Attachments":[],"Outcome":1,"ErrorMessage":null,"ErrorStackTrace":null,"DisplayName":"RestLS.Tests.Controllers.AuthControllerTests.UpdateToken_ValidRefreshToken_ReturnsOk","Messages":[],"ComputerName":"DESKTOP-BER0QO3","Duration":"00:00:00.0056766","StartTime":"2024-04-29T19:29:10.0257554+00:00","EndTime":"2024-04-29T19:29:10.0257556+00:00","Properties":[]},{"TestCase":{"Id":"d3ff696a-297d-b6e9-31b3-fe119bf1b89a","FullyQualifiedName":"RestLS.Tests.Controllers.AppointmentsControllerTests.Update_ReturnsUpdatedResult","DisplayName":"RestLS.Tests.Controllers.AppointmentsControllerTests.Update_ReturnsUpdatedResult","ExecutorUri":"executor://xunit/VsTestRunner2/netcoreapp","Source":"C:\\Users\\Lenovo\\Saitynai\\RestLS\\RestLS.Tests\\bin\\Debug\\net7.0\\fine-code-coverage\\build-output\\RestLS.Tests.dll","CodeFilePath":null,"LineNumber":0,"Properties":[]},"Attachments":[],"Outcome":1,"ErrorMessage":null,"ErrorStackTrace":null,"DisplayName":"RestLS.Tests.Controllers.AppointmentsControllerTests.Update_ReturnsUpdatedResult","Messages":[],"ComputerName":"DESKTOP-BER0QO3","Duration":"00:00:00.0057747","StartTime":"2024-04-29T19:29:10.0275743+00:00","EndTime":"2024-04-29T19:29:10.0275744+00:00","Properties":[]},{"TestCase":{"Id":"aefffe76-1d79-9764-0c80-d4fceb8cd6c7","FullyQualifiedName":"RestLS.Tests.Controllers.AppointmentsControllerTests.Get_ReturnsAppointment","DisplayName":"RestLS.Tests.Controllers.AppointmentsControllerTests.Get_ReturnsAppointment","ExecutorUri":"executor://xunit/VsTestRunner2/netcoreapp","Source":"C:\\Users\\Lenovo\\Saitynai\\RestLS\\RestLS.Tests\\bin\\Debug\\net7.0\\fine-code-coverage\\build-output\\RestLS.Tests.dll","CodeFilePath":null,"LineNumber":0,"Properties":[]},"Attachments":[],"Outcome":1,"ErrorMessage":null,"ErrorStackTrace":null,"DisplayName":"RestLS.Tests.Controllers.AppointmentsControllerTests.Get_ReturnsAppointment","Messages":[],"ComputerName":"DESKTOP-BER0QO3","Duration":"00:00:00.0040202","StartTime":"2024-04-29T19:29:10.0301975+00:00","EndTime":"2024-04-29T19:29:10.030198+00:00","Properties":[]}],"TestRunStatistics":{"ExecutedTests":44,"Stats":{"Passed":44}},"ActiveTests":[]},"RunAttachments":[],"ExecutorUris":["executor://xunit/VsTestRunner2/netcoreapp"]}}
TpTrace Verbose: 0 : 21112, 7, 2024/04/29, 22:29:10.060, 376190737865, vstest.console.dll, TestRequestSender.EndSession: Sending end session.
TpTrace Verbose: 0 : 21112, 7, 2024/04/29, 22:29:10.060, 376190740375, vstest.console.dll, ProxyOperationManager.Close: waiting for test host to exit for 100 ms
TpTrace Verbose: 0 : 21112, 11, 2024/04/29, 22:29:10.095, 376191089961, vstest.console.dll, TestHostManagerCallbacks.ctor: Experimental forwarding output is disabled.
TpTrace Warning: 0 : 21112, 11, 2024/04/29, 22:29:10.095, 376191091542, vstest.console.dll, TestHostManagerCallbacks.ErrorReceivedCallback Test host standard error line: 
TpTrace Verbose: 0 : 21112, 11, 2024/04/29, 22:29:10.122, 376191365565, vstest.console.dll, TestHostProvider.ExitCallBack: Host exited starting callback.
TpTrace Information: 0 : 21112, 11, 2024/04/29, 22:29:10.123, 376191368034, vstest.console.dll, TestHostManagerCallbacks.ExitCallBack: Testhost processId: 15332 exited with exitcode: 0 error: ''
TpTrace Verbose: 0 : 21112, 11, 2024/04/29, 22:29:10.123, 376191368574, vstest.console.dll, DotnetTestHostManager.OnHostExited: invoking OnHostExited callback
TpTrace Verbose: 0 : 21112, 11, 2024/04/29, 22:29:10.123, 376191369055, vstest.console.dll, CrossPlatEngine.TestHostManagerHostExited: calling on client process exit callback.
TpTrace Information: 0 : 21112, 11, 2024/04/29, 22:29:10.123, 376191369551, vstest.console.dll, TestRequestSender.OnClientProcessExit: Test host process exited. Standard error: 
TpTrace Information: 0 : 21112, 11, 2024/04/29, 22:29:10.123, 376191369925, vstest.console.dll, SocketServer.Stop: Stop server endPoint: 127.0.0.1:63725
TpTrace Information: 0 : 21112, 11, 2024/04/29, 22:29:10.123, 376191370175, vstest.console.dll, SocketServer.Stop: Cancellation requested. Stopping message loop.
TpTrace Information: 0 : 21112, 7, 2024/04/29, 22:29:10.123, 376191370405, vstest.console.dll, SocketServer.Stop: Stop server endPoint: 127.0.0.1:63725
TpTrace Information: 0 : 21112, 7, 2024/04/29, 22:29:10.123, 376191370942, vstest.console.dll, SocketServer.Stop: Cancellation requested. Stopping message loop.
TpTrace Verbose: 0 : 21112, 11, 2024/04/29, 22:29:10.123, 376191370928, vstest.console.dll, MulticastDelegateUtilities.SafeInvoke: HostProviderEvents.OnHostExited: Invoking callback 1/1 for Microsoft.VisualStudio.TestPlatform.CrossPlatEngine.Client.ProxyOperationManager., took 0 ms.
TpTrace Information: 0 : 21112, 7, 2024/04/29, 22:29:10.123, 376191371354, vstest.console.dll, Closing the connection
TpTrace Verbose: 0 : 21112, 7, 2024/04/29, 22:29:10.123, 376191374929, vstest.console.dll, ProxyDataCollectionManager.InvokeDataCollectionServiceAction: Starting.
TpTrace Information: 0 : 21112, 7, 2024/04/29, 22:29:10.123, 376191375391, vstest.console.dll, ProxyDataCollectionManager.AfterTestRunEnd: Get attachment set and invoked data collectors processId: 616 port: 63722
TpTrace Verbose: 0 : 21112, 7, 2024/04/29, 22:29:10.123, 376191375909, vstest.console.dll, DataCollectionRequestSender.SendAfterTestRunStartAndGetResult: Send AfterTestRunEnd message with isCancelled: False
TpTrace Verbose: 0 : 21112, 7, 2024/04/29, 22:29:10.131, 376191452951, vstest.console.dll, DataCollectionRequestSender.SendAfterTestRunStartAndGetResult: Received message: (DataCollection.AfterTestRunEndResult) -> {"MessageType":"DataCollection.AfterTestRunEndResult","Payload":{"AttachmentSets":[],"InvokedDataCollectors":[{"Uri":"datacollector://Microsoft/TestPlatform/Extensions/Blame/v1","FriendlyName":"Blame","AssemblyQualifiedName":"Microsoft.TestPlatform.Extensions.BlameDataCollector.BlameCollector, Microsoft.TestPlatform.Extensions.BlameDataCollector, Version=15.0.0.0, Culture=neutral, PublicKeyToken=b03f5f7f11d50a3a","FilePath":"C:\\Program Files\\dotnet\\sdk\\7.0.404\\Extensions\\Microsoft.TestPlatform.Extensions.BlameDataCollector.dll","HasAttachmentProcessor":false}],"Metrics":{}}}
TpTrace Warning: 0 : 21112, 10, 2024/04/29, 22:29:10.136, 376191499651, vstest.console.dll, DataCollectionLauncher.ErrorReceivedCallback datacollector standard error line: 
TpTrace Information: 0 : 21112, 7, 2024/04/29, 22:29:10.138, 376191524499, vstest.console.dll, ProxyDataCollectionManager.InvokeDataCollectionServiceAction: Completed.
TpTrace Information: 0 : 21112, 10, 2024/04/29, 22:29:10.144, 376191578423, vstest.console.dll, DataCollectionLauncher.ExitCallBack: Data collector exited with exitcode: 0 error: ''
TpTrace Verbose: 0 : 21112, 7, 2024/04/29, 22:29:10.181, 376191955112, vstest.console.dll, TestRunRequest:SendTestRunStatsChange: Starting.
TpTrace Verbose: 0 : 21112, 7, 2024/04/29, 22:29:10.181, 376191956595, vstest.console.dll, MulticastDelegateUtilities.SafeInvoke: TestRun.RunStatsChanged: Invoking callbacks was skipped because there are no subscribers.
TpTrace Information: 0 : 21112, 7, 2024/04/29, 22:29:10.182, 376191957403, vstest.console.dll, TestRunRequest:SendTestRunStatsChange: Completed.
TpTrace Verbose: 0 : 21112, 4, 2024/04/29, 22:29:10.182, 376191957593, vstest.console.dll, MulticastDelegateUtilities.SafeInvoke: InternalTestLoggerEvents.SendTestResult: Invoking callback 1/1 for Microsoft.VisualStudio.TestPlatform.CommandLine.Internal.ConsoleLogger., took 0 ms.
TpTrace Verbose: 0 : 21112, 4, 2024/04/29, 22:29:10.182, 376191958828, vstest.console.dll, MulticastDelegateUtilities.SafeInvoke: InternalTestLoggerEvents.SendTestResult: Invoking callback 1/1 for Microsoft.VisualStudio.TestPlatform.CommandLine.Internal.ConsoleLogger., took 0 ms.
TpTrace Verbose: 0 : 21112, 4, 2024/04/29, 22:29:10.182, 376191959537, vstest.console.dll, MulticastDelegateUtilities.SafeInvoke: InternalTestLoggerEvents.SendTestResult: Invoking callback 1/1 for Microsoft.VisualStudio.TestPlatform.CommandLine.Internal.ConsoleLogger., took 0 ms.
TpTrace Verbose: 0 : 21112, 7, 2024/04/29, 22:29:10.182, 376191964918, vstest.console.dll, ParallelProxyExecutionManager: HandlePartialRunComplete: Total workloads = 1, Total started clients = 1 Total completed clients = 1, Run complete = True, Run canceled: False.
TpTrace Verbose: 0 : 21112, 7, 2024/04/29, 22:29:10.182, 376191965611, vstest.console.dll, ParallelProxyExecutionManager: HandlePartialRunComplete: All runs completed stopping all managers.
TpTrace Verbose: 0 : 21112, 7, 2024/04/29, 22:29:10.182, 376191966138, vstest.console.dll, ParallelOperationManager.StopAllManagers: Stopping all managers.
TpTrace Verbose: 0 : 21112, 7, 2024/04/29, 22:29:10.183, 376191967304, vstest.console.dll, ParallelOperationManager.ClearSlots: Clearing all slots. Slots should accept more work: False
TpTrace Verbose: 0 : 21112, 7, 2024/04/29, 22:29:10.183, 376191967958, vstest.console.dll, ParallelOperationManager.SetOccupiedSlotCount: Setting slot counts AvailableSlotCount = 1, OccupiedSlotCount = 0.
TpTrace Verbose: 0 : 21112, 7, 2024/04/29, 22:29:10.183, 376191968368, vstest.console.dll, Occupied slots:

TpTrace Verbose: 0 : 21112, 4, 2024/04/29, 22:29:10.192, 376192065391, vstest.console.dll, MulticastDelegateUtilities.SafeInvoke: InternalTestLoggerEvents.SendTestRunComplete: Invoking callback 1/2 for Microsoft.TestPlatform.Extensions.BlameDataCollector.BlameLogger., took 0 ms.
TpTrace Verbose: 0 : 21112, 4, 2024/04/29, 22:29:10.198, 376192120844, vstest.console.dll, MulticastDelegateUtilities.SafeInvoke: InternalTestLoggerEvents.SendTestRunComplete: Invoking callback 2/2 for Microsoft.VisualStudio.TestPlatform.CommandLine.Internal.ConsoleLogger., took 5 ms.
TpTrace Verbose: 0 : 21112, 7, 2024/04/29, 22:29:10.198, 376192124761, vstest.console.dll, TestRunRequest:TestRunComplete: Starting. IsAborted:False IsCanceled:False.
TpTrace Verbose: 0 : 21112, 7, 2024/04/29, 22:29:10.198, 376192126659, vstest.console.dll, ParallelOperationManager.DoActionOnAllManagers: Calling an action on all managers.
TpTrace Verbose: 0 : 21112, 7, 2024/04/29, 22:29:10.200, 376192136903, vstest.console.dll, TestLoggerManager.HandleTestRunComplete: Ignoring as the object is disposed.
TpTrace Verbose: 0 : 21112, 7, 2024/04/29, 22:29:10.200, 376192140198, vstest.console.dll, MulticastDelegateUtilities.SafeInvoke: TestRun.TestRunComplete: Invoking callback 1/2 for Microsoft.VisualStudio.TestPlatform.CommandLine.TestRunResultAggregator., took 0 ms.
TpTrace Verbose: 0 : 21112, 7, 2024/04/29, 22:29:10.200, 376192141812, vstest.console.dll, MulticastDelegateUtilities.SafeInvoke: TestRun.TestRunComplete: Invoking callback 2/2 for Microsoft.VisualStudio.TestPlatform.CommandLine.Processors.RunTestsArgumentExecutor+TestRunRequestEventsRegistrar., took 0 ms.
TpTrace Information: 0 : 21112, 7, 2024/04/29, 22:29:10.200, 376192142991, vstest.console.dll, TestRunRequest:TestRunComplete: Completed.
TpTrace Verbose: 0 : 21112, 7, 2024/04/29, 22:29:10.200, 376192143418, vstest.console.dll, TestRequestSender.SetOperationComplete: Setting operation complete.
TpTrace Verbose: 0 : 21112, 1, 2024/04/29, 22:29:10.200, 376192143373, vstest.console.dll, TestRunRequest.Dispose: Starting.
TpTrace Information: 0 : 21112, 1, 2024/04/29, 22:29:10.200, 376192144321, vstest.console.dll, TestRunRequest.Dispose: Completed.
TpTrace Information: 0 : 21112, 7, 2024/04/29, 22:29:10.200, 376192143714, vstest.console.dll, SocketServer.Stop: Stop server endPoint: 127.0.0.1:63725
TpTrace Information: 0 : 21112, 7, 2024/04/29, 22:29:10.200, 376192145267, vstest.console.dll, SocketServer.Stop: Cancellation requested. Stopping message loop.
TpTrace Information: 0 : 21112, 1, 2024/04/29, 22:29:10.200, 376192145442, vstest.console.dll, TestRequestManager.RunTests: run tests completed.
TpTrace Verbose: 0 : 21112, 7, 2024/04/29, 22:29:10.200, 376192146442, vstest.console.dll, MulticastDelegateUtilities.SafeInvoke: LengthPrefixCommunicationChannel: MessageReceived: Invoking callback 1/1 for Microsoft.VisualStudio.TestPlatform.CommunicationUtilities.TestRequestSender+<>c__DisplayClass34_0., took 141 ms.
TpTrace Information: 0 : 21112, 1, 2024/04/29, 22:29:10.201, 376192146989, vstest.console.dll, RunTestsArgumentProcessor:Execute: Test run is completed.
TpTrace Information: 0 : 21112, 7, 2024/04/29, 22:29:10.201, 376192147047, vstest.console.dll, SocketServer.PrivateStop: Stopping server endPoint: 127.0.0.1:63725 error: 
TpTrace Verbose: 0 : 21112, 1, 2024/04/29, 22:29:10.201, 376192148683, vstest.console.dll, Executor.Execute: Exiting with exit code of 0
TpTrace Verbose: 0 : 21112, 7, 2024/04/29, 22:29:10.201, 376192151284, vstest.console.dll, LengthPrefixCommunicationChannel.Dispose: Dispose reader and writer.
TpTrace Information: 0 : 21112, 7, 2024/04/29, 22:29:10.201, 376192153303, vstest.console.dll, SocketServer.Stop: Raise disconnected event endPoint: 127.0.0.1:63725 error: 
TpTrace Verbose: 0 : 21112, 7, 2024/04/29, 22:29:10.201, 376192154718, vstest.console.dll, TestRequestSender: OnTestRunAbort: Operation is already complete. Skip error message.
TpTrace Verbose: 0 : 21112, 7, 2024/04/29, 22:29:10.201, 376192155161, vstest.console.dll, MulticastDelegateUtilities.SafeInvoke: SocketServer: ClientDisconnected: Invoking callback 1/1 for Microsoft.VisualStudio.TestPlatform.CommunicationUtilities.TestRequestSender., took 0 ms.
TpTrace Verbose: 0 : 21112, 7, 2024/04/29, 22:29:10.201, 376192155465, vstest.console.dll, TcpClientExtensions.MessageLoopAsync: exiting MessageLoopAsync remoteEndPoint: 127.0.0.1:63726 localEndPoint: 127.0.0.1:63725
